2022-10-19 16:35:12,367 INFO impl.MetricsConfig: Loaded properties from hadoop-metrics2.properties
2022-10-19 16:35:12,439 INFO impl.MetricsSystemImpl: Scheduled Metric snapshot period at 10 second(s).
2022-10-19 16:35:12,439 INFO impl.MetricsSystemImpl: JobTracker metrics system started
2022-10-19 16:35:12,469 WARN impl.MetricsSystemImpl: JobTracker metrics system already initialized!
2022-10-19 16:35:12,592 INFO mapred.FileInputFormat: Total input files to process : 1
2022-10-19 16:35:12,603 INFO mapreduce.JobSubmitter: number of splits:15
2022-10-19 16:35:12,718 INFO mapreduce.JobSubmitter: Submitting tokens for job: job_local1422069034_0001
2022-10-19 16:35:12,718 INFO mapreduce.JobSubmitter: Executing with tokens: []
2022-10-19 16:35:12,933 INFO mapred.LocalDistributedCacheManager: Localized file:/home/fs70824/trainee20/hadoop_training/MapReduce/mapper.py as file:/local/hadoop-$USER/mapred/local/job_local1422069034_0001_65327b9a-0b4d-47b3-ae3f-11abef07ea66/mapper.py
2022-10-19 16:35:12,953 INFO mapred.LocalDistributedCacheManager: Localized file:/home/fs70824/trainee20/hadoop_training/MapReduce/reducer.py as file:/local/hadoop-$USER/mapred/local/job_local1422069034_0001_9407a810-4e8f-4311-a1f4-c59a6f2421ba/reducer.py
2022-10-19 16:35:12,993 INFO mapreduce.Job: The url to track the job: http://localhost:8080/
2022-10-19 16:35:12,995 INFO mapred.LocalJobRunner: OutputCommitter set in config null
2022-10-19 16:35:12,996 INFO mapreduce.Job: Running job: job_local1422069034_0001
2022-10-19 16:35:12,998 INFO mapred.LocalJobRunner: OutputCommitter is org.apache.hadoop.mapred.FileOutputCommitter
2022-10-19 16:35:13,001 INFO output.FileOutputCommitter: File Output Committer Algorithm version is 2
2022-10-19 16:35:13,001 INFO output.FileOutputCommitter: FileOutputCommitter skip cleanup _temporary folders under output directory:false, ignore cleanup failures: false
2022-10-19 16:35:13,042 INFO mapred.LocalJobRunner: Waiting for map tasks
2022-10-19 16:35:13,044 INFO mapred.LocalJobRunner: Starting task: attempt_local1422069034_0001_m_000000_0
2022-10-19 16:35:13,065 INFO output.FileOutputCommitter: File Output Committer Algorithm version is 2
2022-10-19 16:35:13,066 INFO output.FileOutputCommitter: FileOutputCommitter skip cleanup _temporary folders under output directory:false, ignore cleanup failures: false
2022-10-19 16:35:13,085 INFO mapred.Task:  Using ResourceCalculatorProcessTree : [ ]
2022-10-19 16:35:13,091 INFO mapred.MapTask: Processing split: file:/home/fs70824/training/hadoop_training_data/consumer_data.csv:0+33554432
2022-10-19 16:35:13,102 INFO mapred.MapTask: numReduceTasks: 1
2022-10-19 16:35:13,135 INFO mapred.MapTask: (EQUATOR) 0 kvi 26214396(104857584)
2022-10-19 16:35:13,135 INFO mapred.MapTask: mapreduce.task.io.sort.mb: 100
2022-10-19 16:35:13,135 INFO mapred.MapTask: soft limit at 83886080
2022-10-19 16:35:13,135 INFO mapred.MapTask: bufstart = 0; bufvoid = 104857600
2022-10-19 16:35:13,135 INFO mapred.MapTask: kvstart = 26214396; length = 6553600
2022-10-19 16:35:13,138 INFO mapred.MapTask: Map output collector class = org.apache.hadoop.mapred.MapTask$MapOutputBuffer
2022-10-19 16:35:13,151 INFO streaming.PipeMapRed: PipeMapRed exec [/home/fs70824/trainee20/hadoop_training/MapReduce/./mapper.py]
2022-10-19 16:35:13,154 INFO Configuration.deprecation: mapred.work.output.dir is deprecated. Instead, use mapreduce.task.output.dir
2022-10-19 16:35:13,155 INFO Configuration.deprecation: mapred.local.dir is deprecated. Instead, use mapreduce.cluster.local.dir
2022-10-19 16:35:13,155 INFO Configuration.deprecation: map.input.file is deprecated. Instead, use mapreduce.map.input.file
2022-10-19 16:35:13,155 INFO Configuration.deprecation: map.input.length is deprecated. Instead, use mapreduce.map.input.length
2022-10-19 16:35:13,155 INFO Configuration.deprecation: mapred.job.id is deprecated. Instead, use mapreduce.job.id
2022-10-19 16:35:13,156 INFO Configuration.deprecation: mapred.task.partition is deprecated. Instead, use mapreduce.task.partition
2022-10-19 16:35:13,157 INFO Configuration.deprecation: map.input.start is deprecated. Instead, use mapreduce.map.input.start
2022-10-19 16:35:13,158 INFO Configuration.deprecation: mapred.task.is.map is deprecated. Instead, use mapreduce.task.ismap
2022-10-19 16:35:13,158 INFO Configuration.deprecation: mapred.task.id is deprecated. Instead, use mapreduce.task.attempt.id
2022-10-19 16:35:13,158 INFO Configuration.deprecation: mapred.tip.id is deprecated. Instead, use mapreduce.task.id
2022-10-19 16:35:13,158 INFO Configuration.deprecation: mapred.skip.on is deprecated. Instead, use mapreduce.job.skiprecords
2022-10-19 16:35:13,158 INFO Configuration.deprecation: user.name is deprecated. Instead, use mapreduce.job.user.name
2022-10-19 16:35:13,174 INFO streaming.PipeMapRed: R/W/S=1/0/0 in:NA [rec/s] out:NA [rec/s]
2022-10-19 16:35:13,174 INFO streaming.PipeMapRed: R/W/S=10/0/0 in:NA [rec/s] out:NA [rec/s]
2022-10-19 16:35:13,175 INFO streaming.PipeMapRed: R/W/S=100/0/0 in:NA [rec/s] out:NA [rec/s]
2022-10-19 16:35:13,281 INFO streaming.PipeMapRed: R/W/S=1000/0/0 in:NA [rec/s] out:NA [rec/s]
2022-10-19 16:35:13,282 INFO streaming.PipeMapRed: Records R/W=1090/1
2022-10-19 16:35:13,321 INFO streaming.PipeMapRed: R/W/S=10000/9096/0 in:NA [rec/s] out:NA [rec/s]
2022-10-19 16:35:13,503 INFO streaming.PipeMapRed: R/W/S=100000/98967/0 in:NA [rec/s] out:NA [rec/s]
2022-10-19 16:35:13,704 INFO streaming.PipeMapRed: R/W/S=200000/198927/0 in:NA [rec/s] out:NA [rec/s]
2022-10-19 16:35:13,717 INFO streaming.PipeMapRed: MRErrorThread done
2022-10-19 16:35:13,718 INFO streaming.PipeMapRed: mapRedFinished
2022-10-19 16:35:13,721 INFO mapred.LocalJobRunner: 
2022-10-19 16:35:13,721 INFO mapred.MapTask: Starting flush of map output
2022-10-19 16:35:13,721 INFO mapred.MapTask: Spilling map output
2022-10-19 16:35:13,721 INFO mapred.MapTask: bufstart = 0; bufend = 4687156; bufvoid = 104857600
2022-10-19 16:35:13,721 INFO mapred.MapTask: kvstart = 26214396(104857584); kvend = 25399532(101598128); length = 814865/6553600
2022-10-19 16:35:13,942 INFO mapred.MapTask: Finished spill 0
2022-10-19 16:35:13,950 INFO mapred.Task: Task:attempt_local1422069034_0001_m_000000_0 is done. And is in the process of committing
2022-10-19 16:35:13,952 INFO mapred.LocalJobRunner: Records R/W=1090/1
2022-10-19 16:35:13,952 INFO mapred.Task: Task 'attempt_local1422069034_0001_m_000000_0' done.
2022-10-19 16:35:13,958 INFO mapred.Task: Final Counters for attempt_local1422069034_0001_m_000000_0: Counters: 17
	File System Counters
		FILE: Number of bytes read=33703926
		FILE: Number of bytes written=5891099
		FILE: Number of read operations=0
		FILE: Number of large read operations=0
		FILE: Number of write operations=0
	Map-Reduce Framework
		Map input records=203717
		Map output records=203717
		Map output bytes=4687156
		Map output materialized bytes=5094596
		Input split bytes=118
		Combine input records=0
		Spilled Records=203717
		Failed Shuffles=0
		Merged Map outputs=0
		GC time elapsed (ms)=2
		Total committed heap usage (bytes)=1581252608
	File Input Format Counters 
		Bytes Read=33558528
2022-10-19 16:35:13,958 INFO mapred.LocalJobRunner: Finishing task: attempt_local1422069034_0001_m_000000_0
2022-10-19 16:35:13,958 INFO mapred.LocalJobRunner: Starting task: attempt_local1422069034_0001_m_000001_0
2022-10-19 16:35:13,959 INFO output.FileOutputCommitter: File Output Committer Algorithm version is 2
2022-10-19 16:35:13,959 INFO output.FileOutputCommitter: FileOutputCommitter skip cleanup _temporary folders under output directory:false, ignore cleanup failures: false
2022-10-19 16:35:13,959 INFO mapred.Task:  Using ResourceCalculatorProcessTree : [ ]
2022-10-19 16:35:13,960 INFO mapred.MapTask: Processing split: file:/home/fs70824/training/hadoop_training_data/consumer_data.csv:33554432+33554432
2022-10-19 16:35:13,963 INFO mapred.MapTask: numReduceTasks: 1
2022-10-19 16:35:13,991 INFO mapred.MapTask: (EQUATOR) 0 kvi 26214396(104857584)
2022-10-19 16:35:13,991 INFO mapred.MapTask: mapreduce.task.io.sort.mb: 100
2022-10-19 16:35:13,991 INFO mapred.MapTask: soft limit at 83886080
2022-10-19 16:35:13,991 INFO mapred.MapTask: bufstart = 0; bufvoid = 104857600
2022-10-19 16:35:13,991 INFO mapred.MapTask: kvstart = 26214396; length = 6553600
2022-10-19 16:35:13,992 INFO mapred.MapTask: Map output collector class = org.apache.hadoop.mapred.MapTask$MapOutputBuffer
2022-10-19 16:35:13,997 INFO streaming.PipeMapRed: PipeMapRed exec [/home/fs70824/trainee20/hadoop_training/MapReduce/./mapper.py]
2022-10-19 16:35:14,000 INFO mapreduce.Job: Job job_local1422069034_0001 running in uber mode : false
2022-10-19 16:35:14,003 INFO mapreduce.Job:  map 100% reduce 0%
2022-10-19 16:35:14,005 INFO streaming.PipeMapRed: R/W/S=1/0/0 in:NA [rec/s] out:NA [rec/s]
2022-10-19 16:35:14,005 INFO streaming.PipeMapRed: R/W/S=10/0/0 in:NA [rec/s] out:NA [rec/s]
2022-10-19 16:35:14,006 INFO streaming.PipeMapRed: R/W/S=100/0/0 in:NA [rec/s] out:NA [rec/s]
2022-10-19 16:35:14,037 INFO streaming.PipeMapRed: Records R/W=877/1
2022-10-19 16:35:14,037 INFO streaming.PipeMapRed: R/W/S=1000/49/0 in:NA [rec/s] out:NA [rec/s]
2022-10-19 16:35:14,080 INFO streaming.PipeMapRed: R/W/S=10000/9020/0 in:NA [rec/s] out:NA [rec/s]
2022-10-19 16:35:14,283 INFO streaming.PipeMapRed: R/W/S=100000/98975/0 in:NA [rec/s] out:NA [rec/s]
2022-10-19 16:35:14,478 INFO streaming.PipeMapRed: R/W/S=200000/198679/0 in:NA [rec/s] out:NA [rec/s]
2022-10-19 16:35:14,497 INFO streaming.PipeMapRed: MRErrorThread done
2022-10-19 16:35:14,498 INFO streaming.PipeMapRed: mapRedFinished
2022-10-19 16:35:14,498 INFO mapred.LocalJobRunner: 
2022-10-19 16:35:14,499 INFO mapred.MapTask: Starting flush of map output
2022-10-19 16:35:14,499 INFO mapred.MapTask: Spilling map output
2022-10-19 16:35:14,499 INFO mapred.MapTask: bufstart = 0; bufend = 4763983; bufvoid = 104857600
2022-10-19 16:35:14,499 INFO mapred.MapTask: kvstart = 26214396(104857584); kvend = 25387192(101548768); length = 827205/6553600
2022-10-19 16:35:14,676 INFO mapred.MapTask: Finished spill 0
2022-10-19 16:35:14,677 INFO mapred.Task: Task:attempt_local1422069034_0001_m_000001_0 is done. And is in the process of committing
2022-10-19 16:35:14,679 INFO mapred.LocalJobRunner: Records R/W=877/1
2022-10-19 16:35:14,679 INFO mapred.Task: Task 'attempt_local1422069034_0001_m_000001_0' done.
2022-10-19 16:35:14,679 INFO mapred.Task: Final Counters for attempt_local1422069034_0001_m_000001_0: Counters: 17
	File System Counters
		FILE: Number of bytes read=67264255
		FILE: Number of bytes written=11068724
		FILE: Number of read operations=0
		FILE: Number of large read operations=0
		FILE: Number of write operations=0
	Map-Reduce Framework
		Map input records=206802
		Map output records=206802
		Map output bytes=4763983
		Map output materialized bytes=5177593
		Input split bytes=118
		Combine input records=0
		Spilled Records=206802
		Failed Shuffles=0
		Merged Map outputs=0
		GC time elapsed (ms)=0
		Total committed heap usage (bytes)=1581252608
	File Input Format Counters 
		Bytes Read=33558528
2022-10-19 16:35:14,679 INFO mapred.LocalJobRunner: Finishing task: attempt_local1422069034_0001_m_000001_0
2022-10-19 16:35:14,679 INFO mapred.LocalJobRunner: Starting task: attempt_local1422069034_0001_m_000002_0
2022-10-19 16:35:14,681 INFO output.FileOutputCommitter: File Output Committer Algorithm version is 2
2022-10-19 16:35:14,681 INFO output.FileOutputCommitter: FileOutputCommitter skip cleanup _temporary folders under output directory:false, ignore cleanup failures: false
2022-10-19 16:35:14,681 INFO mapred.Task:  Using ResourceCalculatorProcessTree : [ ]
2022-10-19 16:35:14,682 INFO mapred.MapTask: Processing split: file:/home/fs70824/training/hadoop_training_data/consumer_data.csv:67108864+33554432
2022-10-19 16:35:14,684 INFO mapred.MapTask: numReduceTasks: 1
2022-10-19 16:35:14,712 INFO mapred.MapTask: (EQUATOR) 0 kvi 26214396(104857584)
2022-10-19 16:35:14,712 INFO mapred.MapTask: mapreduce.task.io.sort.mb: 100
2022-10-19 16:35:14,712 INFO mapred.MapTask: soft limit at 83886080
2022-10-19 16:35:14,712 INFO mapred.MapTask: bufstart = 0; bufvoid = 104857600
2022-10-19 16:35:14,712 INFO mapred.MapTask: kvstart = 26214396; length = 6553600
2022-10-19 16:35:14,713 INFO mapred.MapTask: Map output collector class = org.apache.hadoop.mapred.MapTask$MapOutputBuffer
2022-10-19 16:35:14,718 INFO streaming.PipeMapRed: PipeMapRed exec [/home/fs70824/trainee20/hadoop_training/MapReduce/./mapper.py]
2022-10-19 16:35:14,724 INFO streaming.PipeMapRed: R/W/S=1/0/0 in:NA [rec/s] out:NA [rec/s]
2022-10-19 16:35:14,725 INFO streaming.PipeMapRed: R/W/S=10/0/0 in:NA [rec/s] out:NA [rec/s]
2022-10-19 16:35:14,725 INFO streaming.PipeMapRed: R/W/S=100/0/0 in:NA [rec/s] out:NA [rec/s]
2022-10-19 16:35:14,751 INFO streaming.PipeMapRed: R/W/S=1000/1/0 in:NA [rec/s] out:NA [rec/s]
2022-10-19 16:35:14,751 INFO streaming.PipeMapRed: Records R/W=990/1
2022-10-19 16:35:14,769 INFO streaming.PipeMapRed: R/W/S=10000/8885/0 in:NA [rec/s] out:NA [rec/s]
2022-10-19 16:35:14,948 INFO streaming.PipeMapRed: R/W/S=100000/99171/0 in:NA [rec/s] out:NA [rec/s]
2022-10-19 16:35:15,149 INFO streaming.PipeMapRed: R/W/S=200000/199180/0 in:NA [rec/s] out:NA [rec/s]
2022-10-19 16:35:15,161 INFO streaming.PipeMapRed: MRErrorThread done
2022-10-19 16:35:15,162 INFO streaming.PipeMapRed: mapRedFinished
2022-10-19 16:35:15,162 INFO mapred.LocalJobRunner: 
2022-10-19 16:35:15,162 INFO mapred.MapTask: Starting flush of map output
2022-10-19 16:35:15,162 INFO mapred.MapTask: Spilling map output
2022-10-19 16:35:15,162 INFO mapred.MapTask: bufstart = 0; bufend = 4692792; bufvoid = 104857600
2022-10-19 16:35:15,162 INFO mapred.MapTask: kvstart = 26214396(104857584); kvend = 25399180(101596720); length = 815217/6553600
2022-10-19 16:35:15,329 INFO mapred.MapTask: Finished spill 0
2022-10-19 16:35:15,331 INFO mapred.Task: Task:attempt_local1422069034_0001_m_000002_0 is done. And is in the process of committing
2022-10-19 16:35:15,332 INFO mapred.LocalJobRunner: Records R/W=990/1
2022-10-19 16:35:15,332 INFO mapred.Task: Task 'attempt_local1422069034_0001_m_000002_0' done.
2022-10-19 16:35:15,332 INFO mapred.Task: Final Counters for attempt_local1422069034_0001_m_000002_0: Counters: 17
	File System Counters
		FILE: Number of bytes read=100824584
		FILE: Number of bytes written=16169164
		FILE: Number of read operations=0
		FILE: Number of large read operations=0
		FILE: Number of write operations=0
	Map-Reduce Framework
		Map input records=203805
		Map output records=203805
		Map output bytes=4692792
		Map output materialized bytes=5100408
		Input split bytes=118
		Combine input records=0
		Spilled Records=203805
		Failed Shuffles=0
		Merged Map outputs=0
		GC time elapsed (ms)=0
		Total committed heap usage (bytes)=1581252608
	File Input Format Counters 
		Bytes Read=33558528
2022-10-19 16:35:15,332 INFO mapred.LocalJobRunner: Finishing task: attempt_local1422069034_0001_m_000002_0
2022-10-19 16:35:15,333 INFO mapred.LocalJobRunner: Starting task: attempt_local1422069034_0001_m_000003_0
2022-10-19 16:35:15,334 INFO output.FileOutputCommitter: File Output Committer Algorithm version is 2
2022-10-19 16:35:15,334 INFO output.FileOutputCommitter: FileOutputCommitter skip cleanup _temporary folders under output directory:false, ignore cleanup failures: false
2022-10-19 16:35:15,334 INFO mapred.Task:  Using ResourceCalculatorProcessTree : [ ]
2022-10-19 16:35:15,334 INFO mapred.MapTask: Processing split: file:/home/fs70824/training/hadoop_training_data/consumer_data.csv:100663296+33554432
2022-10-19 16:35:15,337 INFO mapred.MapTask: numReduceTasks: 1
2022-10-19 16:35:15,365 INFO mapred.MapTask: (EQUATOR) 0 kvi 26214396(104857584)
2022-10-19 16:35:15,365 INFO mapred.MapTask: mapreduce.task.io.sort.mb: 100
2022-10-19 16:35:15,365 INFO mapred.MapTask: soft limit at 83886080
2022-10-19 16:35:15,365 INFO mapred.MapTask: bufstart = 0; bufvoid = 104857600
2022-10-19 16:35:15,365 INFO mapred.MapTask: kvstart = 26214396; length = 6553600
2022-10-19 16:35:15,366 INFO mapred.MapTask: Map output collector class = org.apache.hadoop.mapred.MapTask$MapOutputBuffer
2022-10-19 16:35:15,370 INFO streaming.PipeMapRed: PipeMapRed exec [/home/fs70824/trainee20/hadoop_training/MapReduce/./mapper.py]
2022-10-19 16:35:15,377 INFO streaming.PipeMapRed: R/W/S=1/0/0 in:NA [rec/s] out:NA [rec/s]
2022-10-19 16:35:15,377 INFO streaming.PipeMapRed: R/W/S=10/0/0 in:NA [rec/s] out:NA [rec/s]
2022-10-19 16:35:15,380 INFO streaming.PipeMapRed: R/W/S=100/0/0 in:NA [rec/s] out:NA [rec/s]
2022-10-19 16:35:15,405 INFO streaming.PipeMapRed: R/W/S=1000/0/0 in:NA [rec/s] out:NA [rec/s]
2022-10-19 16:35:15,405 INFO streaming.PipeMapRed: Records R/W=1000/1
2022-10-19 16:35:15,423 INFO streaming.PipeMapRed: R/W/S=10000/9264/0 in:NA [rec/s] out:NA [rec/s]
2022-10-19 16:35:15,602 INFO streaming.PipeMapRed: R/W/S=100000/99199/0 in:NA [rec/s] out:NA [rec/s]
2022-10-19 16:35:15,803 INFO streaming.PipeMapRed: R/W/S=200000/199079/0 in:NA [rec/s] out:NA [rec/s]
2022-10-19 16:35:15,817 INFO streaming.PipeMapRed: MRErrorThread done
2022-10-19 16:35:15,818 INFO streaming.PipeMapRed: mapRedFinished
2022-10-19 16:35:15,819 INFO mapred.LocalJobRunner: 
2022-10-19 16:35:15,819 INFO mapred.MapTask: Starting flush of map output
2022-10-19 16:35:15,819 INFO mapred.MapTask: Spilling map output
2022-10-19 16:35:15,819 INFO mapred.MapTask: bufstart = 0; bufend = 4729115; bufvoid = 104857600
2022-10-19 16:35:15,819 INFO mapred.MapTask: kvstart = 26214396(104857584); kvend = 25399388(101597552); length = 815009/6553600
2022-10-19 16:35:15,976 INFO mapred.MapTask: Finished spill 0
2022-10-19 16:35:15,979 INFO mapred.Task: Task:attempt_local1422069034_0001_m_000003_0 is done. And is in the process of committing
2022-10-19 16:35:15,980 INFO mapred.LocalJobRunner: Records R/W=1000/1
2022-10-19 16:35:15,981 INFO mapred.Task: Task 'attempt_local1422069034_0001_m_000003_0' done.
2022-10-19 16:35:15,981 INFO mapred.Task: Final Counters for attempt_local1422069034_0001_m_000003_0: Counters: 17
	File System Counters
		FILE: Number of bytes read=134384913
		FILE: Number of bytes written=21305823
		FILE: Number of read operations=0
		FILE: Number of large read operations=0
		FILE: Number of write operations=0
	Map-Reduce Framework
		Map input records=203753
		Map output records=203753
		Map output bytes=4729115
		Map output materialized bytes=5136627
		Input split bytes=118
		Combine input records=0
		Spilled Records=203753
		Failed Shuffles=0
		Merged Map outputs=0
		GC time elapsed (ms)=3
		Total committed heap usage (bytes)=1581252608
	File Input Format Counters 
		Bytes Read=33558528
2022-10-19 16:35:15,981 INFO mapred.LocalJobRunner: Finishing task: attempt_local1422069034_0001_m_000003_0
2022-10-19 16:35:15,981 INFO mapred.LocalJobRunner: Starting task: attempt_local1422069034_0001_m_000004_0
2022-10-19 16:35:15,984 INFO output.FileOutputCommitter: File Output Committer Algorithm version is 2
2022-10-19 16:35:15,984 INFO output.FileOutputCommitter: FileOutputCommitter skip cleanup _temporary folders under output directory:false, ignore cleanup failures: false
2022-10-19 16:35:15,984 INFO mapred.Task:  Using ResourceCalculatorProcessTree : [ ]
2022-10-19 16:35:15,985 INFO mapred.MapTask: Processing split: file:/home/fs70824/training/hadoop_training_data/consumer_data.csv:134217728+33554432
2022-10-19 16:35:15,989 INFO mapred.MapTask: numReduceTasks: 1
2022-10-19 16:35:16,020 INFO mapred.MapTask: (EQUATOR) 0 kvi 26214396(104857584)
2022-10-19 16:35:16,021 INFO mapred.MapTask: mapreduce.task.io.sort.mb: 100
2022-10-19 16:35:16,021 INFO mapred.MapTask: soft limit at 83886080
2022-10-19 16:35:16,021 INFO mapred.MapTask: bufstart = 0; bufvoid = 104857600
2022-10-19 16:35:16,021 INFO mapred.MapTask: kvstart = 26214396; length = 6553600
2022-10-19 16:35:16,021 INFO mapred.MapTask: Map output collector class = org.apache.hadoop.mapred.MapTask$MapOutputBuffer
2022-10-19 16:35:16,028 INFO streaming.PipeMapRed: PipeMapRed exec [/home/fs70824/trainee20/hadoop_training/MapReduce/./mapper.py]
2022-10-19 16:35:16,036 INFO streaming.PipeMapRed: R/W/S=1/0/0 in:NA [rec/s] out:NA [rec/s]
2022-10-19 16:35:16,036 INFO streaming.PipeMapRed: R/W/S=10/0/0 in:NA [rec/s] out:NA [rec/s]
2022-10-19 16:35:16,036 INFO streaming.PipeMapRed: R/W/S=100/0/0 in:NA [rec/s] out:NA [rec/s]
2022-10-19 16:35:16,062 INFO streaming.PipeMapRed: R/W/S=1000/0/0 in:NA [rec/s] out:NA [rec/s]
2022-10-19 16:35:16,062 INFO streaming.PipeMapRed: Records R/W=1000/1
2022-10-19 16:35:16,080 INFO streaming.PipeMapRed: R/W/S=10000/9150/0 in:NA [rec/s] out:NA [rec/s]
2022-10-19 16:35:16,260 INFO streaming.PipeMapRed: R/W/S=100000/99100/0 in:NA [rec/s] out:NA [rec/s]
2022-10-19 16:35:16,460 INFO streaming.PipeMapRed: R/W/S=200000/199142/0 in:NA [rec/s] out:NA [rec/s]
2022-10-19 16:35:16,488 INFO streaming.PipeMapRed: MRErrorThread done
2022-10-19 16:35:16,488 INFO streaming.PipeMapRed: mapRedFinished
2022-10-19 16:35:16,489 INFO mapred.LocalJobRunner: 
2022-10-19 16:35:16,489 INFO mapred.MapTask: Starting flush of map output
2022-10-19 16:35:16,489 INFO mapred.MapTask: Spilling map output
2022-10-19 16:35:16,489 INFO mapred.MapTask: bufstart = 0; bufend = 4900772; bufvoid = 104857600
2022-10-19 16:35:16,489 INFO mapred.MapTask: kvstart = 26214396(104857584); kvend = 25372052(101488208); length = 842345/6553600
2022-10-19 16:35:16,657 INFO mapred.MapTask: Finished spill 0
2022-10-19 16:35:16,659 INFO mapred.Task: Task:attempt_local1422069034_0001_m_000004_0 is done. And is in the process of committing
2022-10-19 16:35:16,660 INFO mapred.LocalJobRunner: Records R/W=1000/1
2022-10-19 16:35:16,660 INFO mapred.Task: Task 'attempt_local1422069034_0001_m_000004_0' done.
2022-10-19 16:35:16,660 INFO mapred.Task: Final Counters for attempt_local1422069034_0001_m_000004_0: Counters: 17
	File System Counters
		FILE: Number of bytes read=167945242
		FILE: Number of bytes written=26627807
		FILE: Number of read operations=0
		FILE: Number of large read operations=0
		FILE: Number of write operations=0
	Map-Reduce Framework
		Map input records=210587
		Map output records=210587
		Map output bytes=4900772
		Map output materialized bytes=5321952
		Input split bytes=118
		Combine input records=0
		Spilled Records=210587
		Failed Shuffles=0
		Merged Map outputs=0
		GC time elapsed (ms)=0
		Total committed heap usage (bytes)=1581252608
	File Input Format Counters 
		Bytes Read=33558528
2022-10-19 16:35:16,660 INFO mapred.LocalJobRunner: Finishing task: attempt_local1422069034_0001_m_000004_0
2022-10-19 16:35:16,660 INFO mapred.LocalJobRunner: Starting task: attempt_local1422069034_0001_m_000005_0
2022-10-19 16:35:16,662 INFO output.FileOutputCommitter: File Output Committer Algorithm version is 2
2022-10-19 16:35:16,662 INFO output.FileOutputCommitter: FileOutputCommitter skip cleanup _temporary folders under output directory:false, ignore cleanup failures: false
2022-10-19 16:35:16,662 INFO mapred.Task:  Using ResourceCalculatorProcessTree : [ ]
2022-10-19 16:35:16,664 INFO mapred.MapTask: Processing split: file:/home/fs70824/training/hadoop_training_data/consumer_data.csv:167772160+33554432
2022-10-19 16:35:16,666 INFO mapred.MapTask: numReduceTasks: 1
2022-10-19 16:35:16,685 INFO mapred.MapTask: (EQUATOR) 0 kvi 26214396(104857584)
2022-10-19 16:35:16,685 INFO mapred.MapTask: mapreduce.task.io.sort.mb: 100
2022-10-19 16:35:16,685 INFO mapred.MapTask: soft limit at 83886080
2022-10-19 16:35:16,685 INFO mapred.MapTask: bufstart = 0; bufvoid = 104857600
2022-10-19 16:35:16,685 INFO mapred.MapTask: kvstart = 26214396; length = 6553600
2022-10-19 16:35:16,686 INFO mapred.MapTask: Map output collector class = org.apache.hadoop.mapred.MapTask$MapOutputBuffer
2022-10-19 16:35:16,690 INFO streaming.PipeMapRed: PipeMapRed exec [/home/fs70824/trainee20/hadoop_training/MapReduce/./mapper.py]
2022-10-19 16:35:16,697 INFO streaming.PipeMapRed: R/W/S=1/0/0 in:NA [rec/s] out:NA [rec/s]
2022-10-19 16:35:16,697 INFO streaming.PipeMapRed: R/W/S=10/0/0 in:NA [rec/s] out:NA [rec/s]
2022-10-19 16:35:16,697 INFO streaming.PipeMapRed: R/W/S=100/0/0 in:NA [rec/s] out:NA [rec/s]
2022-10-19 16:35:16,723 INFO streaming.PipeMapRed: R/W/S=1000/1/0 in:NA [rec/s] out:NA [rec/s]
2022-10-19 16:35:16,724 INFO streaming.PipeMapRed: Records R/W=900/1
2022-10-19 16:35:16,742 INFO streaming.PipeMapRed: R/W/S=10000/9173/0 in:NA [rec/s] out:NA [rec/s]
2022-10-19 16:35:16,921 INFO streaming.PipeMapRed: R/W/S=100000/99310/0 in:NA [rec/s] out:NA [rec/s]
2022-10-19 16:35:17,121 INFO streaming.PipeMapRed: R/W/S=200000/198902/0 in:NA [rec/s] out:NA [rec/s]
2022-10-19 16:35:17,139 INFO streaming.PipeMapRed: MRErrorThread done
2022-10-19 16:35:17,139 INFO streaming.PipeMapRed: mapRedFinished
2022-10-19 16:35:17,140 INFO mapred.LocalJobRunner: 
2022-10-19 16:35:17,140 INFO mapred.MapTask: Starting flush of map output
2022-10-19 16:35:17,140 INFO mapred.MapTask: Spilling map output
2022-10-19 16:35:17,140 INFO mapred.MapTask: bufstart = 0; bufend = 4791414; bufvoid = 104857600
2022-10-19 16:35:17,140 INFO mapred.MapTask: kvstart = 26214396(104857584); kvend = 25388916(101555664); length = 825481/6553600
2022-10-19 16:35:17,293 INFO mapred.MapTask: Finished spill 0
2022-10-19 16:35:17,294 INFO mapred.Task: Task:attempt_local1422069034_0001_m_000005_0 is done. And is in the process of committing
2022-10-19 16:35:17,295 INFO mapred.LocalJobRunner: Records R/W=900/1
2022-10-19 16:35:17,296 INFO mapred.Task: Task 'attempt_local1422069034_0001_m_000005_0' done.
2022-10-19 16:35:17,296 INFO mapred.Task: Final Counters for attempt_local1422069034_0001_m_000005_0: Counters: 17
	File System Counters
		FILE: Number of bytes read=201505059
		FILE: Number of bytes written=31832001
		FILE: Number of read operations=0
		FILE: Number of large read operations=0
		FILE: Number of write operations=0
	Map-Reduce Framework
		Map input records=206371
		Map output records=206371
		Map output bytes=4791414
		Map output materialized bytes=5204162
		Input split bytes=118
		Combine input records=0
		Spilled Records=206371
		Failed Shuffles=0
		Merged Map outputs=0
		GC time elapsed (ms)=0
		Total committed heap usage (bytes)=1581252608
	File Input Format Counters 
		Bytes Read=33558528
2022-10-19 16:35:17,296 INFO mapred.LocalJobRunner: Finishing task: attempt_local1422069034_0001_m_000005_0
2022-10-19 16:35:17,296 INFO mapred.LocalJobRunner: Starting task: attempt_local1422069034_0001_m_000006_0
2022-10-19 16:35:17,297 INFO output.FileOutputCommitter: File Output Committer Algorithm version is 2
2022-10-19 16:35:17,297 INFO output.FileOutputCommitter: FileOutputCommitter skip cleanup _temporary folders under output directory:false, ignore cleanup failures: false
2022-10-19 16:35:17,297 INFO mapred.Task:  Using ResourceCalculatorProcessTree : [ ]
2022-10-19 16:35:17,298 INFO mapred.MapTask: Processing split: file:/home/fs70824/training/hadoop_training_data/consumer_data.csv:201326592+33554432
2022-10-19 16:35:17,300 INFO mapred.MapTask: numReduceTasks: 1
2022-10-19 16:35:17,318 INFO mapred.MapTask: (EQUATOR) 0 kvi 26214396(104857584)
2022-10-19 16:35:17,319 INFO mapred.MapTask: mapreduce.task.io.sort.mb: 100
2022-10-19 16:35:17,319 INFO mapred.MapTask: soft limit at 83886080
2022-10-19 16:35:17,319 INFO mapred.MapTask: bufstart = 0; bufvoid = 104857600
2022-10-19 16:35:17,319 INFO mapred.MapTask: kvstart = 26214396; length = 6553600
2022-10-19 16:35:17,319 INFO mapred.MapTask: Map output collector class = org.apache.hadoop.mapred.MapTask$MapOutputBuffer
2022-10-19 16:35:17,325 INFO streaming.PipeMapRed: PipeMapRed exec [/home/fs70824/trainee20/hadoop_training/MapReduce/./mapper.py]
2022-10-19 16:35:17,331 INFO streaming.PipeMapRed: R/W/S=1/0/0 in:NA [rec/s] out:NA [rec/s]
2022-10-19 16:35:17,331 INFO streaming.PipeMapRed: R/W/S=10/0/0 in:NA [rec/s] out:NA [rec/s]
2022-10-19 16:35:17,331 INFO streaming.PipeMapRed: R/W/S=100/0/0 in:NA [rec/s] out:NA [rec/s]
2022-10-19 16:35:17,358 INFO streaming.PipeMapRed: R/W/S=1000/1/0 in:NA [rec/s] out:NA [rec/s]
2022-10-19 16:35:17,359 INFO streaming.PipeMapRed: Records R/W=875/1
2022-10-19 16:35:17,377 INFO streaming.PipeMapRed: R/W/S=10000/9176/0 in:NA [rec/s] out:NA [rec/s]
2022-10-19 16:35:17,556 INFO streaming.PipeMapRed: R/W/S=100000/98696/0 in:NA [rec/s] out:NA [rec/s]
2022-10-19 16:35:17,756 INFO streaming.PipeMapRed: R/W/S=200000/199242/0 in:NA [rec/s] out:NA [rec/s]
2022-10-19 16:35:17,775 INFO streaming.PipeMapRed: MRErrorThread done
2022-10-19 16:35:17,776 INFO streaming.PipeMapRed: mapRedFinished
2022-10-19 16:35:17,776 INFO mapred.LocalJobRunner: 
2022-10-19 16:35:17,776 INFO mapred.MapTask: Starting flush of map output
2022-10-19 16:35:17,776 INFO mapred.MapTask: Spilling map output
2022-10-19 16:35:17,776 INFO mapred.MapTask: bufstart = 0; bufend = 4827367; bufvoid = 104857600
2022-10-19 16:35:17,777 INFO mapred.MapTask: kvstart = 26214396(104857584); kvend = 25384328(101537312); length = 830069/6553600
2022-10-19 16:35:17,931 INFO mapred.MapTask: Finished spill 0
2022-10-19 16:35:17,932 INFO mapred.Task: Task:attempt_local1422069034_0001_m_000006_0 is done. And is in the process of committing
2022-10-19 16:35:17,933 INFO mapred.LocalJobRunner: Records R/W=875/1
2022-10-19 16:35:17,933 INFO mapred.Task: Task 'attempt_local1422069034_0001_m_000006_0' done.
2022-10-19 16:35:17,934 INFO mapred.Task: Final Counters for attempt_local1422069034_0001_m_000006_0: Counters: 17
	File System Counters
		FILE: Number of bytes read=235064876
		FILE: Number of bytes written=37074442
		FILE: Number of read operations=0
		FILE: Number of large read operations=0
		FILE: Number of write operations=0
	Map-Reduce Framework
		Map input records=207518
		Map output records=207518
		Map output bytes=4827367
		Map output materialized bytes=5242409
		Input split bytes=118
		Combine input records=0
		Spilled Records=207518
		Failed Shuffles=0
		Merged Map outputs=0
		GC time elapsed (ms)=0
		Total committed heap usage (bytes)=1581252608
	File Input Format Counters 
		Bytes Read=33558528
2022-10-19 16:35:17,934 INFO mapred.LocalJobRunner: Finishing task: attempt_local1422069034_0001_m_000006_0
2022-10-19 16:35:17,934 INFO mapred.LocalJobRunner: Starting task: attempt_local1422069034_0001_m_000007_0
2022-10-19 16:35:17,935 INFO output.FileOutputCommitter: File Output Committer Algorithm version is 2
2022-10-19 16:35:17,935 INFO output.FileOutputCommitter: FileOutputCommitter skip cleanup _temporary folders under output directory:false, ignore cleanup failures: false
2022-10-19 16:35:17,935 INFO mapred.Task:  Using ResourceCalculatorProcessTree : [ ]
2022-10-19 16:35:17,936 INFO mapred.MapTask: Processing split: file:/home/fs70824/training/hadoop_training_data/consumer_data.csv:234881024+33554432
2022-10-19 16:35:17,940 INFO mapred.MapTask: numReduceTasks: 1
2022-10-19 16:35:17,969 INFO mapred.MapTask: (EQUATOR) 0 kvi 26214396(104857584)
2022-10-19 16:35:17,969 INFO mapred.MapTask: mapreduce.task.io.sort.mb: 100
2022-10-19 16:35:17,969 INFO mapred.MapTask: soft limit at 83886080
2022-10-19 16:35:17,969 INFO mapred.MapTask: bufstart = 0; bufvoid = 104857600
2022-10-19 16:35:17,969 INFO mapred.MapTask: kvstart = 26214396; length = 6553600
2022-10-19 16:35:17,969 INFO mapred.MapTask: Map output collector class = org.apache.hadoop.mapred.MapTask$MapOutputBuffer
2022-10-19 16:35:17,974 INFO streaming.PipeMapRed: PipeMapRed exec [/home/fs70824/trainee20/hadoop_training/MapReduce/./mapper.py]
2022-10-19 16:35:17,980 INFO streaming.PipeMapRed: R/W/S=1/0/0 in:NA [rec/s] out:NA [rec/s]
2022-10-19 16:35:17,980 INFO streaming.PipeMapRed: R/W/S=10/0/0 in:NA [rec/s] out:NA [rec/s]
2022-10-19 16:35:17,980 INFO streaming.PipeMapRed: R/W/S=100/0/0 in:NA [rec/s] out:NA [rec/s]
2022-10-19 16:35:18,008 INFO streaming.PipeMapRed: R/W/S=1000/1/0 in:NA [rec/s] out:NA [rec/s]
2022-10-19 16:35:18,008 INFO streaming.PipeMapRed: Records R/W=921/1
2022-10-19 16:35:18,025 INFO streaming.PipeMapRed: R/W/S=10000/8864/0 in:NA [rec/s] out:NA [rec/s]
2022-10-19 16:35:18,205 INFO streaming.PipeMapRed: R/W/S=100000/99095/0 in:NA [rec/s] out:NA [rec/s]
2022-10-19 16:35:18,404 INFO streaming.PipeMapRed: R/W/S=200000/199023/0 in:NA [rec/s] out:NA [rec/s]
2022-10-19 16:35:18,427 INFO streaming.PipeMapRed: MRErrorThread done
2022-10-19 16:35:18,428 INFO streaming.PipeMapRed: mapRedFinished
2022-10-19 16:35:18,428 INFO mapred.LocalJobRunner: 
2022-10-19 16:35:18,428 INFO mapred.MapTask: Starting flush of map output
2022-10-19 16:35:18,428 INFO mapred.MapTask: Spilling map output
2022-10-19 16:35:18,428 INFO mapred.MapTask: bufstart = 0; bufend = 4869441; bufvoid = 104857600
2022-10-19 16:35:18,428 INFO mapred.MapTask: kvstart = 26214396(104857584); kvend = 25376592(101506368); length = 837805/6553600
2022-10-19 16:35:18,586 INFO mapred.MapTask: Finished spill 0
2022-10-19 16:35:18,587 INFO mapred.Task: Task:attempt_local1422069034_0001_m_000007_0 is done. And is in the process of committing
2022-10-19 16:35:18,588 INFO mapred.LocalJobRunner: Records R/W=921/1
2022-10-19 16:35:18,588 INFO mapred.Task: Task 'attempt_local1422069034_0001_m_000007_0' done.
2022-10-19 16:35:18,588 INFO mapred.Task: Final Counters for attempt_local1422069034_0001_m_000007_0: Counters: 17
	File System Counters
		FILE: Number of bytes read=268624693
		FILE: Number of bytes written=42362825
		FILE: Number of read operations=0
		FILE: Number of large read operations=0
		FILE: Number of write operations=0
	Map-Reduce Framework
		Map input records=209452
		Map output records=209452
		Map output bytes=4869441
		Map output materialized bytes=5288351
		Input split bytes=118
		Combine input records=0
		Spilled Records=209452
		Failed Shuffles=0
		Merged Map outputs=0
		GC time elapsed (ms)=0
		Total committed heap usage (bytes)=1581252608
	File Input Format Counters 
		Bytes Read=33558528
2022-10-19 16:35:18,588 INFO mapred.LocalJobRunner: Finishing task: attempt_local1422069034_0001_m_000007_0
2022-10-19 16:35:18,588 INFO mapred.LocalJobRunner: Starting task: attempt_local1422069034_0001_m_000008_0
2022-10-19 16:35:18,589 INFO output.FileOutputCommitter: File Output Committer Algorithm version is 2
2022-10-19 16:35:18,589 INFO output.FileOutputCommitter: FileOutputCommitter skip cleanup _temporary folders under output directory:false, ignore cleanup failures: false
2022-10-19 16:35:18,590 INFO mapred.Task:  Using ResourceCalculatorProcessTree : [ ]
2022-10-19 16:35:18,590 INFO mapred.MapTask: Processing split: file:/home/fs70824/training/hadoop_training_data/consumer_data.csv:268435456+33554432
2022-10-19 16:35:18,592 INFO mapred.MapTask: numReduceTasks: 1
2022-10-19 16:35:18,621 INFO mapred.MapTask: (EQUATOR) 0 kvi 26214396(104857584)
2022-10-19 16:35:18,621 INFO mapred.MapTask: mapreduce.task.io.sort.mb: 100
2022-10-19 16:35:18,621 INFO mapred.MapTask: soft limit at 83886080
2022-10-19 16:35:18,621 INFO mapred.MapTask: bufstart = 0; bufvoid = 104857600
2022-10-19 16:35:18,621 INFO mapred.MapTask: kvstart = 26214396; length = 6553600
2022-10-19 16:35:18,622 INFO mapred.MapTask: Map output collector class = org.apache.hadoop.mapred.MapTask$MapOutputBuffer
2022-10-19 16:35:18,627 INFO streaming.PipeMapRed: PipeMapRed exec [/home/fs70824/trainee20/hadoop_training/MapReduce/./mapper.py]
2022-10-19 16:35:18,633 INFO streaming.PipeMapRed: R/W/S=1/0/0 in:NA [rec/s] out:NA [rec/s]
2022-10-19 16:35:18,633 INFO streaming.PipeMapRed: R/W/S=10/0/0 in:NA [rec/s] out:NA [rec/s]
2022-10-19 16:35:18,633 INFO streaming.PipeMapRed: R/W/S=100/0/0 in:NA [rec/s] out:NA [rec/s]
2022-10-19 16:35:18,661 INFO streaming.PipeMapRed: R/W/S=1000/1/0 in:NA [rec/s] out:NA [rec/s]
2022-10-19 16:35:18,661 INFO streaming.PipeMapRed: Records R/W=891/1
2022-10-19 16:35:18,679 INFO streaming.PipeMapRed: R/W/S=10000/9175/0 in:NA [rec/s] out:NA [rec/s]
2022-10-19 16:35:18,858 INFO streaming.PipeMapRed: R/W/S=100000/98730/0 in:NA [rec/s] out:NA [rec/s]
2022-10-19 16:35:19,058 INFO streaming.PipeMapRed: R/W/S=200000/198870/0 in:NA [rec/s] out:NA [rec/s]
2022-10-19 16:35:19,087 INFO streaming.PipeMapRed: MRErrorThread done
2022-10-19 16:35:19,087 INFO streaming.PipeMapRed: mapRedFinished
2022-10-19 16:35:19,088 INFO mapred.LocalJobRunner: 
2022-10-19 16:35:19,088 INFO mapred.MapTask: Starting flush of map output
2022-10-19 16:35:19,088 INFO mapred.MapTask: Spilling map output
2022-10-19 16:35:19,088 INFO mapred.MapTask: bufstart = 0; bufend = 4921567; bufvoid = 104857600
2022-10-19 16:35:19,088 INFO mapred.MapTask: kvstart = 26214396(104857584); kvend = 25369304(101477216); length = 845093/6553600
2022-10-19 16:35:19,247 INFO mapred.MapTask: Finished spill 0
2022-10-19 16:35:19,248 INFO mapred.Task: Task:attempt_local1422069034_0001_m_000008_0 is done. And is in the process of committing
2022-10-19 16:35:19,250 INFO mapred.LocalJobRunner: Records R/W=891/1
2022-10-19 16:35:19,250 INFO mapred.Task: Task 'attempt_local1422069034_0001_m_000008_0' done.
2022-10-19 16:35:19,250 INFO mapred.Task: Final Counters for attempt_local1422069034_0001_m_000008_0: Counters: 17
	File System Counters
		FILE: Number of bytes read=302184510
		FILE: Number of bytes written=47706978
		FILE: Number of read operations=0
		FILE: Number of large read operations=0
		FILE: Number of write operations=0
	Map-Reduce Framework
		Map input records=211274
		Map output records=211274
		Map output bytes=4921567
		Map output materialized bytes=5344121
		Input split bytes=118
		Combine input records=0
		Spilled Records=211274
		Failed Shuffles=0
		Merged Map outputs=0
		GC time elapsed (ms)=0
		Total committed heap usage (bytes)=1581252608
	File Input Format Counters 
		Bytes Read=33558528
2022-10-19 16:35:19,250 INFO mapred.LocalJobRunner: Finishing task: attempt_local1422069034_0001_m_000008_0
2022-10-19 16:35:19,250 INFO mapred.LocalJobRunner: Starting task: attempt_local1422069034_0001_m_000009_0
2022-10-19 16:35:19,251 INFO output.FileOutputCommitter: File Output Committer Algorithm version is 2
2022-10-19 16:35:19,251 INFO output.FileOutputCommitter: FileOutputCommitter skip cleanup _temporary folders under output directory:false, ignore cleanup failures: false
2022-10-19 16:35:19,251 INFO mapred.Task:  Using ResourceCalculatorProcessTree : [ ]
2022-10-19 16:35:19,252 INFO mapred.MapTask: Processing split: file:/home/fs70824/training/hadoop_training_data/consumer_data.csv:301989888+33554432
2022-10-19 16:35:19,254 INFO mapred.MapTask: numReduceTasks: 1
2022-10-19 16:35:19,284 INFO mapred.MapTask: (EQUATOR) 0 kvi 26214396(104857584)
2022-10-19 16:35:19,284 INFO mapred.MapTask: mapreduce.task.io.sort.mb: 100
2022-10-19 16:35:19,284 INFO mapred.MapTask: soft limit at 83886080
2022-10-19 16:35:19,284 INFO mapred.MapTask: bufstart = 0; bufvoid = 104857600
2022-10-19 16:35:19,284 INFO mapred.MapTask: kvstart = 26214396; length = 6553600
2022-10-19 16:35:19,285 INFO mapred.MapTask: Map output collector class = org.apache.hadoop.mapred.MapTask$MapOutputBuffer
2022-10-19 16:35:19,291 INFO streaming.PipeMapRed: PipeMapRed exec [/home/fs70824/trainee20/hadoop_training/MapReduce/./mapper.py]
2022-10-19 16:35:19,297 INFO streaming.PipeMapRed: R/W/S=1/0/0 in:NA [rec/s] out:NA [rec/s]
2022-10-19 16:35:19,297 INFO streaming.PipeMapRed: R/W/S=10/0/0 in:NA [rec/s] out:NA [rec/s]
2022-10-19 16:35:19,297 INFO streaming.PipeMapRed: R/W/S=100/0/0 in:NA [rec/s] out:NA [rec/s]
2022-10-19 16:35:19,323 INFO streaming.PipeMapRed: R/W/S=1000/1/0 in:NA [rec/s] out:NA [rec/s]
2022-10-19 16:35:19,323 INFO streaming.PipeMapRed: Records R/W=870/1
2022-10-19 16:35:19,340 INFO streaming.PipeMapRed: R/W/S=10000/8766/0 in:NA [rec/s] out:NA [rec/s]
2022-10-19 16:35:19,521 INFO streaming.PipeMapRed: R/W/S=100000/98955/0 in:NA [rec/s] out:NA [rec/s]
2022-10-19 16:35:19,723 INFO streaming.PipeMapRed: R/W/S=200000/198957/0 in:NA [rec/s] out:NA [rec/s]
2022-10-19 16:35:19,751 INFO streaming.PipeMapRed: MRErrorThread done
2022-10-19 16:35:19,751 INFO streaming.PipeMapRed: mapRedFinished
2022-10-19 16:35:19,752 INFO mapred.LocalJobRunner: 
2022-10-19 16:35:19,752 INFO mapred.MapTask: Starting flush of map output
2022-10-19 16:35:19,752 INFO mapred.MapTask: Spilling map output
2022-10-19 16:35:19,752 INFO mapred.MapTask: bufstart = 0; bufend = 4934233; bufvoid = 104857600
2022-10-19 16:35:19,752 INFO mapred.MapTask: kvstart = 26214396(104857584); kvend = 25368240(101472960); length = 846157/6553600
2022-10-19 16:35:19,915 INFO mapred.MapTask: Finished spill 0
2022-10-19 16:35:19,916 INFO mapred.Task: Task:attempt_local1422069034_0001_m_000009_0 is done. And is in the process of committing
2022-10-19 16:35:19,917 INFO mapred.LocalJobRunner: Records R/W=870/1
2022-10-19 16:35:19,917 INFO mapred.Task: Task 'attempt_local1422069034_0001_m_000009_0' done.
2022-10-19 16:35:19,917 INFO mapred.Task: Final Counters for attempt_local1422069034_0001_m_000009_0: Counters: 17
	File System Counters
		FILE: Number of bytes read=335743815
		FILE: Number of bytes written=53064329
		FILE: Number of read operations=0
		FILE: Number of large read operations=0
		FILE: Number of write operations=0
	Map-Reduce Framework
		Map input records=211540
		Map output records=211540
		Map output bytes=4934233
		Map output materialized bytes=5357319
		Input split bytes=118
		Combine input records=0
		Spilled Records=211540
		Failed Shuffles=0
		Merged Map outputs=0
		GC time elapsed (ms)=6
		Total committed heap usage (bytes)=1581252608
	File Input Format Counters 
		Bytes Read=33558528
2022-10-19 16:35:19,917 INFO mapred.LocalJobRunner: Finishing task: attempt_local1422069034_0001_m_000009_0
2022-10-19 16:35:19,917 INFO mapred.LocalJobRunner: Starting task: attempt_local1422069034_0001_m_000010_0
2022-10-19 16:35:19,918 INFO output.FileOutputCommitter: File Output Committer Algorithm version is 2
2022-10-19 16:35:19,918 INFO output.FileOutputCommitter: FileOutputCommitter skip cleanup _temporary folders under output directory:false, ignore cleanup failures: false
2022-10-19 16:35:19,919 INFO mapred.Task:  Using ResourceCalculatorProcessTree : [ ]
2022-10-19 16:35:19,919 INFO mapred.MapTask: Processing split: file:/home/fs70824/training/hadoop_training_data/consumer_data.csv:335544320+33554432
2022-10-19 16:35:19,921 INFO mapred.MapTask: numReduceTasks: 1
2022-10-19 16:35:19,940 INFO mapred.MapTask: (EQUATOR) 0 kvi 26214396(104857584)
2022-10-19 16:35:19,940 INFO mapred.MapTask: mapreduce.task.io.sort.mb: 100
2022-10-19 16:35:19,940 INFO mapred.MapTask: soft limit at 83886080
2022-10-19 16:35:19,940 INFO mapred.MapTask: bufstart = 0; bufvoid = 104857600
2022-10-19 16:35:19,940 INFO mapred.MapTask: kvstart = 26214396; length = 6553600
2022-10-19 16:35:19,940 INFO mapred.MapTask: Map output collector class = org.apache.hadoop.mapred.MapTask$MapOutputBuffer
2022-10-19 16:35:19,945 INFO streaming.PipeMapRed: PipeMapRed exec [/home/fs70824/trainee20/hadoop_training/MapReduce/./mapper.py]
2022-10-19 16:35:19,951 INFO streaming.PipeMapRed: R/W/S=1/0/0 in:NA [rec/s] out:NA [rec/s]
2022-10-19 16:35:19,951 INFO streaming.PipeMapRed: R/W/S=10/0/0 in:NA [rec/s] out:NA [rec/s]
2022-10-19 16:35:19,952 INFO streaming.PipeMapRed: R/W/S=100/0/0 in:NA [rec/s] out:NA [rec/s]
2022-10-19 16:35:19,977 INFO streaming.PipeMapRed: R/W/S=1000/1/0 in:NA [rec/s] out:NA [rec/s]
2022-10-19 16:35:19,977 INFO streaming.PipeMapRed: Records R/W=875/1
2022-10-19 16:35:19,995 INFO streaming.PipeMapRed: R/W/S=10000/9050/0 in:NA [rec/s] out:NA [rec/s]
2022-10-19 16:35:20,170 INFO streaming.PipeMapRed: R/W/S=100000/99171/0 in:NA [rec/s] out:NA [rec/s]
2022-10-19 16:35:20,366 INFO streaming.PipeMapRed: R/W/S=200000/198891/0 in:NA [rec/s] out:NA [rec/s]
2022-10-19 16:35:20,400 INFO streaming.PipeMapRed: MRErrorThread done
2022-10-19 16:35:20,401 INFO streaming.PipeMapRed: mapRedFinished
2022-10-19 16:35:20,401 INFO mapred.LocalJobRunner: 
2022-10-19 16:35:20,401 INFO mapred.MapTask: Starting flush of map output
2022-10-19 16:35:20,401 INFO mapred.MapTask: Spilling map output
2022-10-19 16:35:20,401 INFO mapred.MapTask: bufstart = 0; bufend = 5021591; bufvoid = 104857600
2022-10-19 16:35:20,401 INFO mapred.MapTask: kvstart = 26214396(104857584); kvend = 25353964(101415856); length = 860433/6553600
2022-10-19 16:35:20,564 INFO mapred.MapTask: Finished spill 0
2022-10-19 16:35:20,566 INFO mapred.Task: Task:attempt_local1422069034_0001_m_000010_0 is done. And is in the process of committing
2022-10-19 16:35:20,567 INFO mapred.LocalJobRunner: Records R/W=875/1
2022-10-19 16:35:20,567 INFO mapred.Task: Task 'attempt_local1422069034_0001_m_000010_0' done.
2022-10-19 16:35:20,567 INFO mapred.Task: Final Counters for attempt_local1422069034_0001_m_000010_0: Counters: 17
	File System Counters
		FILE: Number of bytes read=369303120
		FILE: Number of bytes written=58516176
		FILE: Number of read operations=0
		FILE: Number of large read operations=0
		FILE: Number of write operations=0
	Map-Reduce Framework
		Map input records=215109
		Map output records=215109
		Map output bytes=5021591
		Map output materialized bytes=5451815
		Input split bytes=118
		Combine input records=0
		Spilled Records=215109
		Failed Shuffles=0
		Merged Map outputs=0
		GC time elapsed (ms)=0
		Total committed heap usage (bytes)=1581252608
	File Input Format Counters 
		Bytes Read=33558528
2022-10-19 16:35:20,567 INFO mapred.LocalJobRunner: Finishing task: attempt_local1422069034_0001_m_000010_0
2022-10-19 16:35:20,567 INFO mapred.LocalJobRunner: Starting task: attempt_local1422069034_0001_m_000011_0
2022-10-19 16:35:20,568 INFO output.FileOutputCommitter: File Output Committer Algorithm version is 2
2022-10-19 16:35:20,568 INFO output.FileOutputCommitter: FileOutputCommitter skip cleanup _temporary folders under output directory:false, ignore cleanup failures: false
2022-10-19 16:35:20,568 INFO mapred.Task:  Using ResourceCalculatorProcessTree : [ ]
2022-10-19 16:35:20,569 INFO mapred.MapTask: Processing split: file:/home/fs70824/training/hadoop_training_data/consumer_data.csv:369098752+33554432
2022-10-19 16:35:20,571 INFO mapred.MapTask: numReduceTasks: 1
2022-10-19 16:35:20,589 INFO mapred.MapTask: (EQUATOR) 0 kvi 26214396(104857584)
2022-10-19 16:35:20,589 INFO mapred.MapTask: mapreduce.task.io.sort.mb: 100
2022-10-19 16:35:20,590 INFO mapred.MapTask: soft limit at 83886080
2022-10-19 16:35:20,590 INFO mapred.MapTask: bufstart = 0; bufvoid = 104857600
2022-10-19 16:35:20,590 INFO mapred.MapTask: kvstart = 26214396; length = 6553600
2022-10-19 16:35:20,590 INFO mapred.MapTask: Map output collector class = org.apache.hadoop.mapred.MapTask$MapOutputBuffer
2022-10-19 16:35:20,595 INFO streaming.PipeMapRed: PipeMapRed exec [/home/fs70824/trainee20/hadoop_training/MapReduce/./mapper.py]
2022-10-19 16:35:20,601 INFO streaming.PipeMapRed: R/W/S=1/0/0 in:NA [rec/s] out:NA [rec/s]
2022-10-19 16:35:20,601 INFO streaming.PipeMapRed: R/W/S=10/0/0 in:NA [rec/s] out:NA [rec/s]
2022-10-19 16:35:20,602 INFO streaming.PipeMapRed: R/W/S=100/0/0 in:NA [rec/s] out:NA [rec/s]
2022-10-19 16:35:20,629 INFO streaming.PipeMapRed: R/W/S=1000/1/0 in:NA [rec/s] out:NA [rec/s]
2022-10-19 16:35:20,629 INFO streaming.PipeMapRed: Records R/W=862/1
2022-10-19 16:35:20,647 INFO streaming.PipeMapRed: R/W/S=10000/9110/0 in:NA [rec/s] out:NA [rec/s]
2022-10-19 16:35:20,825 INFO streaming.PipeMapRed: R/W/S=100000/99211/0 in:NA [rec/s] out:NA [rec/s]
2022-10-19 16:35:21,024 INFO streaming.PipeMapRed: R/W/S=200000/199000/0 in:NA [rec/s] out:NA [rec/s]
2022-10-19 16:35:21,057 INFO streaming.PipeMapRed: MRErrorThread done
2022-10-19 16:35:21,058 INFO streaming.PipeMapRed: mapRedFinished
2022-10-19 16:35:21,058 INFO mapred.LocalJobRunner: 
2022-10-19 16:35:21,058 INFO mapred.MapTask: Starting flush of map output
2022-10-19 16:35:21,058 INFO mapred.MapTask: Spilling map output
2022-10-19 16:35:21,058 INFO mapred.MapTask: bufstart = 0; bufend = 4999503; bufvoid = 104857600
2022-10-19 16:35:21,058 INFO mapred.MapTask: kvstart = 26214396(104857584); kvend = 25355892(101423568); length = 858505/6553600
2022-10-19 16:35:21,221 INFO mapred.MapTask: Finished spill 0
2022-10-19 16:35:21,222 INFO mapred.Task: Task:attempt_local1422069034_0001_m_000011_0 is done. And is in the process of committing
2022-10-19 16:35:21,223 INFO mapred.LocalJobRunner: Records R/W=862/1
2022-10-19 16:35:21,223 INFO mapred.Task: Task 'attempt_local1422069034_0001_m_000011_0' done.
2022-10-19 16:35:21,223 INFO mapred.Task: Final Counters for attempt_local1422069034_0001_m_000011_0: Counters: 17
	File System Counters
		FILE: Number of bytes read=402862425
		FILE: Number of bytes written=63944971
		FILE: Number of read operations=0
		FILE: Number of large read operations=0
		FILE: Number of write operations=0
	Map-Reduce Framework
		Map input records=214627
		Map output records=214627
		Map output bytes=4999503
		Map output materialized bytes=5428763
		Input split bytes=118
		Combine input records=0
		Spilled Records=214627
		Failed Shuffles=0
		Merged Map outputs=0
		GC time elapsed (ms)=0
		Total committed heap usage (bytes)=1581252608
	File Input Format Counters 
		Bytes Read=33558528
2022-10-19 16:35:21,223 INFO mapred.LocalJobRunner: Finishing task: attempt_local1422069034_0001_m_000011_0
2022-10-19 16:35:21,223 INFO mapred.LocalJobRunner: Starting task: attempt_local1422069034_0001_m_000012_0
2022-10-19 16:35:21,224 INFO output.FileOutputCommitter: File Output Committer Algorithm version is 2
2022-10-19 16:35:21,224 INFO output.FileOutputCommitter: FileOutputCommitter skip cleanup _temporary folders under output directory:false, ignore cleanup failures: false
2022-10-19 16:35:21,224 INFO mapred.Task:  Using ResourceCalculatorProcessTree : [ ]
2022-10-19 16:35:21,225 INFO mapred.MapTask: Processing split: file:/home/fs70824/training/hadoop_training_data/consumer_data.csv:402653184+33554432
2022-10-19 16:35:21,227 INFO mapred.MapTask: numReduceTasks: 1
2022-10-19 16:35:21,245 INFO mapred.MapTask: (EQUATOR) 0 kvi 26214396(104857584)
2022-10-19 16:35:21,245 INFO mapred.MapTask: mapreduce.task.io.sort.mb: 100
2022-10-19 16:35:21,245 INFO mapred.MapTask: soft limit at 83886080
2022-10-19 16:35:21,245 INFO mapred.MapTask: bufstart = 0; bufvoid = 104857600
2022-10-19 16:35:21,246 INFO mapred.MapTask: kvstart = 26214396; length = 6553600
2022-10-19 16:35:21,246 INFO mapred.MapTask: Map output collector class = org.apache.hadoop.mapred.MapTask$MapOutputBuffer
2022-10-19 16:35:21,251 INFO streaming.PipeMapRed: PipeMapRed exec [/home/fs70824/trainee20/hadoop_training/MapReduce/./mapper.py]
2022-10-19 16:35:21,257 INFO streaming.PipeMapRed: R/W/S=1/0/0 in:NA [rec/s] out:NA [rec/s]
2022-10-19 16:35:21,257 INFO streaming.PipeMapRed: R/W/S=10/0/0 in:NA [rec/s] out:NA [rec/s]
2022-10-19 16:35:21,257 INFO streaming.PipeMapRed: R/W/S=100/0/0 in:NA [rec/s] out:NA [rec/s]
2022-10-19 16:35:21,283 INFO streaming.PipeMapRed: R/W/S=1000/1/0 in:NA [rec/s] out:NA [rec/s]
2022-10-19 16:35:21,284 INFO streaming.PipeMapRed: Records R/W=845/1
2022-10-19 16:35:21,302 INFO streaming.PipeMapRed: R/W/S=10000/9141/0 in:NA [rec/s] out:NA [rec/s]
2022-10-19 16:35:21,480 INFO streaming.PipeMapRed: R/W/S=100000/99424/0 in:NA [rec/s] out:NA [rec/s]
2022-10-19 16:35:21,677 INFO streaming.PipeMapRed: R/W/S=200000/198709/0 in:NA [rec/s] out:NA [rec/s]
2022-10-19 16:35:21,708 INFO streaming.PipeMapRed: MRErrorThread done
2022-10-19 16:35:21,708 INFO streaming.PipeMapRed: mapRedFinished
2022-10-19 16:35:21,709 INFO mapred.LocalJobRunner: 
2022-10-19 16:35:21,709 INFO mapred.MapTask: Starting flush of map output
2022-10-19 16:35:21,709 INFO mapred.MapTask: Spilling map output
2022-10-19 16:35:21,709 INFO mapred.MapTask: bufstart = 0; bufend = 4942426; bufvoid = 104857600
2022-10-19 16:35:21,709 INFO mapred.MapTask: kvstart = 26214396(104857584); kvend = 25362164(101448656); length = 852233/6553600
2022-10-19 16:35:21,870 INFO mapred.MapTask: Finished spill 0
2022-10-19 16:35:21,872 INFO mapred.Task: Task:attempt_local1422069034_0001_m_000012_0 is done. And is in the process of committing
2022-10-19 16:35:21,873 INFO mapred.LocalJobRunner: Records R/W=845/1
2022-10-19 16:35:21,873 INFO mapred.Task: Task 'attempt_local1422069034_0001_m_000012_0' done.
2022-10-19 16:35:21,873 INFO mapred.Task: Final Counters for attempt_local1422069034_0001_m_000012_0: Counters: 17
	File System Counters
		FILE: Number of bytes read=436421730
		FILE: Number of bytes written=69313553
		FILE: Number of read operations=0
		FILE: Number of large read operations=0
		FILE: Number of write operations=0
	Map-Reduce Framework
		Map input records=213059
		Map output records=213059
		Map output bytes=4942426
		Map output materialized bytes=5368550
		Input split bytes=118
		Combine input records=0
		Spilled Records=213059
		Failed Shuffles=0
		Merged Map outputs=0
		GC time elapsed (ms)=0
		Total committed heap usage (bytes)=1581252608
	File Input Format Counters 
		Bytes Read=33558528
2022-10-19 16:35:21,873 INFO mapred.LocalJobRunner: Finishing task: attempt_local1422069034_0001_m_000012_0
2022-10-19 16:35:21,873 INFO mapred.LocalJobRunner: Starting task: attempt_local1422069034_0001_m_000013_0
2022-10-19 16:35:21,874 INFO output.FileOutputCommitter: File Output Committer Algorithm version is 2
2022-10-19 16:35:21,874 INFO output.FileOutputCommitter: FileOutputCommitter skip cleanup _temporary folders under output directory:false, ignore cleanup failures: false
2022-10-19 16:35:21,874 INFO mapred.Task:  Using ResourceCalculatorProcessTree : [ ]
2022-10-19 16:35:21,875 INFO mapred.MapTask: Processing split: file:/home/fs70824/training/hadoop_training_data/consumer_data.csv:436207616+33554432
2022-10-19 16:35:21,877 INFO mapred.MapTask: numReduceTasks: 1
2022-10-19 16:35:21,895 INFO mapred.MapTask: (EQUATOR) 0 kvi 26214396(104857584)
2022-10-19 16:35:21,895 INFO mapred.MapTask: mapreduce.task.io.sort.mb: 100
2022-10-19 16:35:21,895 INFO mapred.MapTask: soft limit at 83886080
2022-10-19 16:35:21,895 INFO mapred.MapTask: bufstart = 0; bufvoid = 104857600
2022-10-19 16:35:21,895 INFO mapred.MapTask: kvstart = 26214396; length = 6553600
2022-10-19 16:35:21,896 INFO mapred.MapTask: Map output collector class = org.apache.hadoop.mapred.MapTask$MapOutputBuffer
2022-10-19 16:35:21,901 INFO streaming.PipeMapRed: PipeMapRed exec [/home/fs70824/trainee20/hadoop_training/MapReduce/./mapper.py]
2022-10-19 16:35:21,907 INFO streaming.PipeMapRed: R/W/S=1/0/0 in:NA [rec/s] out:NA [rec/s]
2022-10-19 16:35:21,907 INFO streaming.PipeMapRed: R/W/S=10/0/0 in:NA [rec/s] out:NA [rec/s]
2022-10-19 16:35:21,907 INFO streaming.PipeMapRed: R/W/S=100/0/0 in:NA [rec/s] out:NA [rec/s]
2022-10-19 16:35:21,934 INFO streaming.PipeMapRed: R/W/S=1000/1/0 in:NA [rec/s] out:NA [rec/s]
2022-10-19 16:35:21,934 INFO streaming.PipeMapRed: Records R/W=857/1
2022-10-19 16:35:21,952 INFO streaming.PipeMapRed: R/W/S=10000/9174/0 in:NA [rec/s] out:NA [rec/s]
2022-10-19 16:35:22,130 INFO streaming.PipeMapRed: R/W/S=100000/98702/0 in:NA [rec/s] out:NA [rec/s]
2022-10-19 16:35:22,328 INFO streaming.PipeMapRed: R/W/S=200000/198849/0 in:NA [rec/s] out:NA [rec/s]
2022-10-19 16:35:22,361 INFO streaming.PipeMapRed: MRErrorThread done
2022-10-19 16:35:22,361 INFO streaming.PipeMapRed: mapRedFinished
2022-10-19 16:35:22,362 INFO mapred.LocalJobRunner: 
2022-10-19 16:35:22,362 INFO mapred.MapTask: Starting flush of map output
2022-10-19 16:35:22,362 INFO mapred.MapTask: Spilling map output
2022-10-19 16:35:22,362 INFO mapred.MapTask: bufstart = 0; bufend = 4938864; bufvoid = 104857600
2022-10-19 16:35:22,362 INFO mapred.MapTask: kvstart = 26214396(104857584); kvend = 25357924(101431696); length = 856473/6553600
2022-10-19 16:35:22,523 INFO mapred.MapTask: Finished spill 0
2022-10-19 16:35:22,524 INFO mapred.Task: Task:attempt_local1422069034_0001_m_000013_0 is done. And is in the process of committing
2022-10-19 16:35:22,525 INFO mapred.LocalJobRunner: Records R/W=857/1
2022-10-19 16:35:22,525 INFO mapred.Task: Task 'attempt_local1422069034_0001_m_000013_0' done.
2022-10-19 16:35:22,525 INFO mapred.Task: Final Counters for attempt_local1422069034_0001_m_000013_0: Counters: 17
	File System Counters
		FILE: Number of bytes read=469980523
		FILE: Number of bytes written=74680693
		FILE: Number of read operations=0
		FILE: Number of large read operations=0
		FILE: Number of write operations=0
	Map-Reduce Framework
		Map input records=214119
		Map output records=214119
		Map output bytes=4938864
		Map output materialized bytes=5367108
		Input split bytes=118
		Combine input records=0
		Spilled Records=214119
		Failed Shuffles=0
		Merged Map outputs=0
		GC time elapsed (ms)=0
		Total committed heap usage (bytes)=1581252608
	File Input Format Counters 
		Bytes Read=33558528
2022-10-19 16:35:22,526 INFO mapred.LocalJobRunner: Finishing task: attempt_local1422069034_0001_m_000013_0
2022-10-19 16:35:22,526 INFO mapred.LocalJobRunner: Starting task: attempt_local1422069034_0001_m_000014_0
2022-10-19 16:35:22,527 INFO output.FileOutputCommitter: File Output Committer Algorithm version is 2
2022-10-19 16:35:22,527 INFO output.FileOutputCommitter: FileOutputCommitter skip cleanup _temporary folders under output directory:false, ignore cleanup failures: false
2022-10-19 16:35:22,527 INFO mapred.Task:  Using ResourceCalculatorProcessTree : [ ]
2022-10-19 16:35:22,528 INFO mapred.MapTask: Processing split: file:/home/fs70824/training/hadoop_training_data/consumer_data.csv:469762048+7439663
2022-10-19 16:35:22,530 INFO mapred.MapTask: numReduceTasks: 1
2022-10-19 16:35:22,548 INFO mapred.MapTask: (EQUATOR) 0 kvi 26214396(104857584)
2022-10-19 16:35:22,548 INFO mapred.MapTask: mapreduce.task.io.sort.mb: 100
2022-10-19 16:35:22,548 INFO mapred.MapTask: soft limit at 83886080
2022-10-19 16:35:22,548 INFO mapred.MapTask: bufstart = 0; bufvoid = 104857600
2022-10-19 16:35:22,548 INFO mapred.MapTask: kvstart = 26214396; length = 6553600
2022-10-19 16:35:22,549 INFO mapred.MapTask: Map output collector class = org.apache.hadoop.mapred.MapTask$MapOutputBuffer
2022-10-19 16:35:22,554 INFO streaming.PipeMapRed: PipeMapRed exec [/home/fs70824/trainee20/hadoop_training/MapReduce/./mapper.py]
2022-10-19 16:35:22,560 INFO streaming.PipeMapRed: R/W/S=1/0/0 in:NA [rec/s] out:NA [rec/s]
2022-10-19 16:35:22,560 INFO streaming.PipeMapRed: R/W/S=10/0/0 in:NA [rec/s] out:NA [rec/s]
2022-10-19 16:35:22,560 INFO streaming.PipeMapRed: R/W/S=100/0/0 in:NA [rec/s] out:NA [rec/s]
2022-10-19 16:35:22,587 INFO streaming.PipeMapRed: R/W/S=1000/0/0 in:NA [rec/s] out:NA [rec/s]
2022-10-19 16:35:22,587 INFO streaming.PipeMapRed: Records R/W=1025/1
2022-10-19 16:35:22,605 INFO streaming.PipeMapRed: R/W/S=10000/9200/0 in:NA [rec/s] out:NA [rec/s]
2022-10-19 16:35:22,683 INFO streaming.PipeMapRed: MRErrorThread done
2022-10-19 16:35:22,683 INFO streaming.PipeMapRed: mapRedFinished
2022-10-19 16:35:22,684 INFO mapred.LocalJobRunner: 
2022-10-19 16:35:22,684 INFO mapred.MapTask: Starting flush of map output
2022-10-19 16:35:22,684 INFO mapred.MapTask: Spilling map output
2022-10-19 16:35:22,684 INFO mapred.MapTask: bufstart = 0; bufend = 1046596; bufvoid = 104857600
2022-10-19 16:35:22,684 INFO mapred.MapTask: kvstart = 26214396(104857584); kvend = 26027728(104110912); length = 186669/6553600
2022-10-19 16:35:22,712 INFO mapred.MapTask: Finished spill 0
2022-10-19 16:35:22,713 INFO mapred.Task: Task:attempt_local1422069034_0001_m_000014_0 is done. And is in the process of committing
2022-10-19 16:35:22,714 INFO mapred.LocalJobRunner: Records R/W=1025/1
2022-10-19 16:35:22,714 INFO mapred.Task: Task 'attempt_local1422069034_0001_m_000014_0' done.
2022-10-19 16:35:22,714 INFO mapred.Task: Final Counters for attempt_local1422069034_0001_m_000014_0: Counters: 17
	File System Counters
		FILE: Number of bytes read=477420451
		FILE: Number of bytes written=75820663
		FILE: Number of read operations=0
		FILE: Number of large read operations=0
		FILE: Number of write operations=0
	Map-Reduce Framework
		Map input records=46668
		Map output records=46668
		Map output bytes=1046596
		Map output materialized bytes=1139938
		Input split bytes=118
		Combine input records=0
		Spilled Records=46668
		Failed Shuffles=0
		Merged Map outputs=0
		GC time elapsed (ms)=0
		Total committed heap usage (bytes)=1581252608
	File Input Format Counters 
		Bytes Read=7439663
2022-10-19 16:35:22,714 INFO mapred.LocalJobRunner: Finishing task: attempt_local1422069034_0001_m_000014_0
2022-10-19 16:35:22,714 INFO mapred.LocalJobRunner: map task executor complete.
2022-10-19 16:35:22,717 INFO mapred.LocalJobRunner: Waiting for reduce tasks
2022-10-19 16:35:22,717 INFO mapred.LocalJobRunner: Starting task: attempt_local1422069034_0001_r_000000_0
2022-10-19 16:35:22,724 INFO output.FileOutputCommitter: File Output Committer Algorithm version is 2
2022-10-19 16:35:22,724 INFO output.FileOutputCommitter: FileOutputCommitter skip cleanup _temporary folders under output directory:false, ignore cleanup failures: false
2022-10-19 16:35:22,724 INFO mapred.Task:  Using ResourceCalculatorProcessTree : [ ]
2022-10-19 16:35:22,726 INFO mapred.ReduceTask: Using ShuffleConsumerPlugin: org.apache.hadoop.mapreduce.task.reduce.Shuffle@47a5d35
2022-10-19 16:35:22,727 WARN impl.MetricsSystemImpl: JobTracker metrics system already initialized!
2022-10-19 16:35:22,742 INFO reduce.MergeManagerImpl: The max number of bytes for a single in-memory shuffle cannot be larger than Integer.MAX_VALUE. Setting it to Integer.MAX_VALUE
2022-10-19 16:35:22,742 INFO reduce.MergeManagerImpl: MergerManager: memoryLimit=17671860224, maxSingleShuffleLimit=2147483647, mergeThreshold=11663428608, ioSortFactor=10, memToMemMergeOutputsThreshold=10
2022-10-19 16:35:22,744 INFO reduce.EventFetcher: attempt_local1422069034_0001_r_000000_0 Thread started: EventFetcher for fetching Map Completion Events
2022-10-19 16:35:22,768 INFO reduce.LocalFetcher: localfetcher#1 about to shuffle output of map attempt_local1422069034_0001_m_000011_0 decomp: 5428759 len: 5428763 to MEMORY
2022-10-19 16:35:22,775 INFO reduce.InMemoryMapOutput: Read 5428759 bytes from map-output for attempt_local1422069034_0001_m_000011_0
2022-10-19 16:35:22,776 INFO reduce.MergeManagerImpl: closeInMemoryFile -> map-output of size: 5428759, inMemoryMapOutputs.size() -> 1, commitMemory -> 0, usedMemory ->5428759
2022-10-19 16:35:22,779 INFO reduce.LocalFetcher: localfetcher#1 about to shuffle output of map attempt_local1422069034_0001_m_000004_0 decomp: 5321948 len: 5321952 to MEMORY
2022-10-19 16:35:22,784 INFO reduce.InMemoryMapOutput: Read 5321948 bytes from map-output for attempt_local1422069034_0001_m_000004_0
2022-10-19 16:35:22,785 INFO reduce.MergeManagerImpl: closeInMemoryFile -> map-output of size: 5321948, inMemoryMapOutputs.size() -> 2, commitMemory -> 5428759, usedMemory ->10750707
2022-10-19 16:35:22,787 INFO reduce.LocalFetcher: localfetcher#1 about to shuffle output of map attempt_local1422069034_0001_m_000005_0 decomp: 5204158 len: 5204162 to MEMORY
2022-10-19 16:35:22,790 INFO reduce.InMemoryMapOutput: Read 5204158 bytes from map-output for attempt_local1422069034_0001_m_000005_0
2022-10-19 16:35:22,790 INFO reduce.MergeManagerImpl: closeInMemoryFile -> map-output of size: 5204158, inMemoryMapOutputs.size() -> 3, commitMemory -> 10750707, usedMemory ->15954865
2022-10-19 16:35:22,793 INFO reduce.LocalFetcher: localfetcher#1 about to shuffle output of map attempt_local1422069034_0001_m_000003_0 decomp: 5136623 len: 5136627 to MEMORY
2022-10-19 16:35:22,796 INFO reduce.InMemoryMapOutput: Read 5136623 bytes from map-output for attempt_local1422069034_0001_m_000003_0
2022-10-19 16:35:22,797 INFO reduce.MergeManagerImpl: closeInMemoryFile -> map-output of size: 5136623, inMemoryMapOutputs.size() -> 4, commitMemory -> 15954865, usedMemory ->21091488
2022-10-19 16:35:22,799 INFO reduce.LocalFetcher: localfetcher#1 about to shuffle output of map attempt_local1422069034_0001_m_000009_0 decomp: 5357315 len: 5357319 to MEMORY
2022-10-19 16:35:22,802 INFO reduce.InMemoryMapOutput: Read 5357315 bytes from map-output for attempt_local1422069034_0001_m_000009_0
2022-10-19 16:35:22,802 INFO reduce.MergeManagerImpl: closeInMemoryFile -> map-output of size: 5357315, inMemoryMapOutputs.size() -> 5, commitMemory -> 21091488, usedMemory ->26448803
2022-10-19 16:35:22,810 INFO reduce.LocalFetcher: localfetcher#1 about to shuffle output of map attempt_local1422069034_0001_m_000010_0 decomp: 5451811 len: 5451815 to MEMORY
2022-10-19 16:35:22,813 INFO reduce.InMemoryMapOutput: Read 5451811 bytes from map-output for attempt_local1422069034_0001_m_000010_0
2022-10-19 16:35:22,813 INFO reduce.MergeManagerImpl: closeInMemoryFile -> map-output of size: 5451811, inMemoryMapOutputs.size() -> 6, commitMemory -> 26448803, usedMemory ->31900614
2022-10-19 16:35:22,814 INFO reduce.LocalFetcher: localfetcher#1 about to shuffle output of map attempt_local1422069034_0001_m_000014_0 decomp: 1139934 len: 1139938 to MEMORY
2022-10-19 16:35:22,815 INFO reduce.InMemoryMapOutput: Read 1139934 bytes from map-output for attempt_local1422069034_0001_m_000014_0
2022-10-19 16:35:22,815 INFO reduce.MergeManagerImpl: closeInMemoryFile -> map-output of size: 1139934, inMemoryMapOutputs.size() -> 7, commitMemory -> 31900614, usedMemory ->33040548
2022-10-19 16:35:22,817 INFO reduce.LocalFetcher: localfetcher#1 about to shuffle output of map attempt_local1422069034_0001_m_000001_0 decomp: 5177589 len: 5177593 to MEMORY
2022-10-19 16:35:22,821 INFO reduce.InMemoryMapOutput: Read 5177589 bytes from map-output for attempt_local1422069034_0001_m_000001_0
2022-10-19 16:35:22,821 INFO reduce.MergeManagerImpl: closeInMemoryFile -> map-output of size: 5177589, inMemoryMapOutputs.size() -> 8, commitMemory -> 33040548, usedMemory ->38218137
2022-10-19 16:35:22,823 INFO reduce.LocalFetcher: localfetcher#1 about to shuffle output of map attempt_local1422069034_0001_m_000002_0 decomp: 5100404 len: 5100408 to MEMORY
2022-10-19 16:35:22,825 INFO reduce.InMemoryMapOutput: Read 5100404 bytes from map-output for attempt_local1422069034_0001_m_000002_0
2022-10-19 16:35:22,825 INFO reduce.MergeManagerImpl: closeInMemoryFile -> map-output of size: 5100404, inMemoryMapOutputs.size() -> 9, commitMemory -> 38218137, usedMemory ->43318541
2022-10-19 16:35:22,826 INFO reduce.LocalFetcher: localfetcher#1 about to shuffle output of map attempt_local1422069034_0001_m_000008_0 decomp: 5344117 len: 5344121 to MEMORY
2022-10-19 16:35:22,829 INFO reduce.InMemoryMapOutput: Read 5344117 bytes from map-output for attempt_local1422069034_0001_m_000008_0
2022-10-19 16:35:22,829 INFO reduce.MergeManagerImpl: closeInMemoryFile -> map-output of size: 5344117, inMemoryMapOutputs.size() -> 10, commitMemory -> 43318541, usedMemory ->48662658
2022-10-19 16:35:22,830 INFO reduce.LocalFetcher: localfetcher#1 about to shuffle output of map attempt_local1422069034_0001_m_000006_0 decomp: 5242405 len: 5242409 to MEMORY
2022-10-19 16:35:22,833 INFO reduce.InMemoryMapOutput: Read 5242405 bytes from map-output for attempt_local1422069034_0001_m_000006_0
2022-10-19 16:35:22,833 INFO reduce.MergeManagerImpl: closeInMemoryFile -> map-output of size: 5242405, inMemoryMapOutputs.size() -> 11, commitMemory -> 48662658, usedMemory ->53905063
2022-10-19 16:35:22,834 INFO reduce.LocalFetcher: localfetcher#1 about to shuffle output of map attempt_local1422069034_0001_m_000012_0 decomp: 5368546 len: 5368550 to MEMORY
2022-10-19 16:35:22,836 INFO reduce.InMemoryMapOutput: Read 5368546 bytes from map-output for attempt_local1422069034_0001_m_000012_0
2022-10-19 16:35:22,836 INFO reduce.MergeManagerImpl: closeInMemoryFile -> map-output of size: 5368546, inMemoryMapOutputs.size() -> 12, commitMemory -> 53905063, usedMemory ->59273609
2022-10-19 16:35:22,837 INFO reduce.LocalFetcher: localfetcher#1 about to shuffle output of map attempt_local1422069034_0001_m_000007_0 decomp: 5288347 len: 5288351 to MEMORY
2022-10-19 16:35:22,840 INFO reduce.InMemoryMapOutput: Read 5288347 bytes from map-output for attempt_local1422069034_0001_m_000007_0
2022-10-19 16:35:22,840 INFO reduce.MergeManagerImpl: closeInMemoryFile -> map-output of size: 5288347, inMemoryMapOutputs.size() -> 13, commitMemory -> 59273609, usedMemory ->64561956
2022-10-19 16:35:22,841 INFO reduce.LocalFetcher: localfetcher#1 about to shuffle output of map attempt_local1422069034_0001_m_000000_0 decomp: 5094592 len: 5094596 to MEMORY
2022-10-19 16:35:22,843 INFO reduce.InMemoryMapOutput: Read 5094592 bytes from map-output for attempt_local1422069034_0001_m_000000_0
2022-10-19 16:35:22,843 INFO reduce.MergeManagerImpl: closeInMemoryFile -> map-output of size: 5094592, inMemoryMapOutputs.size() -> 14, commitMemory -> 64561956, usedMemory ->69656548
2022-10-19 16:35:22,845 INFO reduce.LocalFetcher: localfetcher#1 about to shuffle output of map attempt_local1422069034_0001_m_000013_0 decomp: 5367104 len: 5367108 to MEMORY
2022-10-19 16:35:22,847 INFO reduce.InMemoryMapOutput: Read 5367104 bytes from map-output for attempt_local1422069034_0001_m_000013_0
2022-10-19 16:35:22,847 INFO reduce.MergeManagerImpl: closeInMemoryFile -> map-output of size: 5367104, inMemoryMapOutputs.size() -> 15, commitMemory -> 69656548, usedMemory ->75023652
2022-10-19 16:35:22,848 INFO reduce.EventFetcher: EventFetcher is interrupted.. Returning
2022-10-19 16:35:22,848 INFO mapred.LocalJobRunner: 15 / 15 copied.
2022-10-19 16:35:22,848 INFO reduce.MergeManagerImpl: finalMerge called with 15 in-memory map-outputs and 0 on-disk map-outputs
2022-10-19 16:35:22,853 INFO mapred.Merger: Merging 15 sorted segments
2022-10-19 16:35:22,853 INFO mapred.Merger: Down to the last merge-pass, with 15 segments left of total size: 75023329 bytes
2022-10-19 16:35:23,785 INFO reduce.MergeManagerImpl: Merged 15 segments, 75023652 bytes to disk to satisfy reduce memory limit
2022-10-19 16:35:23,785 INFO reduce.MergeManagerImpl: Merging 1 files, 75023628 bytes from disk
2022-10-19 16:35:23,786 INFO reduce.MergeManagerImpl: Merging 0 segments, 0 bytes from memory into reduce
2022-10-19 16:35:23,786 INFO mapred.Merger: Merging 1 sorted segments
2022-10-19 16:35:23,786 INFO mapred.Merger: Down to the last merge-pass, with 1 segments left of total size: 75023594 bytes
2022-10-19 16:35:23,786 INFO mapred.LocalJobRunner: 15 / 15 copied.
2022-10-19 16:35:23,795 INFO streaming.PipeMapRed: PipeMapRed exec [/home/fs70824/trainee20/hadoop_training/MapReduce/./reducer.py]
2022-10-19 16:35:23,796 INFO Configuration.deprecation: mapred.job.tracker is deprecated. Instead, use mapreduce.jobtracker.address
2022-10-19 16:35:23,797 INFO Configuration.deprecation: mapred.map.tasks is deprecated. Instead, use mapreduce.job.maps
2022-10-19 16:35:23,806 INFO streaming.PipeMapRed: R/W/S=1/0/0 in:NA [rec/s] out:NA [rec/s]
2022-10-19 16:35:23,806 INFO streaming.PipeMapRed: R/W/S=10/0/0 in:NA [rec/s] out:NA [rec/s]
2022-10-19 16:35:23,807 INFO streaming.PipeMapRed: R/W/S=100/0/0 in:NA [rec/s] out:NA [rec/s]
2022-10-19 16:35:23,810 INFO streaming.PipeMapRed: R/W/S=1000/0/0 in:NA [rec/s] out:NA [rec/s]
2022-10-19 16:35:23,838 INFO streaming.PipeMapRed: R/W/S=10000/0/0 in:NA [rec/s] out:NA [rec/s]
2022-10-19 16:35:23,935 INFO streaming.PipeMapRed: Records R/W=73055/1
2022-10-19 16:35:23,969 INFO streaming.PipeMapRed: R/W/S=100000/378/0 in:NA [rec/s] out:NA [rec/s]
2022-10-19 16:35:24,130 INFO streaming.PipeMapRed: R/W/S=200000/1463/0 in:NA [rec/s] out:NA [rec/s]
2022-10-19 16:35:24,283 INFO streaming.PipeMapRed: R/W/S=300000/2160/0 in:NA [rec/s] out:NA [rec/s]
2022-10-19 16:35:24,426 INFO streaming.PipeMapRed: R/W/S=400000/2897/0 in:NA [rec/s] out:NA [rec/s]
2022-10-19 16:35:24,574 INFO streaming.PipeMapRed: R/W/S=500000/3624/0 in:NA [rec/s] out:NA [rec/s]
2022-10-19 16:35:24,701 INFO streaming.PipeMapRed: R/W/S=600000/4340/0 in:NA [rec/s] out:NA [rec/s]
2022-10-19 16:35:24,800 INFO streaming.PipeMapRed: R/W/S=700000/5451/0 in:700000=700000/1 [rec/s] out:5451=5451/1 [rec/s]
2022-10-19 16:35:24,944 INFO streaming.PipeMapRed: R/W/S=800000/6235/0 in:800000=800000/1 [rec/s] out:6235=6235/1 [rec/s]
2022-10-19 16:35:25,096 INFO streaming.PipeMapRed: R/W/S=900000/6615/0 in:900000=900000/1 [rec/s] out:6615=6615/1 [rec/s]
2022-10-19 16:35:25,244 INFO streaming.PipeMapRed: R/W/S=1000000/7387/0 in:1000000=1000000/1 [rec/s] out:7387=7387/1 [rec/s]
2022-10-19 16:35:25,365 INFO streaming.PipeMapRed: R/W/S=1100000/8513/0 in:1100000=1100000/1 [rec/s] out:8513=8513/1 [rec/s]
2022-10-19 16:35:25,509 INFO streaming.PipeMapRed: R/W/S=1200000/9256/0 in:1200000=1200000/1 [rec/s] out:9256=9256/1 [rec/s]
2022-10-19 16:35:25,631 INFO streaming.PipeMapRed: R/W/S=1300000/10358/0 in:1300000=1300000/1 [rec/s] out:10358=10358/1 [rec/s]
2022-10-19 16:35:25,759 INFO streaming.PipeMapRed: R/W/S=1400000/11126/0 in:1400000=1400000/1 [rec/s] out:11126=11126/1 [rec/s]
2022-10-19 16:35:25,862 INFO streaming.PipeMapRed: R/W/S=1500000/12238/0 in:750000=1500000/2 [rec/s] out:6119=12238/2 [rec/s]
2022-10-19 16:35:26,003 INFO streaming.PipeMapRed: R/W/S=1600000/12619/0 in:800000=1600000/2 [rec/s] out:6309=12619/2 [rec/s]
2022-10-19 16:35:26,141 INFO streaming.PipeMapRed: R/W/S=1700000/13747/0 in:850000=1700000/2 [rec/s] out:6873=13747/2 [rec/s]
2022-10-19 16:35:26,276 INFO streaming.PipeMapRed: R/W/S=1800000/14842/0 in:900000=1800000/2 [rec/s] out:7421=14842/2 [rec/s]
2022-10-19 16:35:26,420 INFO streaming.PipeMapRed: R/W/S=1900000/15616/0 in:950000=1900000/2 [rec/s] out:7808=15616/2 [rec/s]
2022-10-19 16:35:26,566 INFO streaming.PipeMapRed: R/W/S=2000000/16384/0 in:1000000=2000000/2 [rec/s] out:8192=16384/2 [rec/s]
2022-10-19 16:35:26,714 INFO streaming.PipeMapRed: R/W/S=2100000/17137/0 in:1050000=2100000/2 [rec/s] out:8568=17137/2 [rec/s]
2022-10-19 16:35:26,859 INFO streaming.PipeMapRed: R/W/S=2200000/17929/0 in:733333=2200000/3 [rec/s] out:5976=17929/3 [rec/s]
2022-10-19 16:35:27,013 INFO streaming.PipeMapRed: R/W/S=2300000/18706/0 in:766666=2300000/3 [rec/s] out:6235=18706/3 [rec/s]
2022-10-19 16:35:27,167 INFO streaming.PipeMapRed: R/W/S=2400000/19098/0 in:800000=2400000/3 [rec/s] out:6366=19098/3 [rec/s]
2022-10-19 16:35:27,313 INFO streaming.PipeMapRed: R/W/S=2500000/19834/0 in:833333=2500000/3 [rec/s] out:6611=19834/3 [rec/s]
2022-10-19 16:35:27,463 INFO streaming.PipeMapRed: R/W/S=2600000/20619/0 in:866666=2600000/3 [rec/s] out:6873=20619/3 [rec/s]
2022-10-19 16:35:27,607 INFO streaming.PipeMapRed: R/W/S=2700000/21725/0 in:900000=2700000/3 [rec/s] out:7241=21725/3 [rec/s]
2022-10-19 16:35:27,756 INFO streaming.PipeMapRed: R/W/S=2800000/22486/0 in:933333=2800000/3 [rec/s] out:7495=22486/3 [rec/s]
2022-10-19 16:35:27,862 INFO streaming.PipeMapRed: R/W/S=2900000/23238/0 in:725000=2900000/4 [rec/s] out:5809=23238/4 [rec/s]
2022-10-19 16:35:27,987 INFO streaming.PipeMapRed: MRErrorThread done
2022-10-19 16:35:27,988 INFO streaming.PipeMapRed: mapRedFinished
2022-10-19 16:35:27,989 INFO mapred.Task: Task:attempt_local1422069034_0001_r_000000_0 is done. And is in the process of committing
2022-10-19 16:35:27,990 INFO mapred.LocalJobRunner: 15 / 15 copied.
2022-10-19 16:35:27,990 INFO mapred.Task: Task attempt_local1422069034_0001_r_000000_0 is allowed to commit now
2022-10-19 16:35:27,996 INFO output.FileOutputCommitter: Saved output of task 'attempt_local1422069034_0001_r_000000_0' to file:/home/fs70824/trainee20/hadoop_training/MapReduce/temp
2022-10-19 16:35:28,000 INFO mapred.LocalJobRunner: Records R/W=73055/1 > reduce
2022-10-19 16:35:28,000 INFO mapred.Task: Task 'attempt_local1422069034_0001_r_000000_0' done.
2022-10-19 16:35:28,001 INFO mapred.Task: Final Counters for attempt_local1422069034_0001_r_000000_0: Counters: 24
	File System Counters
		FILE: Number of bytes read=627468271
		FILE: Number of bytes written=151373315
		FILE: Number of read operations=0
		FILE: Number of large read operations=0
		FILE: Number of write operations=0
	Map-Reduce Framework
		Combine input records=0
		Combine output records=0
		Reduce input groups=31111
		Reduce shuffle bytes=75023712
		Reduce input records=2978401
		Reduce output records=24019
		Spilled Records=2978401
		Shuffled Maps =15
		Failed Shuffles=0
		Merged Map outputs=15
		GC time elapsed (ms)=6
		Total committed heap usage (bytes)=1581252608
	Shuffle Errors
		BAD_ID=0
		CONNECTION=0
		IO_ERROR=0
		WRONG_LENGTH=0
		WRONG_MAP=0
		WRONG_REDUCE=0
	File Output Format Counters 
		Bytes Written=529024
2022-10-19 16:35:28,001 INFO mapred.LocalJobRunner: Finishing task: attempt_local1422069034_0001_r_000000_0
2022-10-19 16:35:28,001 INFO mapred.LocalJobRunner: reduce task executor complete.
2022-10-19 16:35:28,011 INFO mapreduce.Job:  map 100% reduce 100%
2022-10-19 16:35:29,012 INFO mapreduce.Job: Job job_local1422069034_0001 completed successfully
2022-10-19 16:35:29,027 INFO mapreduce.Job: Counters: 30
	File System Counters
		FILE: Number of bytes read=4630702393
		FILE: Number of bytes written=786752563
		FILE: Number of read operations=0
		FILE: Number of large read operations=0
		FILE: Number of write operations=0
	Map-Reduce Framework
		Map input records=2978401
		Map output records=2978401
		Map output bytes=69066820
		Map output materialized bytes=75023712
		Input split bytes=1770
		Combine input records=0
		Combine output records=0
		Reduce input groups=31111
		Reduce shuffle bytes=75023712
		Reduce input records=2978401
		Reduce output records=24019
		Spilled Records=5956802
		Shuffled Maps =15
		Failed Shuffles=0
		Merged Map outputs=15
		GC time elapsed (ms)=17
		Total committed heap usage (bytes)=25300041728
	Shuffle Errors
		BAD_ID=0
		CONNECTION=0
		IO_ERROR=0
		WRONG_LENGTH=0
		WRONG_MAP=0
		WRONG_REDUCE=0
	File Input Format Counters 
		Bytes Read=477259055
	File Output Format Counters 
		Bytes Written=529024
2022-10-19 16:35:29,027 INFO streaming.StreamJob: Output directory: temp
