2022-10-19 17:08:35,115 INFO impl.MetricsConfig: Loaded properties from hadoop-metrics2.properties
2022-10-19 17:08:35,205 INFO impl.MetricsSystemImpl: Scheduled Metric snapshot period at 10 second(s).
2022-10-19 17:08:35,205 INFO impl.MetricsSystemImpl: JobTracker metrics system started
2022-10-19 17:08:35,216 WARN impl.MetricsSystemImpl: JobTracker metrics system already initialized!
2022-10-19 17:08:35,338 INFO mapred.FileInputFormat: Total input files to process : 1
2022-10-19 17:08:35,349 INFO mapreduce.JobSubmitter: number of splits:15
2022-10-19 17:08:35,464 INFO mapreduce.JobSubmitter: Submitting tokens for job: job_local788793946_0001
2022-10-19 17:08:35,464 INFO mapreduce.JobSubmitter: Executing with tokens: []
2022-10-19 17:08:35,652 INFO mapred.LocalDistributedCacheManager: Localized file:/home/fs70824/trainee20/hadoop_training/MapReduce/mapper.py as file:/local/hadoop-$USER/mapred/local/job_local788793946_0001_d8cf5425-4ffd-42bb-89b6-eda9025624e7/mapper.py
2022-10-19 17:08:35,671 INFO mapred.LocalDistributedCacheManager: Localized file:/home/fs70824/trainee20/hadoop_training/MapReduce/reducer.py as file:/local/hadoop-$USER/mapred/local/job_local788793946_0001_fec7f4b8-cef0-40e4-ab6e-371974972bc1/reducer.py
2022-10-19 17:08:35,713 INFO mapreduce.Job: The url to track the job: http://localhost:8080/
2022-10-19 17:08:35,715 INFO mapred.LocalJobRunner: OutputCommitter set in config null
2022-10-19 17:08:35,716 INFO mapreduce.Job: Running job: job_local788793946_0001
2022-10-19 17:08:35,718 INFO mapred.LocalJobRunner: OutputCommitter is org.apache.hadoop.mapred.FileOutputCommitter
2022-10-19 17:08:35,723 INFO output.FileOutputCommitter: File Output Committer Algorithm version is 2
2022-10-19 17:08:35,723 INFO output.FileOutputCommitter: FileOutputCommitter skip cleanup _temporary folders under output directory:false, ignore cleanup failures: false
2022-10-19 17:08:35,768 INFO mapred.LocalJobRunner: Waiting for map tasks
2022-10-19 17:08:35,770 INFO mapred.LocalJobRunner: Starting task: attempt_local788793946_0001_m_000000_0
2022-10-19 17:08:35,791 INFO output.FileOutputCommitter: File Output Committer Algorithm version is 2
2022-10-19 17:08:35,791 INFO output.FileOutputCommitter: FileOutputCommitter skip cleanup _temporary folders under output directory:false, ignore cleanup failures: false
2022-10-19 17:08:35,809 INFO mapred.Task:  Using ResourceCalculatorProcessTree : [ ]
2022-10-19 17:08:35,814 INFO mapred.MapTask: Processing split: file:/home/fs70824/training/hadoop_training_data/consumer_data.csv:0+33554432
2022-10-19 17:08:35,826 INFO mapred.MapTask: numReduceTasks: 1
2022-10-19 17:08:35,859 INFO mapred.MapTask: (EQUATOR) 0 kvi 26214396(104857584)
2022-10-19 17:08:35,859 INFO mapred.MapTask: mapreduce.task.io.sort.mb: 100
2022-10-19 17:08:35,859 INFO mapred.MapTask: soft limit at 83886080
2022-10-19 17:08:35,859 INFO mapred.MapTask: bufstart = 0; bufvoid = 104857600
2022-10-19 17:08:35,859 INFO mapred.MapTask: kvstart = 26214396; length = 6553600
2022-10-19 17:08:35,862 INFO mapred.MapTask: Map output collector class = org.apache.hadoop.mapred.MapTask$MapOutputBuffer
2022-10-19 17:08:35,874 INFO streaming.PipeMapRed: PipeMapRed exec [/home/fs70824/trainee20/hadoop_training/MapReduce/./mapper.py]
2022-10-19 17:08:35,877 INFO Configuration.deprecation: mapred.work.output.dir is deprecated. Instead, use mapreduce.task.output.dir
2022-10-19 17:08:35,878 INFO Configuration.deprecation: mapred.local.dir is deprecated. Instead, use mapreduce.cluster.local.dir
2022-10-19 17:08:35,878 INFO Configuration.deprecation: map.input.file is deprecated. Instead, use mapreduce.map.input.file
2022-10-19 17:08:35,878 INFO Configuration.deprecation: map.input.length is deprecated. Instead, use mapreduce.map.input.length
2022-10-19 17:08:35,878 INFO Configuration.deprecation: mapred.job.id is deprecated. Instead, use mapreduce.job.id
2022-10-19 17:08:35,878 INFO Configuration.deprecation: mapred.task.partition is deprecated. Instead, use mapreduce.task.partition
2022-10-19 17:08:35,880 INFO Configuration.deprecation: map.input.start is deprecated. Instead, use mapreduce.map.input.start
2022-10-19 17:08:35,880 INFO Configuration.deprecation: mapred.task.is.map is deprecated. Instead, use mapreduce.task.ismap
2022-10-19 17:08:35,880 INFO Configuration.deprecation: mapred.task.id is deprecated. Instead, use mapreduce.task.attempt.id
2022-10-19 17:08:35,880 INFO Configuration.deprecation: mapred.tip.id is deprecated. Instead, use mapreduce.task.id
2022-10-19 17:08:35,880 INFO Configuration.deprecation: mapred.skip.on is deprecated. Instead, use mapreduce.job.skiprecords
2022-10-19 17:08:35,884 INFO Configuration.deprecation: user.name is deprecated. Instead, use mapreduce.job.user.name
2022-10-19 17:08:35,897 INFO streaming.PipeMapRed: R/W/S=1/0/0 in:NA [rec/s] out:NA [rec/s]
2022-10-19 17:08:35,897 INFO streaming.PipeMapRed: R/W/S=10/0/0 in:NA [rec/s] out:NA [rec/s]
2022-10-19 17:08:35,898 INFO streaming.PipeMapRed: R/W/S=100/0/0 in:NA [rec/s] out:NA [rec/s]
2022-10-19 17:08:36,005 INFO streaming.PipeMapRed: R/W/S=1000/0/0 in:NA [rec/s] out:NA [rec/s]
2022-10-19 17:08:36,005 INFO streaming.PipeMapRed: Records R/W=1073/1
2022-10-19 17:08:36,038 INFO streaming.PipeMapRed: R/W/S=10000/9124/0 in:NA [rec/s] out:NA [rec/s]
2022-10-19 17:08:36,218 INFO streaming.PipeMapRed: R/W/S=100000/99117/0 in:NA [rec/s] out:NA [rec/s]
2022-10-19 17:08:36,419 INFO streaming.PipeMapRed: R/W/S=200000/198927/0 in:NA [rec/s] out:NA [rec/s]
2022-10-19 17:08:36,431 INFO streaming.PipeMapRed: MRErrorThread done
2022-10-19 17:08:36,432 INFO streaming.PipeMapRed: mapRedFinished
2022-10-19 17:08:36,435 INFO mapred.LocalJobRunner: 
2022-10-19 17:08:36,435 INFO mapred.MapTask: Starting flush of map output
2022-10-19 17:08:36,435 INFO mapred.MapTask: Spilling map output
2022-10-19 17:08:36,435 INFO mapred.MapTask: bufstart = 0; bufend = 4687156; bufvoid = 104857600
2022-10-19 17:08:36,435 INFO mapred.MapTask: kvstart = 26214396(104857584); kvend = 25399532(101598128); length = 814865/6553600
2022-10-19 17:08:36,659 INFO mapred.MapTask: Finished spill 0
2022-10-19 17:08:36,668 INFO mapred.Task: Task:attempt_local788793946_0001_m_000000_0 is done. And is in the process of committing
2022-10-19 17:08:36,669 INFO mapred.LocalJobRunner: Records R/W=1073/1
2022-10-19 17:08:36,670 INFO mapred.Task: Task 'attempt_local788793946_0001_m_000000_0' done.
2022-10-19 17:08:36,675 INFO mapred.Task: Final Counters for attempt_local788793946_0001_m_000000_0: Counters: 17
	File System Counters
		FILE: Number of bytes read=33703926
		FILE: Number of bytes written=5887997
		FILE: Number of read operations=0
		FILE: Number of large read operations=0
		FILE: Number of write operations=0
	Map-Reduce Framework
		Map input records=203717
		Map output records=203717
		Map output bytes=4687156
		Map output materialized bytes=5094596
		Input split bytes=118
		Combine input records=0
		Spilled Records=203717
		Failed Shuffles=0
		Merged Map outputs=0
		GC time elapsed (ms)=2
		Total committed heap usage (bytes)=1581252608
	File Input Format Counters 
		Bytes Read=33558528
2022-10-19 17:08:36,676 INFO mapred.LocalJobRunner: Finishing task: attempt_local788793946_0001_m_000000_0
2022-10-19 17:08:36,676 INFO mapred.LocalJobRunner: Starting task: attempt_local788793946_0001_m_000001_0
2022-10-19 17:08:36,677 INFO output.FileOutputCommitter: File Output Committer Algorithm version is 2
2022-10-19 17:08:36,677 INFO output.FileOutputCommitter: FileOutputCommitter skip cleanup _temporary folders under output directory:false, ignore cleanup failures: false
2022-10-19 17:08:36,677 INFO mapred.Task:  Using ResourceCalculatorProcessTree : [ ]
2022-10-19 17:08:36,678 INFO mapred.MapTask: Processing split: file:/home/fs70824/training/hadoop_training_data/consumer_data.csv:33554432+33554432
2022-10-19 17:08:36,680 INFO mapred.MapTask: numReduceTasks: 1
2022-10-19 17:08:36,708 INFO mapred.MapTask: (EQUATOR) 0 kvi 26214396(104857584)
2022-10-19 17:08:36,709 INFO mapred.MapTask: mapreduce.task.io.sort.mb: 100
2022-10-19 17:08:36,709 INFO mapred.MapTask: soft limit at 83886080
2022-10-19 17:08:36,709 INFO mapred.MapTask: bufstart = 0; bufvoid = 104857600
2022-10-19 17:08:36,709 INFO mapred.MapTask: kvstart = 26214396; length = 6553600
2022-10-19 17:08:36,709 INFO mapred.MapTask: Map output collector class = org.apache.hadoop.mapred.MapTask$MapOutputBuffer
2022-10-19 17:08:36,714 INFO streaming.PipeMapRed: PipeMapRed exec [/home/fs70824/trainee20/hadoop_training/MapReduce/./mapper.py]
2022-10-19 17:08:36,722 INFO mapreduce.Job: Job job_local788793946_0001 running in uber mode : false
2022-10-19 17:08:36,722 INFO streaming.PipeMapRed: R/W/S=1/0/0 in:NA [rec/s] out:NA [rec/s]
2022-10-19 17:08:36,722 INFO streaming.PipeMapRed: R/W/S=10/0/0 in:NA [rec/s] out:NA [rec/s]
2022-10-19 17:08:36,722 INFO streaming.PipeMapRed: R/W/S=100/0/0 in:NA [rec/s] out:NA [rec/s]
2022-10-19 17:08:36,724 INFO mapreduce.Job:  map 100% reduce 0%
2022-10-19 17:08:36,754 INFO streaming.PipeMapRed: R/W/S=1000/1/0 in:NA [rec/s] out:NA [rec/s]
2022-10-19 17:08:36,754 INFO streaming.PipeMapRed: Records R/W=1000/1
2022-10-19 17:08:36,771 INFO streaming.PipeMapRed: R/W/S=10000/8874/0 in:NA [rec/s] out:NA [rec/s]
2022-10-19 17:08:36,947 INFO streaming.PipeMapRed: R/W/S=100000/98975/0 in:NA [rec/s] out:NA [rec/s]
2022-10-19 17:08:37,142 INFO streaming.PipeMapRed: R/W/S=200000/198679/0 in:NA [rec/s] out:NA [rec/s]
2022-10-19 17:08:37,161 INFO streaming.PipeMapRed: MRErrorThread done
2022-10-19 17:08:37,162 INFO streaming.PipeMapRed: mapRedFinished
2022-10-19 17:08:37,163 INFO mapred.LocalJobRunner: 
2022-10-19 17:08:37,163 INFO mapred.MapTask: Starting flush of map output
2022-10-19 17:08:37,163 INFO mapred.MapTask: Spilling map output
2022-10-19 17:08:37,163 INFO mapred.MapTask: bufstart = 0; bufend = 4763983; bufvoid = 104857600
2022-10-19 17:08:37,163 INFO mapred.MapTask: kvstart = 26214396(104857584); kvend = 25387192(101548768); length = 827205/6553600
2022-10-19 17:08:37,351 INFO mapred.MapTask: Finished spill 0
2022-10-19 17:08:37,353 INFO mapred.Task: Task:attempt_local788793946_0001_m_000001_0 is done. And is in the process of committing
2022-10-19 17:08:37,354 INFO mapred.LocalJobRunner: Records R/W=1000/1
2022-10-19 17:08:37,354 INFO mapred.Task: Task 'attempt_local788793946_0001_m_000001_0' done.
2022-10-19 17:08:37,354 INFO mapred.Task: Final Counters for attempt_local788793946_0001_m_000001_0: Counters: 17
	File System Counters
		FILE: Number of bytes read=67264255
		FILE: Number of bytes written=11065622
		FILE: Number of read operations=0
		FILE: Number of large read operations=0
		FILE: Number of write operations=0
	Map-Reduce Framework
		Map input records=206802
		Map output records=206802
		Map output bytes=4763983
		Map output materialized bytes=5177593
		Input split bytes=118
		Combine input records=0
		Spilled Records=206802
		Failed Shuffles=0
		Merged Map outputs=0
		GC time elapsed (ms)=0
		Total committed heap usage (bytes)=1581252608
	File Input Format Counters 
		Bytes Read=33558528
2022-10-19 17:08:37,354 INFO mapred.LocalJobRunner: Finishing task: attempt_local788793946_0001_m_000001_0
2022-10-19 17:08:37,355 INFO mapred.LocalJobRunner: Starting task: attempt_local788793946_0001_m_000002_0
2022-10-19 17:08:37,356 INFO output.FileOutputCommitter: File Output Committer Algorithm version is 2
2022-10-19 17:08:37,356 INFO output.FileOutputCommitter: FileOutputCommitter skip cleanup _temporary folders under output directory:false, ignore cleanup failures: false
2022-10-19 17:08:37,356 INFO mapred.Task:  Using ResourceCalculatorProcessTree : [ ]
2022-10-19 17:08:37,357 INFO mapred.MapTask: Processing split: file:/home/fs70824/training/hadoop_training_data/consumer_data.csv:67108864+33554432
2022-10-19 17:08:37,359 INFO mapred.MapTask: numReduceTasks: 1
2022-10-19 17:08:37,387 INFO mapred.MapTask: (EQUATOR) 0 kvi 26214396(104857584)
2022-10-19 17:08:37,387 INFO mapred.MapTask: mapreduce.task.io.sort.mb: 100
2022-10-19 17:08:37,387 INFO mapred.MapTask: soft limit at 83886080
2022-10-19 17:08:37,387 INFO mapred.MapTask: bufstart = 0; bufvoid = 104857600
2022-10-19 17:08:37,387 INFO mapred.MapTask: kvstart = 26214396; length = 6553600
2022-10-19 17:08:37,388 INFO mapred.MapTask: Map output collector class = org.apache.hadoop.mapred.MapTask$MapOutputBuffer
2022-10-19 17:08:37,394 INFO streaming.PipeMapRed: PipeMapRed exec [/home/fs70824/trainee20/hadoop_training/MapReduce/./mapper.py]
2022-10-19 17:08:37,400 INFO streaming.PipeMapRed: R/W/S=1/0/0 in:NA [rec/s] out:NA [rec/s]
2022-10-19 17:08:37,400 INFO streaming.PipeMapRed: R/W/S=10/0/0 in:NA [rec/s] out:NA [rec/s]
2022-10-19 17:08:37,401 INFO streaming.PipeMapRed: R/W/S=100/0/0 in:NA [rec/s] out:NA [rec/s]
2022-10-19 17:08:37,427 INFO streaming.PipeMapRed: Records R/W=858/1
2022-10-19 17:08:37,427 INFO streaming.PipeMapRed: R/W/S=1000/191/0 in:NA [rec/s] out:NA [rec/s]
2022-10-19 17:08:37,451 INFO streaming.PipeMapRed: R/W/S=10000/9242/0 in:NA [rec/s] out:NA [rec/s]
2022-10-19 17:08:37,633 INFO streaming.PipeMapRed: R/W/S=100000/99171/0 in:NA [rec/s] out:NA [rec/s]
2022-10-19 17:08:37,832 INFO streaming.PipeMapRed: R/W/S=200000/199180/0 in:NA [rec/s] out:NA [rec/s]
2022-10-19 17:08:37,844 INFO streaming.PipeMapRed: MRErrorThread done
2022-10-19 17:08:37,845 INFO streaming.PipeMapRed: mapRedFinished
2022-10-19 17:08:37,845 INFO mapred.LocalJobRunner: 
2022-10-19 17:08:37,845 INFO mapred.MapTask: Starting flush of map output
2022-10-19 17:08:37,845 INFO mapred.MapTask: Spilling map output
2022-10-19 17:08:37,845 INFO mapred.MapTask: bufstart = 0; bufend = 4692792; bufvoid = 104857600
2022-10-19 17:08:37,845 INFO mapred.MapTask: kvstart = 26214396(104857584); kvend = 25399180(101596720); length = 815217/6553600
2022-10-19 17:08:38,013 INFO mapred.MapTask: Finished spill 0
2022-10-19 17:08:38,015 INFO mapred.Task: Task:attempt_local788793946_0001_m_000002_0 is done. And is in the process of committing
2022-10-19 17:08:38,016 INFO mapred.LocalJobRunner: Records R/W=858/1
2022-10-19 17:08:38,016 INFO mapred.Task: Task 'attempt_local788793946_0001_m_000002_0' done.
2022-10-19 17:08:38,016 INFO mapred.Task: Final Counters for attempt_local788793946_0001_m_000002_0: Counters: 17
	File System Counters
		FILE: Number of bytes read=100824584
		FILE: Number of bytes written=16166062
		FILE: Number of read operations=0
		FILE: Number of large read operations=0
		FILE: Number of write operations=0
	Map-Reduce Framework
		Map input records=203805
		Map output records=203805
		Map output bytes=4692792
		Map output materialized bytes=5100408
		Input split bytes=118
		Combine input records=0
		Spilled Records=203805
		Failed Shuffles=0
		Merged Map outputs=0
		GC time elapsed (ms)=0
		Total committed heap usage (bytes)=1581252608
	File Input Format Counters 
		Bytes Read=33558528
2022-10-19 17:08:38,016 INFO mapred.LocalJobRunner: Finishing task: attempt_local788793946_0001_m_000002_0
2022-10-19 17:08:38,016 INFO mapred.LocalJobRunner: Starting task: attempt_local788793946_0001_m_000003_0
2022-10-19 17:08:38,017 INFO output.FileOutputCommitter: File Output Committer Algorithm version is 2
2022-10-19 17:08:38,017 INFO output.FileOutputCommitter: FileOutputCommitter skip cleanup _temporary folders under output directory:false, ignore cleanup failures: false
2022-10-19 17:08:38,018 INFO mapred.Task:  Using ResourceCalculatorProcessTree : [ ]
2022-10-19 17:08:38,018 INFO mapred.MapTask: Processing split: file:/home/fs70824/training/hadoop_training_data/consumer_data.csv:100663296+33554432
2022-10-19 17:08:38,021 INFO mapred.MapTask: numReduceTasks: 1
2022-10-19 17:08:38,049 INFO mapred.MapTask: (EQUATOR) 0 kvi 26214396(104857584)
2022-10-19 17:08:38,049 INFO mapred.MapTask: mapreduce.task.io.sort.mb: 100
2022-10-19 17:08:38,049 INFO mapred.MapTask: soft limit at 83886080
2022-10-19 17:08:38,049 INFO mapred.MapTask: bufstart = 0; bufvoid = 104857600
2022-10-19 17:08:38,049 INFO mapred.MapTask: kvstart = 26214396; length = 6553600
2022-10-19 17:08:38,050 INFO mapred.MapTask: Map output collector class = org.apache.hadoop.mapred.MapTask$MapOutputBuffer
2022-10-19 17:08:38,056 INFO streaming.PipeMapRed: PipeMapRed exec [/home/fs70824/trainee20/hadoop_training/MapReduce/./mapper.py]
2022-10-19 17:08:38,063 INFO streaming.PipeMapRed: R/W/S=1/0/0 in:NA [rec/s] out:NA [rec/s]
2022-10-19 17:08:38,063 INFO streaming.PipeMapRed: R/W/S=10/0/0 in:NA [rec/s] out:NA [rec/s]
2022-10-19 17:08:38,063 INFO streaming.PipeMapRed: R/W/S=100/0/0 in:NA [rec/s] out:NA [rec/s]
2022-10-19 17:08:38,087 INFO streaming.PipeMapRed: R/W/S=1000/0/0 in:NA [rec/s] out:NA [rec/s]
2022-10-19 17:08:38,088 INFO streaming.PipeMapRed: Records R/W=1000/1
2022-10-19 17:08:38,105 INFO streaming.PipeMapRed: R/W/S=10000/9264/0 in:NA [rec/s] out:NA [rec/s]
2022-10-19 17:08:38,283 INFO streaming.PipeMapRed: R/W/S=100000/99199/0 in:NA [rec/s] out:NA [rec/s]
2022-10-19 17:08:38,481 INFO streaming.PipeMapRed: R/W/S=200000/198997/0 in:NA [rec/s] out:NA [rec/s]
2022-10-19 17:08:38,493 INFO streaming.PipeMapRed: MRErrorThread done
2022-10-19 17:08:38,493 INFO streaming.PipeMapRed: mapRedFinished
2022-10-19 17:08:38,494 INFO mapred.LocalJobRunner: 
2022-10-19 17:08:38,494 INFO mapred.MapTask: Starting flush of map output
2022-10-19 17:08:38,494 INFO mapred.MapTask: Spilling map output
2022-10-19 17:08:38,494 INFO mapred.MapTask: bufstart = 0; bufend = 4729115; bufvoid = 104857600
2022-10-19 17:08:38,494 INFO mapred.MapTask: kvstart = 26214396(104857584); kvend = 25399388(101597552); length = 815009/6553600
2022-10-19 17:08:38,661 INFO mapred.MapTask: Finished spill 0
2022-10-19 17:08:38,662 INFO mapred.Task: Task:attempt_local788793946_0001_m_000003_0 is done. And is in the process of committing
2022-10-19 17:08:38,663 INFO mapred.LocalJobRunner: Records R/W=1000/1
2022-10-19 17:08:38,663 INFO mapred.Task: Task 'attempt_local788793946_0001_m_000003_0' done.
2022-10-19 17:08:38,664 INFO mapred.Task: Final Counters for attempt_local788793946_0001_m_000003_0: Counters: 17
	File System Counters
		FILE: Number of bytes read=134384913
		FILE: Number of bytes written=21302721
		FILE: Number of read operations=0
		FILE: Number of large read operations=0
		FILE: Number of write operations=0
	Map-Reduce Framework
		Map input records=203753
		Map output records=203753
		Map output bytes=4729115
		Map output materialized bytes=5136627
		Input split bytes=118
		Combine input records=0
		Spilled Records=203753
		Failed Shuffles=0
		Merged Map outputs=0
		GC time elapsed (ms)=3
		Total committed heap usage (bytes)=1581252608
	File Input Format Counters 
		Bytes Read=33558528
2022-10-19 17:08:38,664 INFO mapred.LocalJobRunner: Finishing task: attempt_local788793946_0001_m_000003_0
2022-10-19 17:08:38,664 INFO mapred.LocalJobRunner: Starting task: attempt_local788793946_0001_m_000004_0
2022-10-19 17:08:38,665 INFO output.FileOutputCommitter: File Output Committer Algorithm version is 2
2022-10-19 17:08:38,665 INFO output.FileOutputCommitter: FileOutputCommitter skip cleanup _temporary folders under output directory:false, ignore cleanup failures: false
2022-10-19 17:08:38,665 INFO mapred.Task:  Using ResourceCalculatorProcessTree : [ ]
2022-10-19 17:08:38,666 INFO mapred.MapTask: Processing split: file:/home/fs70824/training/hadoop_training_data/consumer_data.csv:134217728+33554432
2022-10-19 17:08:38,668 INFO mapred.MapTask: numReduceTasks: 1
2022-10-19 17:08:38,686 INFO mapred.MapTask: (EQUATOR) 0 kvi 26214396(104857584)
2022-10-19 17:08:38,686 INFO mapred.MapTask: mapreduce.task.io.sort.mb: 100
2022-10-19 17:08:38,686 INFO mapred.MapTask: soft limit at 83886080
2022-10-19 17:08:38,686 INFO mapred.MapTask: bufstart = 0; bufvoid = 104857600
2022-10-19 17:08:38,686 INFO mapred.MapTask: kvstart = 26214396; length = 6553600
2022-10-19 17:08:38,687 INFO mapred.MapTask: Map output collector class = org.apache.hadoop.mapred.MapTask$MapOutputBuffer
2022-10-19 17:08:38,692 INFO streaming.PipeMapRed: PipeMapRed exec [/home/fs70824/trainee20/hadoop_training/MapReduce/./mapper.py]
2022-10-19 17:08:38,698 INFO streaming.PipeMapRed: R/W/S=1/0/0 in:NA [rec/s] out:NA [rec/s]
2022-10-19 17:08:38,698 INFO streaming.PipeMapRed: R/W/S=10/0/0 in:NA [rec/s] out:NA [rec/s]
2022-10-19 17:08:38,698 INFO streaming.PipeMapRed: R/W/S=100/0/0 in:NA [rec/s] out:NA [rec/s]
2022-10-19 17:08:38,724 INFO streaming.PipeMapRed: R/W/S=1000/0/0 in:NA [rec/s] out:NA [rec/s]
2022-10-19 17:08:38,724 INFO streaming.PipeMapRed: Records R/W=1000/1
2022-10-19 17:08:38,742 INFO streaming.PipeMapRed: R/W/S=10000/9150/0 in:NA [rec/s] out:NA [rec/s]
2022-10-19 17:08:38,919 INFO streaming.PipeMapRed: R/W/S=100000/99039/0 in:NA [rec/s] out:NA [rec/s]
2022-10-19 17:08:39,116 INFO streaming.PipeMapRed: R/W/S=200000/199142/0 in:NA [rec/s] out:NA [rec/s]
2022-10-19 17:08:39,141 INFO streaming.PipeMapRed: MRErrorThread done
2022-10-19 17:08:39,142 INFO streaming.PipeMapRed: mapRedFinished
2022-10-19 17:08:39,142 INFO mapred.LocalJobRunner: 
2022-10-19 17:08:39,142 INFO mapred.MapTask: Starting flush of map output
2022-10-19 17:08:39,142 INFO mapred.MapTask: Spilling map output
2022-10-19 17:08:39,142 INFO mapred.MapTask: bufstart = 0; bufend = 4900772; bufvoid = 104857600
2022-10-19 17:08:39,142 INFO mapred.MapTask: kvstart = 26214396(104857584); kvend = 25372052(101488208); length = 842345/6553600
2022-10-19 17:08:39,321 INFO mapred.MapTask: Finished spill 0
2022-10-19 17:08:39,322 INFO mapred.Task: Task:attempt_local788793946_0001_m_000004_0 is done. And is in the process of committing
2022-10-19 17:08:39,323 INFO mapred.LocalJobRunner: Records R/W=1000/1
2022-10-19 17:08:39,323 INFO mapred.Task: Task 'attempt_local788793946_0001_m_000004_0' done.
2022-10-19 17:08:39,324 INFO mapred.Task: Final Counters for attempt_local788793946_0001_m_000004_0: Counters: 17
	File System Counters
		FILE: Number of bytes read=167945242
		FILE: Number of bytes written=26624705
		FILE: Number of read operations=0
		FILE: Number of large read operations=0
		FILE: Number of write operations=0
	Map-Reduce Framework
		Map input records=210587
		Map output records=210587
		Map output bytes=4900772
		Map output materialized bytes=5321952
		Input split bytes=118
		Combine input records=0
		Spilled Records=210587
		Failed Shuffles=0
		Merged Map outputs=0
		GC time elapsed (ms)=0
		Total committed heap usage (bytes)=1581252608
	File Input Format Counters 
		Bytes Read=33558528
2022-10-19 17:08:39,324 INFO mapred.LocalJobRunner: Finishing task: attempt_local788793946_0001_m_000004_0
2022-10-19 17:08:39,324 INFO mapred.LocalJobRunner: Starting task: attempt_local788793946_0001_m_000005_0
2022-10-19 17:08:39,325 INFO output.FileOutputCommitter: File Output Committer Algorithm version is 2
2022-10-19 17:08:39,325 INFO output.FileOutputCommitter: FileOutputCommitter skip cleanup _temporary folders under output directory:false, ignore cleanup failures: false
2022-10-19 17:08:39,325 INFO mapred.Task:  Using ResourceCalculatorProcessTree : [ ]
2022-10-19 17:08:39,326 INFO mapred.MapTask: Processing split: file:/home/fs70824/training/hadoop_training_data/consumer_data.csv:167772160+33554432
2022-10-19 17:08:39,329 INFO mapred.MapTask: numReduceTasks: 1
2022-10-19 17:08:39,347 INFO mapred.MapTask: (EQUATOR) 0 kvi 26214396(104857584)
2022-10-19 17:08:39,347 INFO mapred.MapTask: mapreduce.task.io.sort.mb: 100
2022-10-19 17:08:39,347 INFO mapred.MapTask: soft limit at 83886080
2022-10-19 17:08:39,347 INFO mapred.MapTask: bufstart = 0; bufvoid = 104857600
2022-10-19 17:08:39,347 INFO mapred.MapTask: kvstart = 26214396; length = 6553600
2022-10-19 17:08:39,347 INFO mapred.MapTask: Map output collector class = org.apache.hadoop.mapred.MapTask$MapOutputBuffer
2022-10-19 17:08:39,352 INFO streaming.PipeMapRed: PipeMapRed exec [/home/fs70824/trainee20/hadoop_training/MapReduce/./mapper.py]
2022-10-19 17:08:39,359 INFO streaming.PipeMapRed: R/W/S=1/0/0 in:NA [rec/s] out:NA [rec/s]
2022-10-19 17:08:39,359 INFO streaming.PipeMapRed: R/W/S=10/0/0 in:NA [rec/s] out:NA [rec/s]
2022-10-19 17:08:39,359 INFO streaming.PipeMapRed: R/W/S=100/0/0 in:NA [rec/s] out:NA [rec/s]
2022-10-19 17:08:39,392 INFO streaming.PipeMapRed: R/W/S=1000/1/0 in:NA [rec/s] out:NA [rec/s]
2022-10-19 17:08:39,392 INFO streaming.PipeMapRed: Records R/W=903/1
2022-10-19 17:08:39,410 INFO streaming.PipeMapRed: R/W/S=10000/9173/0 in:NA [rec/s] out:NA [rec/s]
2022-10-19 17:08:39,586 INFO streaming.PipeMapRed: R/W/S=100000/99310/0 in:NA [rec/s] out:NA [rec/s]
2022-10-19 17:08:39,783 INFO streaming.PipeMapRed: R/W/S=200000/198902/0 in:NA [rec/s] out:NA [rec/s]
2022-10-19 17:08:39,802 INFO streaming.PipeMapRed: MRErrorThread done
2022-10-19 17:08:39,804 INFO streaming.PipeMapRed: mapRedFinished
2022-10-19 17:08:39,804 INFO mapred.LocalJobRunner: 
2022-10-19 17:08:39,804 INFO mapred.MapTask: Starting flush of map output
2022-10-19 17:08:39,804 INFO mapred.MapTask: Spilling map output
2022-10-19 17:08:39,804 INFO mapred.MapTask: bufstart = 0; bufend = 4791414; bufvoid = 104857600
2022-10-19 17:08:39,804 INFO mapred.MapTask: kvstart = 26214396(104857584); kvend = 25388916(101555664); length = 825481/6553600
2022-10-19 17:08:39,957 INFO mapred.MapTask: Finished spill 0
2022-10-19 17:08:39,959 INFO mapred.Task: Task:attempt_local788793946_0001_m_000005_0 is done. And is in the process of committing
2022-10-19 17:08:39,960 INFO mapred.LocalJobRunner: Records R/W=903/1
2022-10-19 17:08:39,960 INFO mapred.Task: Task 'attempt_local788793946_0001_m_000005_0' done.
2022-10-19 17:08:39,961 INFO mapred.Task: Final Counters for attempt_local788793946_0001_m_000005_0: Counters: 17
	File System Counters
		FILE: Number of bytes read=201505059
		FILE: Number of bytes written=31828899
		FILE: Number of read operations=0
		FILE: Number of large read operations=0
		FILE: Number of write operations=0
	Map-Reduce Framework
		Map input records=206371
		Map output records=206371
		Map output bytes=4791414
		Map output materialized bytes=5204162
		Input split bytes=118
		Combine input records=0
		Spilled Records=206371
		Failed Shuffles=0
		Merged Map outputs=0
		GC time elapsed (ms)=0
		Total committed heap usage (bytes)=1581252608
	File Input Format Counters 
		Bytes Read=33558528
2022-10-19 17:08:39,961 INFO mapred.LocalJobRunner: Finishing task: attempt_local788793946_0001_m_000005_0
2022-10-19 17:08:39,961 INFO mapred.LocalJobRunner: Starting task: attempt_local788793946_0001_m_000006_0
2022-10-19 17:08:39,962 INFO output.FileOutputCommitter: File Output Committer Algorithm version is 2
2022-10-19 17:08:39,962 INFO output.FileOutputCommitter: FileOutputCommitter skip cleanup _temporary folders under output directory:false, ignore cleanup failures: false
2022-10-19 17:08:39,962 INFO mapred.Task:  Using ResourceCalculatorProcessTree : [ ]
2022-10-19 17:08:39,963 INFO mapred.MapTask: Processing split: file:/home/fs70824/training/hadoop_training_data/consumer_data.csv:201326592+33554432
2022-10-19 17:08:39,965 INFO mapred.MapTask: numReduceTasks: 1
2022-10-19 17:08:39,983 INFO mapred.MapTask: (EQUATOR) 0 kvi 26214396(104857584)
2022-10-19 17:08:39,983 INFO mapred.MapTask: mapreduce.task.io.sort.mb: 100
2022-10-19 17:08:39,983 INFO mapred.MapTask: soft limit at 83886080
2022-10-19 17:08:39,983 INFO mapred.MapTask: bufstart = 0; bufvoid = 104857600
2022-10-19 17:08:39,983 INFO mapred.MapTask: kvstart = 26214396; length = 6553600
2022-10-19 17:08:39,984 INFO mapred.MapTask: Map output collector class = org.apache.hadoop.mapred.MapTask$MapOutputBuffer
2022-10-19 17:08:39,989 INFO streaming.PipeMapRed: PipeMapRed exec [/home/fs70824/trainee20/hadoop_training/MapReduce/./mapper.py]
2022-10-19 17:08:39,995 INFO streaming.PipeMapRed: R/W/S=1/0/0 in:NA [rec/s] out:NA [rec/s]
2022-10-19 17:08:39,995 INFO streaming.PipeMapRed: R/W/S=10/0/0 in:NA [rec/s] out:NA [rec/s]
2022-10-19 17:08:39,995 INFO streaming.PipeMapRed: R/W/S=100/0/0 in:NA [rec/s] out:NA [rec/s]
2022-10-19 17:08:40,029 INFO streaming.PipeMapRed: R/W/S=1000/1/0 in:NA [rec/s] out:NA [rec/s]
2022-10-19 17:08:40,029 INFO streaming.PipeMapRed: Records R/W=890/1
2022-10-19 17:08:40,047 INFO streaming.PipeMapRed: R/W/S=10000/9176/0 in:NA [rec/s] out:NA [rec/s]
2022-10-19 17:08:40,223 INFO streaming.PipeMapRed: R/W/S=100000/98696/0 in:NA [rec/s] out:NA [rec/s]
2022-10-19 17:08:40,421 INFO streaming.PipeMapRed: R/W/S=200000/199242/0 in:NA [rec/s] out:NA [rec/s]
2022-10-19 17:08:40,440 INFO streaming.PipeMapRed: MRErrorThread done
2022-10-19 17:08:40,441 INFO streaming.PipeMapRed: mapRedFinished
2022-10-19 17:08:40,441 INFO mapred.LocalJobRunner: 
2022-10-19 17:08:40,441 INFO mapred.MapTask: Starting flush of map output
2022-10-19 17:08:40,441 INFO mapred.MapTask: Spilling map output
2022-10-19 17:08:40,441 INFO mapred.MapTask: bufstart = 0; bufend = 4827367; bufvoid = 104857600
2022-10-19 17:08:40,441 INFO mapred.MapTask: kvstart = 26214396(104857584); kvend = 25384328(101537312); length = 830069/6553600
2022-10-19 17:08:40,596 INFO mapred.MapTask: Finished spill 0
2022-10-19 17:08:40,597 INFO mapred.Task: Task:attempt_local788793946_0001_m_000006_0 is done. And is in the process of committing
2022-10-19 17:08:40,598 INFO mapred.LocalJobRunner: Records R/W=890/1
2022-10-19 17:08:40,598 INFO mapred.Task: Task 'attempt_local788793946_0001_m_000006_0' done.
2022-10-19 17:08:40,599 INFO mapred.Task: Final Counters for attempt_local788793946_0001_m_000006_0: Counters: 17
	File System Counters
		FILE: Number of bytes read=235064876
		FILE: Number of bytes written=37071340
		FILE: Number of read operations=0
		FILE: Number of large read operations=0
		FILE: Number of write operations=0
	Map-Reduce Framework
		Map input records=207518
		Map output records=207518
		Map output bytes=4827367
		Map output materialized bytes=5242409
		Input split bytes=118
		Combine input records=0
		Spilled Records=207518
		Failed Shuffles=0
		Merged Map outputs=0
		GC time elapsed (ms)=0
		Total committed heap usage (bytes)=1581252608
	File Input Format Counters 
		Bytes Read=33558528
2022-10-19 17:08:40,599 INFO mapred.LocalJobRunner: Finishing task: attempt_local788793946_0001_m_000006_0
2022-10-19 17:08:40,599 INFO mapred.LocalJobRunner: Starting task: attempt_local788793946_0001_m_000007_0
2022-10-19 17:08:40,600 INFO output.FileOutputCommitter: File Output Committer Algorithm version is 2
2022-10-19 17:08:40,600 INFO output.FileOutputCommitter: FileOutputCommitter skip cleanup _temporary folders under output directory:false, ignore cleanup failures: false
2022-10-19 17:08:40,600 INFO mapred.Task:  Using ResourceCalculatorProcessTree : [ ]
2022-10-19 17:08:40,600 INFO mapred.MapTask: Processing split: file:/home/fs70824/training/hadoop_training_data/consumer_data.csv:234881024+33554432
2022-10-19 17:08:40,604 INFO mapred.MapTask: numReduceTasks: 1
2022-10-19 17:08:40,632 INFO mapred.MapTask: (EQUATOR) 0 kvi 26214396(104857584)
2022-10-19 17:08:40,632 INFO mapred.MapTask: mapreduce.task.io.sort.mb: 100
2022-10-19 17:08:40,632 INFO mapred.MapTask: soft limit at 83886080
2022-10-19 17:08:40,632 INFO mapred.MapTask: bufstart = 0; bufvoid = 104857600
2022-10-19 17:08:40,632 INFO mapred.MapTask: kvstart = 26214396; length = 6553600
2022-10-19 17:08:40,633 INFO mapred.MapTask: Map output collector class = org.apache.hadoop.mapred.MapTask$MapOutputBuffer
2022-10-19 17:08:40,640 INFO streaming.PipeMapRed: PipeMapRed exec [/home/fs70824/trainee20/hadoop_training/MapReduce/./mapper.py]
2022-10-19 17:08:40,646 INFO streaming.PipeMapRed: R/W/S=1/0/0 in:NA [rec/s] out:NA [rec/s]
2022-10-19 17:08:40,646 INFO streaming.PipeMapRed: R/W/S=10/0/0 in:NA [rec/s] out:NA [rec/s]
2022-10-19 17:08:40,646 INFO streaming.PipeMapRed: R/W/S=100/0/0 in:NA [rec/s] out:NA [rec/s]
2022-10-19 17:08:40,673 INFO streaming.PipeMapRed: R/W/S=1000/1/0 in:NA [rec/s] out:NA [rec/s]
2022-10-19 17:08:40,673 INFO streaming.PipeMapRed: Records R/W=875/1
2022-10-19 17:08:40,690 INFO streaming.PipeMapRed: R/W/S=10000/8864/0 in:NA [rec/s] out:NA [rec/s]
2022-10-19 17:08:40,869 INFO streaming.PipeMapRed: R/W/S=100000/99157/0 in:NA [rec/s] out:NA [rec/s]
2022-10-19 17:08:41,068 INFO streaming.PipeMapRed: R/W/S=200000/199023/0 in:NA [rec/s] out:NA [rec/s]
2022-10-19 17:08:41,091 INFO streaming.PipeMapRed: MRErrorThread done
2022-10-19 17:08:41,091 INFO streaming.PipeMapRed: mapRedFinished
2022-10-19 17:08:41,092 INFO mapred.LocalJobRunner: 
2022-10-19 17:08:41,092 INFO mapred.MapTask: Starting flush of map output
2022-10-19 17:08:41,092 INFO mapred.MapTask: Spilling map output
2022-10-19 17:08:41,092 INFO mapred.MapTask: bufstart = 0; bufend = 4869441; bufvoid = 104857600
2022-10-19 17:08:41,092 INFO mapred.MapTask: kvstart = 26214396(104857584); kvend = 25376592(101506368); length = 837805/6553600
2022-10-19 17:08:41,249 INFO mapred.MapTask: Finished spill 0
2022-10-19 17:08:41,250 INFO mapred.Task: Task:attempt_local788793946_0001_m_000007_0 is done. And is in the process of committing
2022-10-19 17:08:41,251 INFO mapred.LocalJobRunner: Records R/W=875/1
2022-10-19 17:08:41,251 INFO mapred.Task: Task 'attempt_local788793946_0001_m_000007_0' done.
2022-10-19 17:08:41,251 INFO mapred.Task: Final Counters for attempt_local788793946_0001_m_000007_0: Counters: 17
	File System Counters
		FILE: Number of bytes read=268624693
		FILE: Number of bytes written=42359723
		FILE: Number of read operations=0
		FILE: Number of large read operations=0
		FILE: Number of write operations=0
	Map-Reduce Framework
		Map input records=209452
		Map output records=209452
		Map output bytes=4869441
		Map output materialized bytes=5288351
		Input split bytes=118
		Combine input records=0
		Spilled Records=209452
		Failed Shuffles=0
		Merged Map outputs=0
		GC time elapsed (ms)=0
		Total committed heap usage (bytes)=1581252608
	File Input Format Counters 
		Bytes Read=33558528
2022-10-19 17:08:41,251 INFO mapred.LocalJobRunner: Finishing task: attempt_local788793946_0001_m_000007_0
2022-10-19 17:08:41,251 INFO mapred.LocalJobRunner: Starting task: attempt_local788793946_0001_m_000008_0
2022-10-19 17:08:41,252 INFO output.FileOutputCommitter: File Output Committer Algorithm version is 2
2022-10-19 17:08:41,252 INFO output.FileOutputCommitter: FileOutputCommitter skip cleanup _temporary folders under output directory:false, ignore cleanup failures: false
2022-10-19 17:08:41,252 INFO mapred.Task:  Using ResourceCalculatorProcessTree : [ ]
2022-10-19 17:08:41,253 INFO mapred.MapTask: Processing split: file:/home/fs70824/training/hadoop_training_data/consumer_data.csv:268435456+33554432
2022-10-19 17:08:41,255 INFO mapred.MapTask: numReduceTasks: 1
2022-10-19 17:08:41,283 INFO mapred.MapTask: (EQUATOR) 0 kvi 26214396(104857584)
2022-10-19 17:08:41,283 INFO mapred.MapTask: mapreduce.task.io.sort.mb: 100
2022-10-19 17:08:41,283 INFO mapred.MapTask: soft limit at 83886080
2022-10-19 17:08:41,283 INFO mapred.MapTask: bufstart = 0; bufvoid = 104857600
2022-10-19 17:08:41,283 INFO mapred.MapTask: kvstart = 26214396; length = 6553600
2022-10-19 17:08:41,284 INFO mapred.MapTask: Map output collector class = org.apache.hadoop.mapred.MapTask$MapOutputBuffer
2022-10-19 17:08:41,288 INFO streaming.PipeMapRed: PipeMapRed exec [/home/fs70824/trainee20/hadoop_training/MapReduce/./mapper.py]
2022-10-19 17:08:41,294 INFO streaming.PipeMapRed: R/W/S=1/0/0 in:NA [rec/s] out:NA [rec/s]
2022-10-19 17:08:41,294 INFO streaming.PipeMapRed: R/W/S=10/0/0 in:NA [rec/s] out:NA [rec/s]
2022-10-19 17:08:41,294 INFO streaming.PipeMapRed: R/W/S=100/0/0 in:NA [rec/s] out:NA [rec/s]
2022-10-19 17:08:41,321 INFO streaming.PipeMapRed: R/W/S=1000/1/0 in:NA [rec/s] out:NA [rec/s]
2022-10-19 17:08:41,322 INFO streaming.PipeMapRed: Records R/W=894/1
2022-10-19 17:08:41,340 INFO streaming.PipeMapRed: R/W/S=10000/9175/0 in:NA [rec/s] out:NA [rec/s]
2022-10-19 17:08:41,520 INFO streaming.PipeMapRed: R/W/S=100000/98725/0 in:NA [rec/s] out:NA [rec/s]
2022-10-19 17:08:41,721 INFO streaming.PipeMapRed: R/W/S=200000/198991/0 in:NA [rec/s] out:NA [rec/s]
2022-10-19 17:08:41,749 INFO streaming.PipeMapRed: MRErrorThread done
2022-10-19 17:08:41,749 INFO streaming.PipeMapRed: mapRedFinished
2022-10-19 17:08:41,749 INFO mapred.LocalJobRunner: 
2022-10-19 17:08:41,749 INFO mapred.MapTask: Starting flush of map output
2022-10-19 17:08:41,749 INFO mapred.MapTask: Spilling map output
2022-10-19 17:08:41,749 INFO mapred.MapTask: bufstart = 0; bufend = 4921567; bufvoid = 104857600
2022-10-19 17:08:41,750 INFO mapred.MapTask: kvstart = 26214396(104857584); kvend = 25369304(101477216); length = 845093/6553600
2022-10-19 17:08:41,910 INFO mapred.MapTask: Finished spill 0
2022-10-19 17:08:41,911 INFO mapred.Task: Task:attempt_local788793946_0001_m_000008_0 is done. And is in the process of committing
2022-10-19 17:08:41,913 INFO mapred.LocalJobRunner: Records R/W=894/1
2022-10-19 17:08:41,913 INFO mapred.Task: Task 'attempt_local788793946_0001_m_000008_0' done.
2022-10-19 17:08:41,913 INFO mapred.Task: Final Counters for attempt_local788793946_0001_m_000008_0: Counters: 17
	File System Counters
		FILE: Number of bytes read=302184510
		FILE: Number of bytes written=47703876
		FILE: Number of read operations=0
		FILE: Number of large read operations=0
		FILE: Number of write operations=0
	Map-Reduce Framework
		Map input records=211274
		Map output records=211274
		Map output bytes=4921567
		Map output materialized bytes=5344121
		Input split bytes=118
		Combine input records=0
		Spilled Records=211274
		Failed Shuffles=0
		Merged Map outputs=0
		GC time elapsed (ms)=0
		Total committed heap usage (bytes)=1581252608
	File Input Format Counters 
		Bytes Read=33558528
2022-10-19 17:08:41,913 INFO mapred.LocalJobRunner: Finishing task: attempt_local788793946_0001_m_000008_0
2022-10-19 17:08:41,913 INFO mapred.LocalJobRunner: Starting task: attempt_local788793946_0001_m_000009_0
2022-10-19 17:08:41,914 INFO output.FileOutputCommitter: File Output Committer Algorithm version is 2
2022-10-19 17:08:41,914 INFO output.FileOutputCommitter: FileOutputCommitter skip cleanup _temporary folders under output directory:false, ignore cleanup failures: false
2022-10-19 17:08:41,914 INFO mapred.Task:  Using ResourceCalculatorProcessTree : [ ]
2022-10-19 17:08:41,915 INFO mapred.MapTask: Processing split: file:/home/fs70824/training/hadoop_training_data/consumer_data.csv:301989888+33554432
2022-10-19 17:08:41,917 INFO mapred.MapTask: numReduceTasks: 1
2022-10-19 17:08:41,946 INFO mapred.MapTask: (EQUATOR) 0 kvi 26214396(104857584)
2022-10-19 17:08:41,946 INFO mapred.MapTask: mapreduce.task.io.sort.mb: 100
2022-10-19 17:08:41,946 INFO mapred.MapTask: soft limit at 83886080
2022-10-19 17:08:41,946 INFO mapred.MapTask: bufstart = 0; bufvoid = 104857600
2022-10-19 17:08:41,946 INFO mapred.MapTask: kvstart = 26214396; length = 6553600
2022-10-19 17:08:41,947 INFO mapred.MapTask: Map output collector class = org.apache.hadoop.mapred.MapTask$MapOutputBuffer
2022-10-19 17:08:41,952 INFO streaming.PipeMapRed: PipeMapRed exec [/home/fs70824/trainee20/hadoop_training/MapReduce/./mapper.py]
2022-10-19 17:08:41,958 INFO streaming.PipeMapRed: R/W/S=1/0/0 in:NA [rec/s] out:NA [rec/s]
2022-10-19 17:08:41,958 INFO streaming.PipeMapRed: R/W/S=10/0/0 in:NA [rec/s] out:NA [rec/s]
2022-10-19 17:08:41,958 INFO streaming.PipeMapRed: R/W/S=100/0/0 in:NA [rec/s] out:NA [rec/s]
2022-10-19 17:08:41,985 INFO streaming.PipeMapRed: R/W/S=1000/1/0 in:NA [rec/s] out:NA [rec/s]
2022-10-19 17:08:41,985 INFO streaming.PipeMapRed: Records R/W=864/1
2022-10-19 17:08:42,002 INFO streaming.PipeMapRed: R/W/S=10000/8766/0 in:NA [rec/s] out:NA [rec/s]
2022-10-19 17:08:42,186 INFO streaming.PipeMapRed: R/W/S=100000/98955/0 in:NA [rec/s] out:NA [rec/s]
2022-10-19 17:08:42,391 INFO streaming.PipeMapRed: R/W/S=200000/198957/0 in:NA [rec/s] out:NA [rec/s]
2022-10-19 17:08:42,419 INFO streaming.PipeMapRed: MRErrorThread done
2022-10-19 17:08:42,419 INFO streaming.PipeMapRed: mapRedFinished
2022-10-19 17:08:42,420 INFO mapred.LocalJobRunner: 
2022-10-19 17:08:42,420 INFO mapred.MapTask: Starting flush of map output
2022-10-19 17:08:42,420 INFO mapred.MapTask: Spilling map output
2022-10-19 17:08:42,420 INFO mapred.MapTask: bufstart = 0; bufend = 4934233; bufvoid = 104857600
2022-10-19 17:08:42,420 INFO mapred.MapTask: kvstart = 26214396(104857584); kvend = 25368240(101472960); length = 846157/6553600
2022-10-19 17:08:42,580 INFO mapred.MapTask: Finished spill 0
2022-10-19 17:08:42,581 INFO mapred.Task: Task:attempt_local788793946_0001_m_000009_0 is done. And is in the process of committing
2022-10-19 17:08:42,582 INFO mapred.LocalJobRunner: Records R/W=864/1
2022-10-19 17:08:42,582 INFO mapred.Task: Task 'attempt_local788793946_0001_m_000009_0' done.
2022-10-19 17:08:42,582 INFO mapred.Task: Final Counters for attempt_local788793946_0001_m_000009_0: Counters: 17
	File System Counters
		FILE: Number of bytes read=335743815
		FILE: Number of bytes written=53061227
		FILE: Number of read operations=0
		FILE: Number of large read operations=0
		FILE: Number of write operations=0
	Map-Reduce Framework
		Map input records=211540
		Map output records=211540
		Map output bytes=4934233
		Map output materialized bytes=5357319
		Input split bytes=118
		Combine input records=0
		Spilled Records=211540
		Failed Shuffles=0
		Merged Map outputs=0
		GC time elapsed (ms)=6
		Total committed heap usage (bytes)=1581252608
	File Input Format Counters 
		Bytes Read=33558528
2022-10-19 17:08:42,582 INFO mapred.LocalJobRunner: Finishing task: attempt_local788793946_0001_m_000009_0
2022-10-19 17:08:42,582 INFO mapred.LocalJobRunner: Starting task: attempt_local788793946_0001_m_000010_0
2022-10-19 17:08:42,583 INFO output.FileOutputCommitter: File Output Committer Algorithm version is 2
2022-10-19 17:08:42,583 INFO output.FileOutputCommitter: FileOutputCommitter skip cleanup _temporary folders under output directory:false, ignore cleanup failures: false
2022-10-19 17:08:42,583 INFO mapred.Task:  Using ResourceCalculatorProcessTree : [ ]
2022-10-19 17:08:42,584 INFO mapred.MapTask: Processing split: file:/home/fs70824/training/hadoop_training_data/consumer_data.csv:335544320+33554432
2022-10-19 17:08:42,586 INFO mapred.MapTask: numReduceTasks: 1
2022-10-19 17:08:42,604 INFO mapred.MapTask: (EQUATOR) 0 kvi 26214396(104857584)
2022-10-19 17:08:42,604 INFO mapred.MapTask: mapreduce.task.io.sort.mb: 100
2022-10-19 17:08:42,604 INFO mapred.MapTask: soft limit at 83886080
2022-10-19 17:08:42,604 INFO mapred.MapTask: bufstart = 0; bufvoid = 104857600
2022-10-19 17:08:42,604 INFO mapred.MapTask: kvstart = 26214396; length = 6553600
2022-10-19 17:08:42,605 INFO mapred.MapTask: Map output collector class = org.apache.hadoop.mapred.MapTask$MapOutputBuffer
2022-10-19 17:08:42,609 INFO streaming.PipeMapRed: PipeMapRed exec [/home/fs70824/trainee20/hadoop_training/MapReduce/./mapper.py]
2022-10-19 17:08:42,615 INFO streaming.PipeMapRed: R/W/S=1/0/0 in:NA [rec/s] out:NA [rec/s]
2022-10-19 17:08:42,615 INFO streaming.PipeMapRed: R/W/S=10/0/0 in:NA [rec/s] out:NA [rec/s]
2022-10-19 17:08:42,615 INFO streaming.PipeMapRed: R/W/S=100/0/0 in:NA [rec/s] out:NA [rec/s]
2022-10-19 17:08:42,641 INFO streaming.PipeMapRed: R/W/S=1000/1/0 in:NA [rec/s] out:NA [rec/s]
2022-10-19 17:08:42,641 INFO streaming.PipeMapRed: Records R/W=875/1
2022-10-19 17:08:42,659 INFO streaming.PipeMapRed: R/W/S=10000/9055/0 in:NA [rec/s] out:NA [rec/s]
2022-10-19 17:08:42,834 INFO streaming.PipeMapRed: R/W/S=100000/99171/0 in:NA [rec/s] out:NA [rec/s]
2022-10-19 17:08:43,029 INFO streaming.PipeMapRed: R/W/S=200000/198891/0 in:NA [rec/s] out:NA [rec/s]
2022-10-19 17:08:43,063 INFO streaming.PipeMapRed: MRErrorThread done
2022-10-19 17:08:43,063 INFO streaming.PipeMapRed: mapRedFinished
2022-10-19 17:08:43,063 INFO mapred.LocalJobRunner: 
2022-10-19 17:08:43,063 INFO mapred.MapTask: Starting flush of map output
2022-10-19 17:08:43,063 INFO mapred.MapTask: Spilling map output
2022-10-19 17:08:43,063 INFO mapred.MapTask: bufstart = 0; bufend = 5021591; bufvoid = 104857600
2022-10-19 17:08:43,063 INFO mapred.MapTask: kvstart = 26214396(104857584); kvend = 25353964(101415856); length = 860433/6553600
2022-10-19 17:08:43,224 INFO mapred.MapTask: Finished spill 0
2022-10-19 17:08:43,225 INFO mapred.Task: Task:attempt_local788793946_0001_m_000010_0 is done. And is in the process of committing
2022-10-19 17:08:43,226 INFO mapred.LocalJobRunner: Records R/W=875/1
2022-10-19 17:08:43,226 INFO mapred.Task: Task 'attempt_local788793946_0001_m_000010_0' done.
2022-10-19 17:08:43,227 INFO mapred.Task: Final Counters for attempt_local788793946_0001_m_000010_0: Counters: 17
	File System Counters
		FILE: Number of bytes read=369303120
		FILE: Number of bytes written=58513074
		FILE: Number of read operations=0
		FILE: Number of large read operations=0
		FILE: Number of write operations=0
	Map-Reduce Framework
		Map input records=215109
		Map output records=215109
		Map output bytes=5021591
		Map output materialized bytes=5451815
		Input split bytes=118
		Combine input records=0
		Spilled Records=215109
		Failed Shuffles=0
		Merged Map outputs=0
		GC time elapsed (ms)=0
		Total committed heap usage (bytes)=1581252608
	File Input Format Counters 
		Bytes Read=33558528
2022-10-19 17:08:43,227 INFO mapred.LocalJobRunner: Finishing task: attempt_local788793946_0001_m_000010_0
2022-10-19 17:08:43,227 INFO mapred.LocalJobRunner: Starting task: attempt_local788793946_0001_m_000011_0
2022-10-19 17:08:43,228 INFO output.FileOutputCommitter: File Output Committer Algorithm version is 2
2022-10-19 17:08:43,228 INFO output.FileOutputCommitter: FileOutputCommitter skip cleanup _temporary folders under output directory:false, ignore cleanup failures: false
2022-10-19 17:08:43,228 INFO mapred.Task:  Using ResourceCalculatorProcessTree : [ ]
2022-10-19 17:08:43,228 INFO mapred.MapTask: Processing split: file:/home/fs70824/training/hadoop_training_data/consumer_data.csv:369098752+33554432
2022-10-19 17:08:43,230 INFO mapred.MapTask: numReduceTasks: 1
2022-10-19 17:08:43,248 INFO mapred.MapTask: (EQUATOR) 0 kvi 26214396(104857584)
2022-10-19 17:08:43,248 INFO mapred.MapTask: mapreduce.task.io.sort.mb: 100
2022-10-19 17:08:43,248 INFO mapred.MapTask: soft limit at 83886080
2022-10-19 17:08:43,248 INFO mapred.MapTask: bufstart = 0; bufvoid = 104857600
2022-10-19 17:08:43,248 INFO mapred.MapTask: kvstart = 26214396; length = 6553600
2022-10-19 17:08:43,249 INFO mapred.MapTask: Map output collector class = org.apache.hadoop.mapred.MapTask$MapOutputBuffer
2022-10-19 17:08:43,253 INFO streaming.PipeMapRed: PipeMapRed exec [/home/fs70824/trainee20/hadoop_training/MapReduce/./mapper.py]
2022-10-19 17:08:43,259 INFO streaming.PipeMapRed: R/W/S=1/0/0 in:NA [rec/s] out:NA [rec/s]
2022-10-19 17:08:43,259 INFO streaming.PipeMapRed: R/W/S=10/0/0 in:NA [rec/s] out:NA [rec/s]
2022-10-19 17:08:43,259 INFO streaming.PipeMapRed: R/W/S=100/0/0 in:NA [rec/s] out:NA [rec/s]
2022-10-19 17:08:43,291 INFO streaming.PipeMapRed: R/W/S=1000/1/0 in:NA [rec/s] out:NA [rec/s]
2022-10-19 17:08:43,291 INFO streaming.PipeMapRed: Records R/W=862/1
2022-10-19 17:08:43,309 INFO streaming.PipeMapRed: R/W/S=10000/9110/0 in:NA [rec/s] out:NA [rec/s]
2022-10-19 17:08:43,485 INFO streaming.PipeMapRed: R/W/S=100000/99211/0 in:NA [rec/s] out:NA [rec/s]
2022-10-19 17:08:43,681 INFO streaming.PipeMapRed: R/W/S=200000/199000/0 in:NA [rec/s] out:NA [rec/s]
2022-10-19 17:08:43,715 INFO streaming.PipeMapRed: MRErrorThread done
2022-10-19 17:08:43,715 INFO streaming.PipeMapRed: mapRedFinished
2022-10-19 17:08:43,716 INFO mapred.LocalJobRunner: 
2022-10-19 17:08:43,716 INFO mapred.MapTask: Starting flush of map output
2022-10-19 17:08:43,716 INFO mapred.MapTask: Spilling map output
2022-10-19 17:08:43,716 INFO mapred.MapTask: bufstart = 0; bufend = 4999503; bufvoid = 104857600
2022-10-19 17:08:43,716 INFO mapred.MapTask: kvstart = 26214396(104857584); kvend = 25355892(101423568); length = 858505/6553600
2022-10-19 17:08:43,728 INFO mapreduce.Job:  map 73% reduce 0%
2022-10-19 17:08:43,876 INFO mapred.MapTask: Finished spill 0
2022-10-19 17:08:43,877 INFO mapred.Task: Task:attempt_local788793946_0001_m_000011_0 is done. And is in the process of committing
2022-10-19 17:08:43,878 INFO mapred.LocalJobRunner: Records R/W=862/1
2022-10-19 17:08:43,878 INFO mapred.Task: Task 'attempt_local788793946_0001_m_000011_0' done.
2022-10-19 17:08:43,878 INFO mapred.Task: Final Counters for attempt_local788793946_0001_m_000011_0: Counters: 17
	File System Counters
		FILE: Number of bytes read=402862425
		FILE: Number of bytes written=63941869
		FILE: Number of read operations=0
		FILE: Number of large read operations=0
		FILE: Number of write operations=0
	Map-Reduce Framework
		Map input records=214627
		Map output records=214627
		Map output bytes=4999503
		Map output materialized bytes=5428763
		Input split bytes=118
		Combine input records=0
		Spilled Records=214627
		Failed Shuffles=0
		Merged Map outputs=0
		GC time elapsed (ms)=0
		Total committed heap usage (bytes)=1581252608
	File Input Format Counters 
		Bytes Read=33558528
2022-10-19 17:08:43,878 INFO mapred.LocalJobRunner: Finishing task: attempt_local788793946_0001_m_000011_0
2022-10-19 17:08:43,878 INFO mapred.LocalJobRunner: Starting task: attempt_local788793946_0001_m_000012_0
2022-10-19 17:08:43,879 INFO output.FileOutputCommitter: File Output Committer Algorithm version is 2
2022-10-19 17:08:43,879 INFO output.FileOutputCommitter: FileOutputCommitter skip cleanup _temporary folders under output directory:false, ignore cleanup failures: false
2022-10-19 17:08:43,879 INFO mapred.Task:  Using ResourceCalculatorProcessTree : [ ]
2022-10-19 17:08:43,880 INFO mapred.MapTask: Processing split: file:/home/fs70824/training/hadoop_training_data/consumer_data.csv:402653184+33554432
2022-10-19 17:08:43,882 INFO mapred.MapTask: numReduceTasks: 1
2022-10-19 17:08:43,900 INFO mapred.MapTask: (EQUATOR) 0 kvi 26214396(104857584)
2022-10-19 17:08:43,900 INFO mapred.MapTask: mapreduce.task.io.sort.mb: 100
2022-10-19 17:08:43,900 INFO mapred.MapTask: soft limit at 83886080
2022-10-19 17:08:43,900 INFO mapred.MapTask: bufstart = 0; bufvoid = 104857600
2022-10-19 17:08:43,900 INFO mapred.MapTask: kvstart = 26214396; length = 6553600
2022-10-19 17:08:43,901 INFO mapred.MapTask: Map output collector class = org.apache.hadoop.mapred.MapTask$MapOutputBuffer
2022-10-19 17:08:43,906 INFO streaming.PipeMapRed: PipeMapRed exec [/home/fs70824/trainee20/hadoop_training/MapReduce/./mapper.py]
2022-10-19 17:08:43,912 INFO streaming.PipeMapRed: R/W/S=1/0/0 in:NA [rec/s] out:NA [rec/s]
2022-10-19 17:08:43,912 INFO streaming.PipeMapRed: R/W/S=10/0/0 in:NA [rec/s] out:NA [rec/s]
2022-10-19 17:08:43,912 INFO streaming.PipeMapRed: R/W/S=100/0/0 in:NA [rec/s] out:NA [rec/s]
2022-10-19 17:08:43,938 INFO streaming.PipeMapRed: R/W/S=1000/1/0 in:NA [rec/s] out:NA [rec/s]
2022-10-19 17:08:43,938 INFO streaming.PipeMapRed: Records R/W=854/1
2022-10-19 17:08:43,956 INFO streaming.PipeMapRed: R/W/S=10000/9141/0 in:NA [rec/s] out:NA [rec/s]
2022-10-19 17:08:44,132 INFO streaming.PipeMapRed: R/W/S=100000/99424/0 in:NA [rec/s] out:NA [rec/s]
2022-10-19 17:08:44,327 INFO streaming.PipeMapRed: R/W/S=200000/198709/0 in:NA [rec/s] out:NA [rec/s]
2022-10-19 17:08:44,358 INFO streaming.PipeMapRed: MRErrorThread done
2022-10-19 17:08:44,358 INFO streaming.PipeMapRed: mapRedFinished
2022-10-19 17:08:44,358 INFO mapred.LocalJobRunner: 
2022-10-19 17:08:44,358 INFO mapred.MapTask: Starting flush of map output
2022-10-19 17:08:44,358 INFO mapred.MapTask: Spilling map output
2022-10-19 17:08:44,358 INFO mapred.MapTask: bufstart = 0; bufend = 4942426; bufvoid = 104857600
2022-10-19 17:08:44,358 INFO mapred.MapTask: kvstart = 26214396(104857584); kvend = 25362164(101448656); length = 852233/6553600
2022-10-19 17:08:44,517 INFO mapred.MapTask: Finished spill 0
2022-10-19 17:08:44,518 INFO mapred.Task: Task:attempt_local788793946_0001_m_000012_0 is done. And is in the process of committing
2022-10-19 17:08:44,519 INFO mapred.LocalJobRunner: Records R/W=854/1
2022-10-19 17:08:44,519 INFO mapred.Task: Task 'attempt_local788793946_0001_m_000012_0' done.
2022-10-19 17:08:44,520 INFO mapred.Task: Final Counters for attempt_local788793946_0001_m_000012_0: Counters: 17
	File System Counters
		FILE: Number of bytes read=436421730
		FILE: Number of bytes written=69310451
		FILE: Number of read operations=0
		FILE: Number of large read operations=0
		FILE: Number of write operations=0
	Map-Reduce Framework
		Map input records=213059
		Map output records=213059
		Map output bytes=4942426
		Map output materialized bytes=5368550
		Input split bytes=118
		Combine input records=0
		Spilled Records=213059
		Failed Shuffles=0
		Merged Map outputs=0
		GC time elapsed (ms)=0
		Total committed heap usage (bytes)=1581252608
	File Input Format Counters 
		Bytes Read=33558528
2022-10-19 17:08:44,520 INFO mapred.LocalJobRunner: Finishing task: attempt_local788793946_0001_m_000012_0
2022-10-19 17:08:44,520 INFO mapred.LocalJobRunner: Starting task: attempt_local788793946_0001_m_000013_0
2022-10-19 17:08:44,521 INFO output.FileOutputCommitter: File Output Committer Algorithm version is 2
2022-10-19 17:08:44,521 INFO output.FileOutputCommitter: FileOutputCommitter skip cleanup _temporary folders under output directory:false, ignore cleanup failures: false
2022-10-19 17:08:44,521 INFO mapred.Task:  Using ResourceCalculatorProcessTree : [ ]
2022-10-19 17:08:44,521 INFO mapred.MapTask: Processing split: file:/home/fs70824/training/hadoop_training_data/consumer_data.csv:436207616+33554432
2022-10-19 17:08:44,523 INFO mapred.MapTask: numReduceTasks: 1
2022-10-19 17:08:44,541 INFO mapred.MapTask: (EQUATOR) 0 kvi 26214396(104857584)
2022-10-19 17:08:44,541 INFO mapred.MapTask: mapreduce.task.io.sort.mb: 100
2022-10-19 17:08:44,541 INFO mapred.MapTask: soft limit at 83886080
2022-10-19 17:08:44,541 INFO mapred.MapTask: bufstart = 0; bufvoid = 104857600
2022-10-19 17:08:44,541 INFO mapred.MapTask: kvstart = 26214396; length = 6553600
2022-10-19 17:08:44,542 INFO mapred.MapTask: Map output collector class = org.apache.hadoop.mapred.MapTask$MapOutputBuffer
2022-10-19 17:08:44,546 INFO streaming.PipeMapRed: PipeMapRed exec [/home/fs70824/trainee20/hadoop_training/MapReduce/./mapper.py]
2022-10-19 17:08:44,552 INFO streaming.PipeMapRed: R/W/S=1/0/0 in:NA [rec/s] out:NA [rec/s]
2022-10-19 17:08:44,552 INFO streaming.PipeMapRed: R/W/S=10/0/0 in:NA [rec/s] out:NA [rec/s]
2022-10-19 17:08:44,552 INFO streaming.PipeMapRed: R/W/S=100/0/0 in:NA [rec/s] out:NA [rec/s]
2022-10-19 17:08:44,579 INFO streaming.PipeMapRed: R/W/S=1000/1/0 in:NA [rec/s] out:NA [rec/s]
2022-10-19 17:08:44,579 INFO streaming.PipeMapRed: Records R/W=873/1
2022-10-19 17:08:44,597 INFO streaming.PipeMapRed: R/W/S=10000/9174/0 in:NA [rec/s] out:NA [rec/s]
2022-10-19 17:08:44,729 INFO mapreduce.Job:  map 100% reduce 0%
2022-10-19 17:08:44,772 INFO streaming.PipeMapRed: R/W/S=100000/98702/0 in:NA [rec/s] out:NA [rec/s]
2022-10-19 17:08:44,968 INFO streaming.PipeMapRed: R/W/S=200000/198849/0 in:NA [rec/s] out:NA [rec/s]
2022-10-19 17:08:45,000 INFO streaming.PipeMapRed: MRErrorThread done
2022-10-19 17:08:45,001 INFO streaming.PipeMapRed: mapRedFinished
2022-10-19 17:08:45,001 INFO mapred.LocalJobRunner: 
2022-10-19 17:08:45,001 INFO mapred.MapTask: Starting flush of map output
2022-10-19 17:08:45,001 INFO mapred.MapTask: Spilling map output
2022-10-19 17:08:45,001 INFO mapred.MapTask: bufstart = 0; bufend = 4938864; bufvoid = 104857600
2022-10-19 17:08:45,001 INFO mapred.MapTask: kvstart = 26214396(104857584); kvend = 25357924(101431696); length = 856473/6553600
2022-10-19 17:08:45,161 INFO mapred.MapTask: Finished spill 0
2022-10-19 17:08:45,162 INFO mapred.Task: Task:attempt_local788793946_0001_m_000013_0 is done. And is in the process of committing
2022-10-19 17:08:45,163 INFO mapred.LocalJobRunner: Records R/W=873/1
2022-10-19 17:08:45,163 INFO mapred.Task: Task 'attempt_local788793946_0001_m_000013_0' done.
2022-10-19 17:08:45,163 INFO mapred.Task: Final Counters for attempt_local788793946_0001_m_000013_0: Counters: 17
	File System Counters
		FILE: Number of bytes read=469980523
		FILE: Number of bytes written=74677591
		FILE: Number of read operations=0
		FILE: Number of large read operations=0
		FILE: Number of write operations=0
	Map-Reduce Framework
		Map input records=214119
		Map output records=214119
		Map output bytes=4938864
		Map output materialized bytes=5367108
		Input split bytes=118
		Combine input records=0
		Spilled Records=214119
		Failed Shuffles=0
		Merged Map outputs=0
		GC time elapsed (ms)=0
		Total committed heap usage (bytes)=1581252608
	File Input Format Counters 
		Bytes Read=33558528
2022-10-19 17:08:45,163 INFO mapred.LocalJobRunner: Finishing task: attempt_local788793946_0001_m_000013_0
2022-10-19 17:08:45,163 INFO mapred.LocalJobRunner: Starting task: attempt_local788793946_0001_m_000014_0
2022-10-19 17:08:45,164 INFO output.FileOutputCommitter: File Output Committer Algorithm version is 2
2022-10-19 17:08:45,164 INFO output.FileOutputCommitter: FileOutputCommitter skip cleanup _temporary folders under output directory:false, ignore cleanup failures: false
2022-10-19 17:08:45,165 INFO mapred.Task:  Using ResourceCalculatorProcessTree : [ ]
2022-10-19 17:08:45,165 INFO mapred.MapTask: Processing split: file:/home/fs70824/training/hadoop_training_data/consumer_data.csv:469762048+7439663
2022-10-19 17:08:45,167 INFO mapred.MapTask: numReduceTasks: 1
2022-10-19 17:08:45,185 INFO mapred.MapTask: (EQUATOR) 0 kvi 26214396(104857584)
2022-10-19 17:08:45,185 INFO mapred.MapTask: mapreduce.task.io.sort.mb: 100
2022-10-19 17:08:45,185 INFO mapred.MapTask: soft limit at 83886080
2022-10-19 17:08:45,185 INFO mapred.MapTask: bufstart = 0; bufvoid = 104857600
2022-10-19 17:08:45,185 INFO mapred.MapTask: kvstart = 26214396; length = 6553600
2022-10-19 17:08:45,186 INFO mapred.MapTask: Map output collector class = org.apache.hadoop.mapred.MapTask$MapOutputBuffer
2022-10-19 17:08:45,191 INFO streaming.PipeMapRed: PipeMapRed exec [/home/fs70824/trainee20/hadoop_training/MapReduce/./mapper.py]
2022-10-19 17:08:45,197 INFO streaming.PipeMapRed: R/W/S=1/0/0 in:NA [rec/s] out:NA [rec/s]
2022-10-19 17:08:45,197 INFO streaming.PipeMapRed: R/W/S=10/0/0 in:NA [rec/s] out:NA [rec/s]
2022-10-19 17:08:45,197 INFO streaming.PipeMapRed: R/W/S=100/0/0 in:NA [rec/s] out:NA [rec/s]
2022-10-19 17:08:45,223 INFO streaming.PipeMapRed: R/W/S=1000/0/0 in:NA [rec/s] out:NA [rec/s]
2022-10-19 17:08:45,224 INFO streaming.PipeMapRed: Records R/W=1055/1
2022-10-19 17:08:45,241 INFO streaming.PipeMapRed: R/W/S=10000/9248/0 in:NA [rec/s] out:NA [rec/s]
2022-10-19 17:08:45,318 INFO streaming.PipeMapRed: MRErrorThread done
2022-10-19 17:08:45,319 INFO streaming.PipeMapRed: mapRedFinished
2022-10-19 17:08:45,319 INFO mapred.LocalJobRunner: 
2022-10-19 17:08:45,319 INFO mapred.MapTask: Starting flush of map output
2022-10-19 17:08:45,319 INFO mapred.MapTask: Spilling map output
2022-10-19 17:08:45,319 INFO mapred.MapTask: bufstart = 0; bufend = 1046596; bufvoid = 104857600
2022-10-19 17:08:45,319 INFO mapred.MapTask: kvstart = 26214396(104857584); kvend = 26027728(104110912); length = 186669/6553600
2022-10-19 17:08:45,347 INFO mapred.MapTask: Finished spill 0
2022-10-19 17:08:45,347 INFO mapred.Task: Task:attempt_local788793946_0001_m_000014_0 is done. And is in the process of committing
2022-10-19 17:08:45,348 INFO mapred.LocalJobRunner: Records R/W=1055/1
2022-10-19 17:08:45,348 INFO mapred.Task: Task 'attempt_local788793946_0001_m_000014_0' done.
2022-10-19 17:08:45,348 INFO mapred.Task: Final Counters for attempt_local788793946_0001_m_000014_0: Counters: 17
	File System Counters
		FILE: Number of bytes read=477420451
		FILE: Number of bytes written=75817561
		FILE: Number of read operations=0
		FILE: Number of large read operations=0
		FILE: Number of write operations=0
	Map-Reduce Framework
		Map input records=46668
		Map output records=46668
		Map output bytes=1046596
		Map output materialized bytes=1139938
		Input split bytes=118
		Combine input records=0
		Spilled Records=46668
		Failed Shuffles=0
		Merged Map outputs=0
		GC time elapsed (ms)=0
		Total committed heap usage (bytes)=1581252608
	File Input Format Counters 
		Bytes Read=7439663
2022-10-19 17:08:45,349 INFO mapred.LocalJobRunner: Finishing task: attempt_local788793946_0001_m_000014_0
2022-10-19 17:08:45,349 INFO mapred.LocalJobRunner: map task executor complete.
2022-10-19 17:08:45,351 INFO mapred.LocalJobRunner: Waiting for reduce tasks
2022-10-19 17:08:45,352 INFO mapred.LocalJobRunner: Starting task: attempt_local788793946_0001_r_000000_0
2022-10-19 17:08:45,359 INFO output.FileOutputCommitter: File Output Committer Algorithm version is 2
2022-10-19 17:08:45,359 INFO output.FileOutputCommitter: FileOutputCommitter skip cleanup _temporary folders under output directory:false, ignore cleanup failures: false
2022-10-19 17:08:45,359 INFO mapred.Task:  Using ResourceCalculatorProcessTree : [ ]
2022-10-19 17:08:45,362 INFO mapred.ReduceTask: Using ShuffleConsumerPlugin: org.apache.hadoop.mapreduce.task.reduce.Shuffle@2013f13
2022-10-19 17:08:45,363 WARN impl.MetricsSystemImpl: JobTracker metrics system already initialized!
2022-10-19 17:08:45,378 INFO reduce.MergeManagerImpl: The max number of bytes for a single in-memory shuffle cannot be larger than Integer.MAX_VALUE. Setting it to Integer.MAX_VALUE
2022-10-19 17:08:45,378 INFO reduce.MergeManagerImpl: MergerManager: memoryLimit=17671860224, maxSingleShuffleLimit=2147483647, mergeThreshold=11663428608, ioSortFactor=10, memToMemMergeOutputsThreshold=10
2022-10-19 17:08:45,380 INFO reduce.EventFetcher: attempt_local788793946_0001_r_000000_0 Thread started: EventFetcher for fetching Map Completion Events
2022-10-19 17:08:45,404 INFO reduce.LocalFetcher: localfetcher#1 about to shuffle output of map attempt_local788793946_0001_m_000010_0 decomp: 5451811 len: 5451815 to MEMORY
2022-10-19 17:08:45,411 INFO reduce.InMemoryMapOutput: Read 5451811 bytes from map-output for attempt_local788793946_0001_m_000010_0
2022-10-19 17:08:45,412 INFO reduce.MergeManagerImpl: closeInMemoryFile -> map-output of size: 5451811, inMemoryMapOutputs.size() -> 1, commitMemory -> 0, usedMemory ->5451811
2022-10-19 17:08:45,416 INFO reduce.LocalFetcher: localfetcher#1 about to shuffle output of map attempt_local788793946_0001_m_000004_0 decomp: 5321948 len: 5321952 to MEMORY
2022-10-19 17:08:45,419 INFO reduce.InMemoryMapOutput: Read 5321948 bytes from map-output for attempt_local788793946_0001_m_000004_0
2022-10-19 17:08:45,419 INFO reduce.MergeManagerImpl: closeInMemoryFile -> map-output of size: 5321948, inMemoryMapOutputs.size() -> 2, commitMemory -> 5451811, usedMemory ->10773759
2022-10-19 17:08:45,422 INFO reduce.LocalFetcher: localfetcher#1 about to shuffle output of map attempt_local788793946_0001_m_000011_0 decomp: 5428759 len: 5428763 to MEMORY
2022-10-19 17:08:45,425 INFO reduce.InMemoryMapOutput: Read 5428759 bytes from map-output for attempt_local788793946_0001_m_000011_0
2022-10-19 17:08:45,425 INFO reduce.MergeManagerImpl: closeInMemoryFile -> map-output of size: 5428759, inMemoryMapOutputs.size() -> 3, commitMemory -> 10773759, usedMemory ->16202518
2022-10-19 17:08:45,428 INFO reduce.LocalFetcher: localfetcher#1 about to shuffle output of map attempt_local788793946_0001_m_000008_0 decomp: 5344117 len: 5344121 to MEMORY
2022-10-19 17:08:45,431 INFO reduce.InMemoryMapOutput: Read 5344117 bytes from map-output for attempt_local788793946_0001_m_000008_0
2022-10-19 17:08:45,431 INFO reduce.MergeManagerImpl: closeInMemoryFile -> map-output of size: 5344117, inMemoryMapOutputs.size() -> 4, commitMemory -> 16202518, usedMemory ->21546635
2022-10-19 17:08:45,437 INFO reduce.LocalFetcher: localfetcher#1 about to shuffle output of map attempt_local788793946_0001_m_000002_0 decomp: 5100404 len: 5100408 to MEMORY
2022-10-19 17:08:45,441 INFO reduce.InMemoryMapOutput: Read 5100404 bytes from map-output for attempt_local788793946_0001_m_000002_0
2022-10-19 17:08:45,441 INFO reduce.MergeManagerImpl: closeInMemoryFile -> map-output of size: 5100404, inMemoryMapOutputs.size() -> 5, commitMemory -> 21546635, usedMemory ->26647039
2022-10-19 17:08:45,443 INFO reduce.LocalFetcher: localfetcher#1 about to shuffle output of map attempt_local788793946_0001_m_000009_0 decomp: 5357315 len: 5357319 to MEMORY
2022-10-19 17:08:45,445 INFO reduce.InMemoryMapOutput: Read 5357315 bytes from map-output for attempt_local788793946_0001_m_000009_0
2022-10-19 17:08:45,446 INFO reduce.MergeManagerImpl: closeInMemoryFile -> map-output of size: 5357315, inMemoryMapOutputs.size() -> 6, commitMemory -> 26647039, usedMemory ->32004354
2022-10-19 17:08:45,449 INFO reduce.LocalFetcher: localfetcher#1 about to shuffle output of map attempt_local788793946_0001_m_000003_0 decomp: 5136623 len: 5136627 to MEMORY
2022-10-19 17:08:45,451 INFO reduce.InMemoryMapOutput: Read 5136623 bytes from map-output for attempt_local788793946_0001_m_000003_0
2022-10-19 17:08:45,451 INFO reduce.MergeManagerImpl: closeInMemoryFile -> map-output of size: 5136623, inMemoryMapOutputs.size() -> 7, commitMemory -> 32004354, usedMemory ->37140977
2022-10-19 17:08:45,453 INFO reduce.LocalFetcher: localfetcher#1 about to shuffle output of map attempt_local788793946_0001_m_000000_0 decomp: 5094592 len: 5094596 to MEMORY
2022-10-19 17:08:45,455 INFO reduce.InMemoryMapOutput: Read 5094592 bytes from map-output for attempt_local788793946_0001_m_000000_0
2022-10-19 17:08:45,456 INFO reduce.MergeManagerImpl: closeInMemoryFile -> map-output of size: 5094592, inMemoryMapOutputs.size() -> 8, commitMemory -> 37140977, usedMemory ->42235569
2022-10-19 17:08:45,457 INFO reduce.LocalFetcher: localfetcher#1 about to shuffle output of map attempt_local788793946_0001_m_000013_0 decomp: 5367104 len: 5367108 to MEMORY
2022-10-19 17:08:45,459 INFO reduce.InMemoryMapOutput: Read 5367104 bytes from map-output for attempt_local788793946_0001_m_000013_0
2022-10-19 17:08:45,459 INFO reduce.MergeManagerImpl: closeInMemoryFile -> map-output of size: 5367104, inMemoryMapOutputs.size() -> 9, commitMemory -> 42235569, usedMemory ->47602673
2022-10-19 17:08:45,461 INFO reduce.LocalFetcher: localfetcher#1 about to shuffle output of map attempt_local788793946_0001_m_000007_0 decomp: 5288347 len: 5288351 to MEMORY
2022-10-19 17:08:45,463 INFO reduce.InMemoryMapOutput: Read 5288347 bytes from map-output for attempt_local788793946_0001_m_000007_0
2022-10-19 17:08:45,463 INFO reduce.MergeManagerImpl: closeInMemoryFile -> map-output of size: 5288347, inMemoryMapOutputs.size() -> 10, commitMemory -> 47602673, usedMemory ->52891020
2022-10-19 17:08:45,464 INFO reduce.LocalFetcher: localfetcher#1 about to shuffle output of map attempt_local788793946_0001_m_000001_0 decomp: 5177589 len: 5177593 to MEMORY
2022-10-19 17:08:45,467 INFO reduce.InMemoryMapOutput: Read 5177589 bytes from map-output for attempt_local788793946_0001_m_000001_0
2022-10-19 17:08:45,467 INFO reduce.MergeManagerImpl: closeInMemoryFile -> map-output of size: 5177589, inMemoryMapOutputs.size() -> 11, commitMemory -> 52891020, usedMemory ->58068609
2022-10-19 17:08:45,467 INFO reduce.LocalFetcher: localfetcher#1 about to shuffle output of map attempt_local788793946_0001_m_000014_0 decomp: 1139934 len: 1139938 to MEMORY
2022-10-19 17:08:45,468 INFO reduce.InMemoryMapOutput: Read 1139934 bytes from map-output for attempt_local788793946_0001_m_000014_0
2022-10-19 17:08:45,468 INFO reduce.MergeManagerImpl: closeInMemoryFile -> map-output of size: 1139934, inMemoryMapOutputs.size() -> 12, commitMemory -> 58068609, usedMemory ->59208543
2022-10-19 17:08:45,469 INFO reduce.LocalFetcher: localfetcher#1 about to shuffle output of map attempt_local788793946_0001_m_000005_0 decomp: 5204158 len: 5204162 to MEMORY
2022-10-19 17:08:45,472 INFO reduce.InMemoryMapOutput: Read 5204158 bytes from map-output for attempt_local788793946_0001_m_000005_0
2022-10-19 17:08:45,472 INFO reduce.MergeManagerImpl: closeInMemoryFile -> map-output of size: 5204158, inMemoryMapOutputs.size() -> 13, commitMemory -> 59208543, usedMemory ->64412701
2022-10-19 17:08:45,473 INFO reduce.LocalFetcher: localfetcher#1 about to shuffle output of map attempt_local788793946_0001_m_000012_0 decomp: 5368546 len: 5368550 to MEMORY
2022-10-19 17:08:45,476 INFO reduce.InMemoryMapOutput: Read 5368546 bytes from map-output for attempt_local788793946_0001_m_000012_0
2022-10-19 17:08:45,476 INFO reduce.MergeManagerImpl: closeInMemoryFile -> map-output of size: 5368546, inMemoryMapOutputs.size() -> 14, commitMemory -> 64412701, usedMemory ->69781247
2022-10-19 17:08:45,477 INFO reduce.LocalFetcher: localfetcher#1 about to shuffle output of map attempt_local788793946_0001_m_000006_0 decomp: 5242405 len: 5242409 to MEMORY
2022-10-19 17:08:45,479 INFO reduce.InMemoryMapOutput: Read 5242405 bytes from map-output for attempt_local788793946_0001_m_000006_0
2022-10-19 17:08:45,480 INFO reduce.MergeManagerImpl: closeInMemoryFile -> map-output of size: 5242405, inMemoryMapOutputs.size() -> 15, commitMemory -> 69781247, usedMemory ->75023652
2022-10-19 17:08:45,480 INFO reduce.EventFetcher: EventFetcher is interrupted.. Returning
2022-10-19 17:08:45,480 INFO mapred.LocalJobRunner: 15 / 15 copied.
2022-10-19 17:08:45,481 INFO reduce.MergeManagerImpl: finalMerge called with 15 in-memory map-outputs and 0 on-disk map-outputs
2022-10-19 17:08:45,485 INFO mapred.Merger: Merging 15 sorted segments
2022-10-19 17:08:45,485 INFO mapred.Merger: Down to the last merge-pass, with 15 segments left of total size: 75023329 bytes
2022-10-19 17:08:46,439 INFO reduce.MergeManagerImpl: Merged 15 segments, 75023652 bytes to disk to satisfy reduce memory limit
2022-10-19 17:08:46,439 INFO reduce.MergeManagerImpl: Merging 1 files, 75023628 bytes from disk
2022-10-19 17:08:46,440 INFO reduce.MergeManagerImpl: Merging 0 segments, 0 bytes from memory into reduce
2022-10-19 17:08:46,440 INFO mapred.Merger: Merging 1 sorted segments
2022-10-19 17:08:46,440 INFO mapred.Merger: Down to the last merge-pass, with 1 segments left of total size: 75023594 bytes
2022-10-19 17:08:46,441 INFO mapred.LocalJobRunner: 15 / 15 copied.
2022-10-19 17:08:46,448 INFO streaming.PipeMapRed: PipeMapRed exec [/home/fs70824/trainee20/hadoop_training/MapReduce/./reducer.py]
2022-10-19 17:08:46,449 INFO Configuration.deprecation: mapred.job.tracker is deprecated. Instead, use mapreduce.jobtracker.address
2022-10-19 17:08:46,451 INFO Configuration.deprecation: mapred.map.tasks is deprecated. Instead, use mapreduce.job.maps
2022-10-19 17:08:46,460 INFO streaming.PipeMapRed: R/W/S=1/0/0 in:NA [rec/s] out:NA [rec/s]
2022-10-19 17:08:46,460 INFO streaming.PipeMapRed: R/W/S=10/0/0 in:NA [rec/s] out:NA [rec/s]
2022-10-19 17:08:46,461 INFO streaming.PipeMapRed: R/W/S=100/0/0 in:NA [rec/s] out:NA [rec/s]
2022-10-19 17:08:46,465 INFO streaming.PipeMapRed: R/W/S=1000/0/0 in:NA [rec/s] out:NA [rec/s]
2022-10-19 17:08:46,502 INFO streaming.PipeMapRed: R/W/S=10000/0/0 in:NA [rec/s] out:NA [rec/s]
2022-10-19 17:08:46,602 INFO streaming.PipeMapRed: Records R/W=72754/1
2022-10-19 17:08:46,637 INFO streaming.PipeMapRed: R/W/S=100000/378/0 in:NA [rec/s] out:NA [rec/s]
2022-10-19 17:08:46,785 INFO streaming.PipeMapRed: R/W/S=200000/1463/0 in:NA [rec/s] out:NA [rec/s]
2022-10-19 17:08:46,933 INFO streaming.PipeMapRed: R/W/S=300000/2160/0 in:NA [rec/s] out:NA [rec/s]
2022-10-19 17:08:47,070 INFO streaming.PipeMapRed: R/W/S=400000/2897/0 in:NA [rec/s] out:NA [rec/s]
2022-10-19 17:08:47,223 INFO streaming.PipeMapRed: R/W/S=500000/3624/0 in:NA [rec/s] out:NA [rec/s]
2022-10-19 17:08:47,354 INFO streaming.PipeMapRed: R/W/S=600000/4340/0 in:NA [rec/s] out:NA [rec/s]
2022-10-19 17:08:47,456 INFO streaming.PipeMapRed: R/W/S=700000/5451/0 in:700000=700000/1 [rec/s] out:5451=5451/1 [rec/s]
2022-10-19 17:08:47,604 INFO streaming.PipeMapRed: R/W/S=800000/6235/0 in:800000=800000/1 [rec/s] out:6235=6235/1 [rec/s]
2022-10-19 17:08:47,758 INFO streaming.PipeMapRed: R/W/S=900000/6615/0 in:900000=900000/1 [rec/s] out:6615=6615/1 [rec/s]
2022-10-19 17:08:47,909 INFO streaming.PipeMapRed: R/W/S=1000000/7387/0 in:1000000=1000000/1 [rec/s] out:7387=7387/1 [rec/s]
2022-10-19 17:08:48,033 INFO streaming.PipeMapRed: R/W/S=1100000/8513/0 in:1100000=1100000/1 [rec/s] out:8513=8513/1 [rec/s]
2022-10-19 17:08:48,180 INFO streaming.PipeMapRed: R/W/S=1200000/9256/0 in:1200000=1200000/1 [rec/s] out:9256=9256/1 [rec/s]
2022-10-19 17:08:48,305 INFO streaming.PipeMapRed: R/W/S=1300000/10358/0 in:1300000=1300000/1 [rec/s] out:10358=10358/1 [rec/s]
2022-10-19 17:08:48,436 INFO streaming.PipeMapRed: R/W/S=1400000/11126/0 in:1400000=1400000/1 [rec/s] out:11126=11126/1 [rec/s]
2022-10-19 17:08:48,544 INFO streaming.PipeMapRed: R/W/S=1500000/12238/0 in:750000=1500000/2 [rec/s] out:6119=12238/2 [rec/s]
2022-10-19 17:08:48,687 INFO streaming.PipeMapRed: R/W/S=1600000/12619/0 in:800000=1600000/2 [rec/s] out:6309=12619/2 [rec/s]
2022-10-19 17:08:48,828 INFO streaming.PipeMapRed: R/W/S=1700000/13747/0 in:850000=1700000/2 [rec/s] out:6873=13747/2 [rec/s]
2022-10-19 17:08:48,966 INFO streaming.PipeMapRed: R/W/S=1800000/14842/0 in:900000=1800000/2 [rec/s] out:7421=14842/2 [rec/s]
2022-10-19 17:08:49,112 INFO streaming.PipeMapRed: R/W/S=1900000/15616/0 in:950000=1900000/2 [rec/s] out:7808=15616/2 [rec/s]
2022-10-19 17:08:49,261 INFO streaming.PipeMapRed: R/W/S=2000000/16384/0 in:1000000=2000000/2 [rec/s] out:8192=16384/2 [rec/s]
2022-10-19 17:08:49,411 INFO streaming.PipeMapRed: R/W/S=2100000/17137/0 in:1050000=2100000/2 [rec/s] out:8568=17137/2 [rec/s]
2022-10-19 17:08:49,559 INFO streaming.PipeMapRed: R/W/S=2200000/17929/0 in:733333=2200000/3 [rec/s] out:5976=17929/3 [rec/s]
2022-10-19 17:08:49,712 INFO streaming.PipeMapRed: R/W/S=2300000/18706/0 in:766666=2300000/3 [rec/s] out:6235=18706/3 [rec/s]
2022-10-19 17:08:49,870 INFO streaming.PipeMapRed: R/W/S=2400000/19098/0 in:800000=2400000/3 [rec/s] out:6366=19098/3 [rec/s]
2022-10-19 17:08:50,018 INFO streaming.PipeMapRed: R/W/S=2500000/19834/0 in:833333=2500000/3 [rec/s] out:6611=19834/3 [rec/s]
2022-10-19 17:08:50,170 INFO streaming.PipeMapRed: R/W/S=2600000/20619/0 in:866666=2600000/3 [rec/s] out:6873=20619/3 [rec/s]
2022-10-19 17:08:50,316 INFO streaming.PipeMapRed: R/W/S=2700000/21725/0 in:900000=2700000/3 [rec/s] out:7241=21725/3 [rec/s]
2022-10-19 17:08:50,466 INFO streaming.PipeMapRed: R/W/S=2800000/22486/0 in:700000=2800000/4 [rec/s] out:5621=22486/4 [rec/s]
2022-10-19 17:08:50,574 INFO streaming.PipeMapRed: R/W/S=2900000/23238/0 in:725000=2900000/4 [rec/s] out:5809=23238/4 [rec/s]
2022-10-19 17:08:50,701 INFO streaming.PipeMapRed: MRErrorThread done
2022-10-19 17:08:50,702 INFO streaming.PipeMapRed: mapRedFinished
2022-10-19 17:08:50,704 INFO mapred.Task: Task:attempt_local788793946_0001_r_000000_0 is done. And is in the process of committing
2022-10-19 17:08:50,705 INFO mapred.LocalJobRunner: 15 / 15 copied.
2022-10-19 17:08:50,705 INFO mapred.Task: Task attempt_local788793946_0001_r_000000_0 is allowed to commit now
2022-10-19 17:08:50,711 INFO output.FileOutputCommitter: Saved output of task 'attempt_local788793946_0001_r_000000_0' to file:/home/fs70824/trainee20/hadoop_training/MapReduce/temp
2022-10-19 17:08:50,711 INFO mapred.LocalJobRunner: Records R/W=72754/1 > reduce
2022-10-19 17:08:50,711 INFO mapred.Task: Task 'attempt_local788793946_0001_r_000000_0' done.
2022-10-19 17:08:50,712 INFO mapred.Task: Final Counters for attempt_local788793946_0001_r_000000_0: Counters: 24
	File System Counters
		FILE: Number of bytes read=627468271
		FILE: Number of bytes written=151370213
		FILE: Number of read operations=0
		FILE: Number of large read operations=0
		FILE: Number of write operations=0
	Map-Reduce Framework
		Combine input records=0
		Combine output records=0
		Reduce input groups=31111
		Reduce shuffle bytes=75023712
		Reduce input records=2978401
		Reduce output records=24019
		Spilled Records=2978401
		Shuffled Maps =15
		Failed Shuffles=0
		Merged Map outputs=15
		GC time elapsed (ms)=5
		Total committed heap usage (bytes)=1581252608
	Shuffle Errors
		BAD_ID=0
		CONNECTION=0
		IO_ERROR=0
		WRONG_LENGTH=0
		WRONG_MAP=0
		WRONG_REDUCE=0
	File Output Format Counters 
		Bytes Written=529024
2022-10-19 17:08:50,712 INFO mapred.LocalJobRunner: Finishing task: attempt_local788793946_0001_r_000000_0
2022-10-19 17:08:50,712 INFO mapred.LocalJobRunner: reduce task executor complete.
2022-10-19 17:08:50,732 INFO mapreduce.Job:  map 100% reduce 100%
2022-10-19 17:08:50,732 INFO mapreduce.Job: Job job_local788793946_0001 completed successfully
2022-10-19 17:08:50,746 INFO mapreduce.Job: Counters: 30
	File System Counters
		FILE: Number of bytes read=4630702393
		FILE: Number of bytes written=786702931
		FILE: Number of read operations=0
		FILE: Number of large read operations=0
		FILE: Number of write operations=0
	Map-Reduce Framework
		Map input records=2978401
		Map output records=2978401
		Map output bytes=69066820
		Map output materialized bytes=75023712
		Input split bytes=1770
		Combine input records=0
		Combine output records=0
		Reduce input groups=31111
		Reduce shuffle bytes=75023712
		Reduce input records=2978401
		Reduce output records=24019
		Spilled Records=5956802
		Shuffled Maps =15
		Failed Shuffles=0
		Merged Map outputs=15
		GC time elapsed (ms)=16
		Total committed heap usage (bytes)=25300041728
	Shuffle Errors
		BAD_ID=0
		CONNECTION=0
		IO_ERROR=0
		WRONG_LENGTH=0
		WRONG_MAP=0
		WRONG_REDUCE=0
	File Input Format Counters 
		Bytes Read=477259055
	File Output Format Counters 
		Bytes Written=529024
2022-10-19 17:08:50,746 INFO streaming.StreamJob: Output directory: temp
2022-10-19 17:08:51,909 INFO impl.MetricsConfig: Loaded properties from hadoop-metrics2.properties
2022-10-19 17:08:52,005 INFO impl.MetricsSystemImpl: Scheduled Metric snapshot period at 10 second(s).
2022-10-19 17:08:52,006 INFO impl.MetricsSystemImpl: JobTracker metrics system started
2022-10-19 17:08:52,017 WARN impl.MetricsSystemImpl: JobTracker metrics system already initialized!
2022-10-19 17:08:52,143 INFO mapred.FileInputFormat: Total input files to process : 1
2022-10-19 17:08:52,153 INFO mapreduce.JobSubmitter: number of splits:1
2022-10-19 17:08:52,274 INFO mapreduce.JobSubmitter: Submitting tokens for job: job_local659475969_0001
2022-10-19 17:08:52,274 INFO mapreduce.JobSubmitter: Executing with tokens: []
2022-10-19 17:08:52,472 INFO mapred.LocalDistributedCacheManager: Localized file:/home/fs70824/trainee20/hadoop_training/MapReduce/second_mapper.py as file:/local/hadoop-$USER/mapred/local/job_local659475969_0001_dc6eb850-2c2a-431c-8534-5a95c2d7974a/second_mapper.py
2022-10-19 17:08:52,494 INFO mapred.LocalDistributedCacheManager: Localized file:/home/fs70824/trainee20/hadoop_training/MapReduce/second_reducer.py as file:/local/hadoop-$USER/mapred/local/job_local659475969_0001_6662a538-c6e7-4f67-8946-226041d4cf9d/second_reducer.py
2022-10-19 17:08:52,536 INFO mapreduce.Job: The url to track the job: http://localhost:8080/
2022-10-19 17:08:52,538 INFO mapred.LocalJobRunner: OutputCommitter set in config null
2022-10-19 17:08:52,539 INFO mapreduce.Job: Running job: job_local659475969_0001
2022-10-19 17:08:52,541 INFO mapred.LocalJobRunner: OutputCommitter is org.apache.hadoop.mapred.FileOutputCommitter
2022-10-19 17:08:52,545 INFO output.FileOutputCommitter: File Output Committer Algorithm version is 2
2022-10-19 17:08:52,545 INFO output.FileOutputCommitter: FileOutputCommitter skip cleanup _temporary folders under output directory:false, ignore cleanup failures: false
2022-10-19 17:08:52,579 INFO mapred.LocalJobRunner: Waiting for map tasks
2022-10-19 17:08:52,582 INFO mapred.LocalJobRunner: Starting task: attempt_local659475969_0001_m_000000_0
2022-10-19 17:08:52,606 INFO output.FileOutputCommitter: File Output Committer Algorithm version is 2
2022-10-19 17:08:52,607 INFO output.FileOutputCommitter: FileOutputCommitter skip cleanup _temporary folders under output directory:false, ignore cleanup failures: false
2022-10-19 17:08:52,623 INFO mapred.Task:  Using ResourceCalculatorProcessTree : [ ]
2022-10-19 17:08:52,629 INFO mapred.MapTask: Processing split: file:/home/fs70824/trainee20/hadoop_training/MapReduce/temp/part-00000:0+524912
2022-10-19 17:08:52,640 INFO mapred.MapTask: numReduceTasks: 1
2022-10-19 17:08:52,674 INFO mapred.MapTask: (EQUATOR) 0 kvi 26214396(104857584)
2022-10-19 17:08:52,674 INFO mapred.MapTask: mapreduce.task.io.sort.mb: 100
2022-10-19 17:08:52,674 INFO mapred.MapTask: soft limit at 83886080
2022-10-19 17:08:52,674 INFO mapred.MapTask: bufstart = 0; bufvoid = 104857600
2022-10-19 17:08:52,674 INFO mapred.MapTask: kvstart = 26214396; length = 6553600
2022-10-19 17:08:52,677 INFO mapred.MapTask: Map output collector class = org.apache.hadoop.mapred.MapTask$MapOutputBuffer
2022-10-19 17:08:52,688 INFO streaming.PipeMapRed: PipeMapRed exec [/home/fs70824/trainee20/hadoop_training/MapReduce/./second_mapper.py]
2022-10-19 17:08:52,692 INFO Configuration.deprecation: mapred.work.output.dir is deprecated. Instead, use mapreduce.task.output.dir
2022-10-19 17:08:52,693 INFO Configuration.deprecation: mapred.local.dir is deprecated. Instead, use mapreduce.cluster.local.dir
2022-10-19 17:08:52,693 INFO Configuration.deprecation: map.input.file is deprecated. Instead, use mapreduce.map.input.file
2022-10-19 17:08:52,693 INFO Configuration.deprecation: map.input.length is deprecated. Instead, use mapreduce.map.input.length
2022-10-19 17:08:52,693 INFO Configuration.deprecation: mapred.job.id is deprecated. Instead, use mapreduce.job.id
2022-10-19 17:08:52,693 INFO Configuration.deprecation: mapred.task.partition is deprecated. Instead, use mapreduce.task.partition
2022-10-19 17:08:52,694 INFO Configuration.deprecation: map.input.start is deprecated. Instead, use mapreduce.map.input.start
2022-10-19 17:08:52,694 INFO Configuration.deprecation: mapred.task.is.map is deprecated. Instead, use mapreduce.task.ismap
2022-10-19 17:08:52,694 INFO Configuration.deprecation: mapred.task.id is deprecated. Instead, use mapreduce.task.attempt.id
2022-10-19 17:08:52,694 INFO Configuration.deprecation: mapred.tip.id is deprecated. Instead, use mapreduce.task.id
2022-10-19 17:08:52,695 INFO Configuration.deprecation: mapred.skip.on is deprecated. Instead, use mapreduce.job.skiprecords
2022-10-19 17:08:52,695 INFO Configuration.deprecation: user.name is deprecated. Instead, use mapreduce.job.user.name
2022-10-19 17:08:52,705 INFO streaming.PipeMapRed: R/W/S=1/0/0 in:NA [rec/s] out:NA [rec/s]
2022-10-19 17:08:52,705 INFO streaming.PipeMapRed: R/W/S=10/0/0 in:NA [rec/s] out:NA [rec/s]
2022-10-19 17:08:52,706 INFO streaming.PipeMapRed: R/W/S=100/0/0 in:NA [rec/s] out:NA [rec/s]
2022-10-19 17:08:52,709 INFO streaming.PipeMapRed: R/W/S=1000/0/0 in:NA [rec/s] out:NA [rec/s]
2022-10-19 17:08:52,732 INFO streaming.PipeMapRed: Records R/W=5844/1
2022-10-19 17:08:52,740 INFO streaming.PipeMapRed: R/W/S=10000/1755/0 in:NA [rec/s] out:NA [rec/s]
2022-10-19 17:08:52,775 INFO streaming.PipeMapRed: MRErrorThread done
2022-10-19 17:08:52,776 INFO streaming.PipeMapRed: mapRedFinished
2022-10-19 17:08:52,779 INFO mapred.LocalJobRunner: 
2022-10-19 17:08:52,779 INFO mapred.MapTask: Starting flush of map output
2022-10-19 17:08:52,779 INFO mapred.MapTask: Spilling map output
2022-10-19 17:08:52,779 INFO mapred.MapTask: bufstart = 0; bufend = 380798; bufvoid = 104857600
2022-10-19 17:08:52,779 INFO mapred.MapTask: kvstart = 26214396(104857584); kvend = 26118324(104473296); length = 96073/6553600
2022-10-19 17:08:52,820 INFO mapred.MapTask: Finished spill 0
2022-10-19 17:08:52,829 INFO mapred.Task: Task:attempt_local659475969_0001_m_000000_0 is done. And is in the process of committing
2022-10-19 17:08:52,831 INFO mapred.LocalJobRunner: Records R/W=5844/1
2022-10-19 17:08:52,831 INFO mapred.Task: Task 'attempt_local659475969_0001_m_000000_0' done.
2022-10-19 17:08:52,837 INFO mapred.Task: Final Counters for attempt_local659475969_0001_m_000000_0: Counters: 17
	File System Counters
		FILE: Number of bytes read=672407
		FILE: Number of bytes written=1220306
		FILE: Number of read operations=0
		FILE: Number of large read operations=0
		FILE: Number of write operations=0
	Map-Reduce Framework
		Map input records=24019
		Map output records=24019
		Map output bytes=380798
		Map output materialized bytes=428842
		Input split bytes=122
		Combine input records=0
		Spilled Records=24019
		Failed Shuffles=0
		Merged Map outputs=0
		GC time elapsed (ms)=2
		Total committed heap usage (bytes)=1581252608
	File Input Format Counters 
		Bytes Read=529028
2022-10-19 17:08:52,837 INFO mapred.LocalJobRunner: Finishing task: attempt_local659475969_0001_m_000000_0
2022-10-19 17:08:52,838 INFO mapred.LocalJobRunner: map task executor complete.
2022-10-19 17:08:52,841 INFO mapred.LocalJobRunner: Waiting for reduce tasks
2022-10-19 17:08:52,841 INFO mapred.LocalJobRunner: Starting task: attempt_local659475969_0001_r_000000_0
2022-10-19 17:08:52,849 INFO output.FileOutputCommitter: File Output Committer Algorithm version is 2
2022-10-19 17:08:52,849 INFO output.FileOutputCommitter: FileOutputCommitter skip cleanup _temporary folders under output directory:false, ignore cleanup failures: false
2022-10-19 17:08:52,849 INFO mapred.Task:  Using ResourceCalculatorProcessTree : [ ]
2022-10-19 17:08:52,851 INFO mapred.ReduceTask: Using ShuffleConsumerPlugin: org.apache.hadoop.mapreduce.task.reduce.Shuffle@4cc7bba9
2022-10-19 17:08:52,853 WARN impl.MetricsSystemImpl: JobTracker metrics system already initialized!
2022-10-19 17:08:52,869 INFO reduce.MergeManagerImpl: The max number of bytes for a single in-memory shuffle cannot be larger than Integer.MAX_VALUE. Setting it to Integer.MAX_VALUE
2022-10-19 17:08:52,869 INFO reduce.MergeManagerImpl: MergerManager: memoryLimit=17671860224, maxSingleShuffleLimit=2147483647, mergeThreshold=11663428608, ioSortFactor=10, memToMemMergeOutputsThreshold=10
2022-10-19 17:08:52,871 INFO reduce.EventFetcher: attempt_local659475969_0001_r_000000_0 Thread started: EventFetcher for fetching Map Completion Events
2022-10-19 17:08:52,894 INFO reduce.LocalFetcher: localfetcher#1 about to shuffle output of map attempt_local659475969_0001_m_000000_0 decomp: 428838 len: 428842 to MEMORY
2022-10-19 17:08:52,896 INFO reduce.InMemoryMapOutput: Read 428838 bytes from map-output for attempt_local659475969_0001_m_000000_0
2022-10-19 17:08:52,898 INFO reduce.MergeManagerImpl: closeInMemoryFile -> map-output of size: 428838, inMemoryMapOutputs.size() -> 1, commitMemory -> 0, usedMemory ->428838
2022-10-19 17:08:52,900 INFO reduce.EventFetcher: EventFetcher is interrupted.. Returning
2022-10-19 17:08:52,901 INFO mapred.LocalJobRunner: 1 / 1 copied.
2022-10-19 17:08:52,901 INFO reduce.MergeManagerImpl: finalMerge called with 1 in-memory map-outputs and 0 on-disk map-outputs
2022-10-19 17:08:52,905 INFO mapred.Merger: Merging 1 sorted segments
2022-10-19 17:08:52,905 INFO mapred.Merger: Down to the last merge-pass, with 1 segments left of total size: 428823 bytes
2022-10-19 17:08:52,919 INFO reduce.MergeManagerImpl: Merged 1 segments, 428838 bytes to disk to satisfy reduce memory limit
2022-10-19 17:08:52,919 INFO reduce.MergeManagerImpl: Merging 1 files, 428842 bytes from disk
2022-10-19 17:08:52,919 INFO reduce.MergeManagerImpl: Merging 0 segments, 0 bytes from memory into reduce
2022-10-19 17:08:52,920 INFO mapred.Merger: Merging 1 sorted segments
2022-10-19 17:08:52,920 INFO mapred.Merger: Down to the last merge-pass, with 1 segments left of total size: 428823 bytes
2022-10-19 17:08:52,921 INFO mapred.LocalJobRunner: 1 / 1 copied.
2022-10-19 17:08:52,928 INFO streaming.PipeMapRed: PipeMapRed exec [/home/fs70824/trainee20/hadoop_training/MapReduce/./second_reducer.py]
2022-10-19 17:08:52,930 INFO Configuration.deprecation: mapred.job.tracker is deprecated. Instead, use mapreduce.jobtracker.address
2022-10-19 17:08:52,932 INFO Configuration.deprecation: mapred.map.tasks is deprecated. Instead, use mapreduce.job.maps
2022-10-19 17:08:52,941 INFO streaming.PipeMapRed: R/W/S=1/0/0 in:NA [rec/s] out:NA [rec/s]
2022-10-19 17:08:52,941 INFO streaming.PipeMapRed: R/W/S=10/0/0 in:NA [rec/s] out:NA [rec/s]
2022-10-19 17:08:52,942 INFO streaming.PipeMapRed: R/W/S=100/0/0 in:NA [rec/s] out:NA [rec/s]
2022-10-19 17:08:52,945 INFO streaming.PipeMapRed: R/W/S=1000/0/0 in:NA [rec/s] out:NA [rec/s]
2022-10-19 17:08:52,967 INFO streaming.PipeMapRed: R/W/S=10000/0/0 in:NA [rec/s] out:NA [rec/s]
2022-10-19 17:08:52,990 INFO streaming.PipeMapRed: Records R/W=24019/1
2022-10-19 17:08:52,993 INFO streaming.PipeMapRed: MRErrorThread done
2022-10-19 17:08:52,994 INFO streaming.PipeMapRed: mapRedFinished
2022-10-19 17:08:52,995 INFO mapred.Task: Task:attempt_local659475969_0001_r_000000_0 is done. And is in the process of committing
2022-10-19 17:08:52,995 INFO mapred.LocalJobRunner: 1 / 1 copied.
2022-10-19 17:08:52,996 INFO mapred.Task: Task attempt_local659475969_0001_r_000000_0 is allowed to commit now
2022-10-19 17:08:52,997 INFO output.FileOutputCommitter: Saved output of task 'attempt_local659475969_0001_r_000000_0' to file:/home/fs70824/trainee20/hadoop_training/MapReduce/output
2022-10-19 17:08:52,998 INFO mapred.LocalJobRunner: Records R/W=24019/1 > reduce
2022-10-19 17:08:52,998 INFO mapred.Task: Task 'attempt_local659475969_0001_r_000000_0' done.
2022-10-19 17:08:52,999 INFO mapred.Task: Final Counters for attempt_local659475969_0001_r_000000_0: Counters: 24
	File System Counters
		FILE: Number of bytes read=1530123
		FILE: Number of bytes written=1649525
		FILE: Number of read operations=0
		FILE: Number of large read operations=0
		FILE: Number of write operations=0
	Map-Reduce Framework
		Combine input records=0
		Combine output records=0
		Reduce input groups=168
		Reduce shuffle bytes=428842
		Reduce input records=24019
		Reduce output records=10
		Spilled Records=24019
		Shuffled Maps =1
		Failed Shuffles=0
		Merged Map outputs=1
		GC time elapsed (ms)=0
		Total committed heap usage (bytes)=1581252608
	Shuffle Errors
		BAD_ID=0
		CONNECTION=0
		IO_ERROR=0
		WRONG_LENGTH=0
		WRONG_MAP=0
		WRONG_REDUCE=0
	File Output Format Counters 
		Bytes Written=377
2022-10-19 17:08:52,999 INFO mapred.LocalJobRunner: Finishing task: attempt_local659475969_0001_r_000000_0
2022-10-19 17:08:52,999 INFO mapred.LocalJobRunner: reduce task executor complete.
2022-10-19 17:08:53,544 INFO mapreduce.Job: Job job_local659475969_0001 running in uber mode : false
2022-10-19 17:08:53,545 INFO mapreduce.Job:  map 100% reduce 100%
2022-10-19 17:08:53,546 INFO mapreduce.Job: Job job_local659475969_0001 completed successfully
2022-10-19 17:08:53,554 INFO mapreduce.Job: Counters: 30
	File System Counters
		FILE: Number of bytes read=2202530
		FILE: Number of bytes written=2869831
		FILE: Number of read operations=0
		FILE: Number of large read operations=0
		FILE: Number of write operations=0
	Map-Reduce Framework
		Map input records=24019
		Map output records=24019
		Map output bytes=380798
		Map output materialized bytes=428842
		Input split bytes=122
		Combine input records=0
		Combine output records=0
		Reduce input groups=168
		Reduce shuffle bytes=428842
		Reduce input records=24019
		Reduce output records=10
		Spilled Records=48038
		Shuffled Maps =1
		Failed Shuffles=0
		Merged Map outputs=1
		GC time elapsed (ms)=2
		Total committed heap usage (bytes)=3162505216
	Shuffle Errors
		BAD_ID=0
		CONNECTION=0
		IO_ERROR=0
		WRONG_LENGTH=0
		WRONG_MAP=0
		WRONG_REDUCE=0
	File Input Format Counters 
		Bytes Read=529028
	File Output Format Counters 
		Bytes Written=377
2022-10-19 17:08:53,554 INFO streaming.StreamJob: Output directory: output
